<?xml version="1.0" encoding="UTF-8"?>
<robot generator="Robot 5.0.1 (Python 3.10.4 on win32)" generated="20220530 19:08:27.279" rpa="false" schemaversion="3">
<suite id="s1" name="TC1 GoRestValidation" source="E:\Python\TestRestAPI\TestCases\TC1_GoRestValidation.robot">
<test id="s1-t1" name="TC1:Get_userInfo" line="16">
<kw name="Create Session" library="RequestsLibrary">
<arg>testsession</arg>
<arg>${base_url}</arg>
<doc>Create Session: create a HTTP session to a server</doc>
<msg timestamp="20220530 19:08:27.882" level="INFO">Creating Session using : alias=testsession, url=https://gorest.co.in/public/v2, headers={},                     cookies={}, auth=None, timeout=None, proxies=None, verify=False,                     debug=0 </msg>
<status status="PASS" starttime="20220530 19:08:27.881" endtime="20220530 19:08:27.883"/>
</kw>
<kw name="GET On Session" library="RequestsLibrary">
<var>${response}</var>
<arg>testsession</arg>
<arg>/users</arg>
<doc>Sends a GET request on a previously created HTTP Session.</doc>
<msg timestamp="20220530 19:08:28.040" level="INFO">GET Request : url=https://gorest.co.in/public/v2/users 
 path_url=/public/v2/users 
 headers={'User-Agent': 'python-requests/2.27.1', 'Accept-Encoding': 'gzip, deflate', 'Accept': '*/*', 'Connection': 'keep-alive'} 
 body=None 
 </msg>
<msg timestamp="20220530 19:08:28.040" level="INFO">GET Response : url=https://gorest.co.in/public/v2/users 
 status=200, reason=OK 
 headers={'Server': 'nginx', 'Date': 'Mon, 30 May 2022 13:38:16 GMT', 'Content-Type': 'application/json; charset=utf-8', 'Transfer-Encoding': 'chunked', 'Connection': 'keep-alive', 'Vary': 'Accept-Encoding, Origin', 'X-Frame-Options': 'SAMEORIGIN', 'X-XSS-Protection': '0', 'X-Content-Type-Options': 'nosniff', 'X-Download-Options': 'noopen', 'X-Permitted-Cross-Domain-Policies': 'none', 'Referrer-Policy': 'strict-origin-when-cross-origin', 'X-Pagination-Total': '3845', 'X-Pagination-Pages': '193', 'X-Pagination-Page': '1', 'X-Pagination-Limit': '20', 'X-Links-Previous': '', 'X-Links-Current': 'https://gorest.co.in/public/v2/users?page=1', 'X-Links-Next': 'https://gorest.co.in/public/v2/users?page=2', 'ETag': 'W/"1917eb0e63d003bad6859ec90ba2afb8"', 'Cache-Control': 'max-age=0, private, must-revalidate', 'X-Request-Id': '00dabd8b-4bfb-4832-8e97-5a30c7df715b', 'X-Runtime': '0.009078', 'Strict-Transport-Security': 'max-age=63072000; includeSubDomains', 'Content-Encoding': 'gzip'} 
 body=[{"id":3912,"name":"Bandhu Gill","email":"gill_bandhu@wolf.com","gender":"female","status":"inactive"},{"id":3911,"name":"Chandramauli Chaturvedi","email":"chandramauli_chaturvedi@trantow.com","gender":"female","status":"inactive"},{"id":3910,"name":"Brijesh Iyer","email":"brijesh_iyer@zieme.co","gender":"female","status":"active"},{"id":3909,"name":"Sunita Sethi","email":"sunita_sethi@reichert.co","gender":"male","status":"active"},{"id":3908,"name":"Aayushmaan Tandon","email":"tandon_aayushmaan@hansen.net","gender":"male","status":"active"},{"id":3907,"name":"Suryakanta Devar PhD","email":"phd_devar_suryakanta@rolfson.net","gender":"female","status":"inactive"},{"id":3902,"name":"Leela Dhawan","email":"leela_dhawan@kirlin-purdy.org","gender":"male","status":"inactive"},{"id":3901,"name":"Chandramohan Arora","email":"chandramohan_arora@prohaska.org","gender":"female","status":"inactive"},{"id":3900,"name":"Dhanu Devar","email":"devar_dhanu@dicki.co","gender":"female","status":"active"},{"id":3897,"name":"Anila Dhawan","email":"anila_dhawan@ernser-balistreri.net","gender":"female","status":"inactive"},{"id":3896,"name":"Narinder Guha","email":"narinder_guha@marvin-zieme.org","gender":"male","status":"inactive"},{"id":3895,"name":"Ekaksh Jain VM","email":"vm_jain_ekaksh@labadie.biz","gender":"male","status":"active"},{"id":3894,"name":"Chidambar Guha","email":"guha_chidambar@powlowski.com","gender":"male","status":"inactive"},{"id":3893,"name":"Sanya Prajapat","email":"sanya_prajapat@kemmer.biz","gender":"male","status":"inactive"},{"id":3891,"name":"Anwesha Achari","email":"anwesha_achari@abernathy.net","gender":"female","status":"inactive"},{"id":3890,"name":"Rep. Giri Patil","email":"giri_patil_rep@weimann.io","gender":"male","status":"active"},{"id":3889,"name":"Trilokanath Mehra","email":"trilokanath_mehra@abernathy.net","gender":"male","status":"inactive"},{"id":3888,"name":"Lakshmi Embranthiri","email":"lakshmi_embranthiri@bauch-ernser.info","gender":"male","status":"active"},{"id":3887,"name":"Gov. Arindam Sethi","email":"sethi_arindam_gov@johnson-streich.name","gender":"male","status":"inactive"},{"id":3886,"name":"Dandapaani Acharya JD","email":"jd_acharya_dandapaani@ondricka.net","gender":"male","status":"inactive"}] 
 </msg>
<msg timestamp="20220530 19:08:28.041" level="INFO">E:\Python310\lib\site-packages\urllib3\connectionpool.py:1043: InsecureRequestWarning: Unverified HTTPS request is being made to host 'gorest.co.in'. Adding certificate verification is strongly advised. See: https://urllib3.readthedocs.io/en/1.26.x/advanced-usage.html#ssl-warnings
  warnings.warn(</msg>
<msg timestamp="20220530 19:08:28.041" level="INFO">${response} = &lt;Response [200]&gt;</msg>
<status status="PASS" starttime="20220530 19:08:27.884" endtime="20220530 19:08:28.041"/>
</kw>
<kw name="Log To Console" library="BuiltIn">
<arg>${response.status_code}</arg>
<doc>Logs the given message to the console.</doc>
<status status="PASS" starttime="20220530 19:08:28.042" endtime="20220530 19:08:28.044"/>
</kw>
<kw name="Get From Dictionary" library="Collections">
<var>${response_header_value}</var>
<arg>${response.headers}</arg>
<arg>X-Pagination-Limit</arg>
<doc>Returns a value from the given ``dictionary`` based on the given ``key``.</doc>
<msg timestamp="20220530 19:08:28.046" level="INFO">${response_header_value} = 20</msg>
<status status="PASS" starttime="20220530 19:08:28.044" endtime="20220530 19:08:28.046"/>
</kw>
<kw name="To Json" library="RequestsLibrary">
<var>${response_body}</var>
<arg>${response.content}</arg>
<doc>*DEPRECATED* Please use ${resp.json()} instead. Have a look at the improved HTML output as pretty printing replacement.</doc>
<msg timestamp="20220530 19:08:28.047" level="WARN">Keyword 'RequestsLibrary.To Json' is deprecated. Please use ${resp.json()} instead. Have a look at the improved HTML output as pretty printing replacement.</msg>
<msg timestamp="20220530 19:08:28.049" level="INFO">To JSON using : content=[{"id":3912,"name":"Bandhu Gill","email":"gill_bandhu@wolf.com","gender":"female","status":"inactive"},{"id":3911,"name":"Chandramauli Chaturvedi","email":"chandramauli_chaturvedi@trantow.com","gender":"female","status":"inactive"},{"id":3910,"name":"Brijesh Iyer","email":"brijesh_iyer@zieme.co","gender":"female","status":"active"},{"id":3909,"name":"Sunita Sethi","email":"sunita_sethi@reichert.co","gender":"male","status":"active"},{"id":3908,"name":"Aayushmaan Tandon","email":"tandon_aayushmaan@hansen.net","gender":"male","status":"active"},{"id":3907,"name":"Suryakanta Devar PhD","email":"phd_devar_suryakanta@rolfson.net","gender":"female","status":"inactive"},{"id":3902,"name":"Leela Dhawan","email":"leela_dhawan@kirlin-purdy.org","gender":"male","status":"inactive"},{"id":3901,"name":"Chandramohan Arora","email":"chandramohan_arora@prohaska.org","gender":"female","status":"inactive"},{"id":3900,"name":"Dhanu Devar","email":"devar_dhanu@dicki.co","gender":"female","status":"active"},{"id":3897,"name":"Anila Dhawan","email":"anila_dhawan@ernser-balistreri.net","gender":"female","status":"inactive"},{"id":3896,"name":"Narinder Guha","email":"narinder_guha@marvin-zieme.org","gender":"male","status":"inactive"},{"id":3895,"name":"Ekaksh Jain VM","email":"vm_jain_ekaksh@labadie.biz","gender":"male","status":"active"},{"id":3894,"name":"Chidambar Guha","email":"guha_chidambar@powlowski.com","gender":"male","status":"inactive"},{"id":3893,"name":"Sanya Prajapat","email":"sanya_prajapat@kemmer.biz","gender":"male","status":"inactive"},{"id":3891,"name":"Anwesha Achari","email":"anwesha_achari@abernathy.net","gender":"female","status":"inactive"},{"id":3890,"name":"Rep. Giri Patil","email":"giri_patil_rep@weimann.io","gender":"male","status":"active"},{"id":3889,"name":"Trilokanath Mehra","email":"trilokanath_mehra@abernathy.net","gender":"male","status":"inactive"},{"id":3888,"name":"Lakshmi Embranthiri","email":"lakshmi_embranthiri@bauch-ernser.info","gender":"male","status":"active"},{"id":3887,"name":"Gov. Arindam Sethi","email":"sethi_arindam_gov@johnson-streich.name","gender":"male","status":"inactive"},{"id":3886,"name":"Dandapaani Acharya JD","email":"jd_acharya_dandapaani@ondricka.net","gender":"male","status":"inactive"}] </msg>
<msg timestamp="20220530 19:08:28.049" level="INFO">To JSON using : pretty_print=False </msg>
<msg timestamp="20220530 19:08:28.050" level="INFO">${response_body} = [{'id': 3912, 'name': 'Bandhu Gill', 'email': 'gill_bandhu@wolf.com', 'gender': 'female', 'status': 'inactive'}, {'id': 3911, 'name': 'Chandramauli Chaturvedi', 'email': 'chandramauli_chaturvedi@trant...</msg>
<status status="PASS" starttime="20220530 19:08:28.047" endtime="20220530 19:08:28.050"/>
</kw>
<kw name="Validate_Response_Status_Code" library="common_keywords">
<arg>${response}</arg>
<arg>200</arg>
<doc>validate API call status code</doc>
<kw name="Convert To String" library="BuiltIn">
<var>${status_code}</var>
<arg>${response.status_code}</arg>
<doc>Converts the given item to a Unicode string.</doc>
<msg timestamp="20220530 19:08:28.053" level="INFO">${status_code} = 200</msg>
<status status="PASS" starttime="20220530 19:08:28.052" endtime="20220530 19:08:28.053"/>
</kw>
<kw name="Should Be Equal" library="BuiltIn">
<arg>${status_code}</arg>
<arg>${status_code_to_check}</arg>
<doc>Fails if the given objects are unequal.</doc>
<status status="PASS" starttime="20220530 19:08:28.054" endtime="20220530 19:08:28.054"/>
</kw>
<status status="PASS" starttime="20220530 19:08:28.051" endtime="20220530 19:08:28.055"/>
</kw>
<kw name="Get Request" library="RequestsLibrary">
<var>${negative_response_404}</var>
<arg>testsession</arg>
<arg>/user</arg>
<doc>*DEPRECATED* Please use `GET On Session` instead.</doc>
<msg timestamp="20220530 19:08:28.056" level="WARN">Keyword 'RequestsLibrary.Get Request' is deprecated. Please use `GET On Session` instead.</msg>
<msg timestamp="20220530 19:08:28.139" level="INFO">GET Request : url=https://gorest.co.in/public/v2/user 
 path_url=/public/v2/user 
 headers={'User-Agent': 'python-requests/2.27.1', 'Accept-Encoding': 'gzip, deflate', 'Accept': '*/*', 'Connection': 'keep-alive'} 
 body=None 
 </msg>
<msg timestamp="20220530 19:08:28.139" level="INFO">GET Response : url=https://gorest.co.in/public/v2/user 
 status=404, reason=Not Found 
 headers={'Server': 'nginx', 'Date': 'Mon, 30 May 2022 13:38:16 GMT', 'Content-Type': 'text/html; charset=utf-8', 'Transfer-Encoding': 'chunked', 'Connection': 'keep-alive', 'Vary': 'Accept-Encoding, Origin', 'X-Frame-Options': 'SAMEORIGIN', 'X-XSS-Protection': '0', 'X-Content-Type-Options': 'nosniff', 'X-Download-Options': 'noopen', 'X-Permitted-Cross-Domain-Policies': 'none', 'Referrer-Policy': 'strict-origin-when-cross-origin', 'Link': '&lt;/assets/application-2715366c2372d5dfabfa9c9d05a0e84b9c0de17fe12c2d96e07d2db0e218fed2.css&gt;; rel=preload; as=style; nopush', 'Cache-Control': 'no-cache', 'Feature-Policy': "camera 'none'; gyroscope 'none'; microphone 'none'; usb 'none'; fullscreen 'self'", 'Set-Cookie': '_gorest_session=%2Fn2nunXmekT8RYubDb4BEeVIcqQG5%2BeaW1Q%2BpdJx9XmSrYJcKQP6r%2B7nZ1gqk9eqrLmi6YPVyTsT%2BZMWSwuRmaDEditDYkwiG0PtxNM1FXynTgoSPYsUdvzY7lmMDJbrza%2BdJdOH1FXdbdl01Xu5yJ8zCs%2BznTJ4K8BXQ%2BLwIuGFtdBIBGrUg26xFxLixEwoonh0gD6tFxK90jfCaUVZ6F6XEHeh5hVPMAXmBSopNWHJue8HK3UBZ2eJuKLJwgvastDZETd8hiotTbX7hvMAiSqlFssUiw0%3D--2ponIE%2BGrYRa6rFs--ivK2ua0uZkWECF6MR1bkAg%3D%3D; path=/; secure; HttpOnly; SameSite=Lax', 'X-Request-Id': '8ded733d-0ffc-4525-9888-b67d1cc8f604', 'X-Runtime': '0.005590', 'Strict-Transport-Security': 'max-age=63072000; includeSubDomains', 'Content-Encoding': 'gzip'} 
 body=&lt;!DOCTYPE html&gt;&lt;html&gt;&lt;head&gt;&lt;meta charset="utf-8" /&gt;&lt;meta content="width=device-width, initial-scale=1, shrink-to-fit=no" name="viewport" /&gt;&lt;link href="/favicon.ico" rel="icon" type="image/x-icon" /&gt;&lt;title&gt;Page Not Found | GO REST&lt;/title&gt;&lt;meta name="csrf-param" content="authenticity_token" /&gt;
&lt;meta name="csrf-token" content="Tbl9q7Gdq6xtZ9XuAjeaLPBxCSLvBufPMtv-bzspx9JEBPxnkkgm4uUoDoMHlZI2XY44LrxmnCNUi8KGDzibzA" /&gt;&lt;link rel="stylesheet" href="/assets/application-2715366c2372d5dfabfa9c9d05a0e84b9c0de17fe12c2d96e07d2db0e218fed2.css" media="all" data-turbolinks-track="reload" /&gt;&lt;script src="/packs/js/application-84cecc93f869802defaa.js" data-turbolinks-track="reload" defer="defer"&gt;&lt;/script&gt;&lt;script async="true" crossorigin="anonymous" src="https://pagead2.googlesyndication.com/pagead/js/adsbygoogle.js?client=ca-pub-4930099895671899"&gt;&lt;/script&gt;&lt;script async="true" src="https://www.googletagmanager.com/gtag/js?id=G-7KR6VNWHWS"&gt;&lt;/script&gt;&lt;script&gt;window.dataLayer = window.dataLayer || [];function gtag(){dataLayer.push(arguments);}gtag('js', new Date());gtag('config', 'G-7KR6VNWHWS');&lt;/script&gt;&lt;/head&gt;&lt;body&gt;&lt;nav class="navbar navbar-expand-lg navbar-dark bg-dark sticky-top"&gt;&lt;div class="container"&gt;&lt;a class="navbar-brand" href="/"&gt;&lt;i class="fas fa-exchange-alt"&gt;&lt;/i&gt; Go REST&lt;/a&gt;&lt;button aria-controls="AppNavBar" aria-expanded="false" aria-label="Toggle navigation" class="navbar-toggler" data-bs-target="#AppNavBar" data-bs-toggle="collapse" type="button"&gt;&lt;span class="navbar-toggler-icon"&gt;&lt;/span&gt;&lt;/button&gt;&lt;div class="collapse navbar-collapse" id="AppNavBar"&gt;&lt;ul class="navbar-nav ms-auto"&gt;&lt;li class="nav-item"&gt;&lt;a class="nav-link" href="/chandamama-stories"&gt;&lt;i class="fas fa-cloud-moon"&gt;&lt;/i&gt; Chandamama Stories&lt;/a&gt;&lt;/li&gt;&lt;li class="nav-item"&gt;&lt;a class="nav-link" href="/qa"&gt;&lt;i class="fas fa-life-ring"&gt;&lt;/i&gt; Help&lt;/a&gt;&lt;/li&gt;&lt;li class="nav-item"&gt;&lt;a class="nav-link" href="/rest-console"&gt;&lt;i class="fab fa-linux"&gt;&lt;/i&gt; Rest Console&lt;/a&gt;&lt;/li&gt;&lt;li class="nav-item dropdown"&gt;&lt;a aria-expanded="false" class="nav-link dropdown-toggle" data-bs-toggle="dropdown" href="#" id="ToolsDropDown" role="button"&gt;&lt;i class="fas fa-tools"&gt;&lt;/i&gt; Tools&lt;/a&gt;&lt;ul aria-labelledby="ToolsDropDown" class="dropdown-menu"&gt;&lt;li class=""&gt;&lt;a class="dropdown-item" href="/tools/base64-encode-decode"&gt;Base64 Encode/Decode&lt;/a&gt;&lt;/li&gt;&lt;li class=""&gt;&lt;a class="dropdown-item" href="/tools/url-encode-decode"&gt;Url Encode/Decode&lt;/a&gt;&lt;/li&gt;&lt;li class=""&gt;&lt;a class="dropdown-item" href="/tools/gcode-translator"&gt;G-Code Translator&lt;/a&gt;&lt;/li&gt;&lt;/ul&gt;&lt;/li&gt;&lt;li class="nav-item"&gt;&lt;a class="nav-link" href="/consumer/login"&gt;Login&lt;/a&gt;&lt;/li&gt;&lt;/ul&gt;&lt;/div&gt;&lt;/div&gt;&lt;/nav&gt;&lt;div class="container pt-3"&gt;&lt;style type="text/css"&gt;.code-text code {color: #bdbdbd;display: block;}.code-text code b {color: #81a2be;font-weight: 900;}.code-text code em {color: #b294bb;font-style: unset;}.code-text code i {color: #b5bd68;}.code-text code span {color: #f0c674;}&lt;/style&gt;&lt;div class="card text-white border-secondary bg-dark"&gt;&lt;div class="card-header"&gt;&lt;h1 class="card-title text-warning"&gt;&lt;i class="fas fa-ghost text-white slide-right"&gt;&lt;/i&gt; HTTP: Not Found &lt;/h1&gt;&lt;/div&gt;&lt;div class="card-body"&gt;&lt;h3 class="leaad code-text"&gt;&lt;code class="mb-3"&gt;&lt;span&gt;this_page&lt;/span&gt;.&lt;em&gt;not_found&lt;/em&gt; = true&lt;/code&gt;&lt;/h3&gt;&lt;p class="lead code-text"&gt;&lt;code class="mb-2"&gt;&lt;span&gt;if&lt;/span&gt; &lt;b&gt;you_spelt_it_wrong&lt;/b&gt; &lt;br /&gt;&amp;nbsp;&amp;nbsp;&lt;span&gt;try_again&lt;/span&gt;&lt;br /&gt;&lt;/code&gt;&lt;code class="mb-2"&gt;&lt;span&gt;elsif &lt;b&gt;we_screwed_up&lt;/b&gt;&lt;/span&gt; &lt;br /&gt;&amp;nbsp;&amp;nbsp;&lt;em&gt;print&lt;/em&gt; &lt;i&gt;"We're really sorry about that."&lt;/i&gt;&lt;br/&gt;&lt;/code&gt;&lt;code class="mb-2"&gt;&lt;span&gt;end&lt;/span&gt;&lt;/code&gt;&lt;code class="mb-2"&gt;&lt;span&gt;redirect_to&lt;/span&gt; &lt;em&gt;home_page&lt;/em&gt;&lt;/code&gt;&lt;/p&gt;&lt;/div&gt;&lt;/div&gt;&lt;/div&gt;&lt;hr class="mt-5" /&gt;&lt;div class="container"&gt;&lt;div class="footer"&gt;&lt;ul class="list-inline"&gt;&lt;li class="list-inline-item"&gt;&amp;copy; Go Rest 2022&lt;/li&gt;&lt;li class="list-inline-item float-lg-end"&gt;&lt;a href="/privacy-policy"&gt;Privacy Policy&lt;/a&gt;&lt;/li&gt;&lt;li class="list-inline-item float-lg-end me-3"&gt;&lt;a href="/contact-us"&gt;Contact Us&lt;/a&gt;&lt;/li&gt;&lt;/ul&gt;&lt;/div&gt;&lt;/div&gt;&lt;/body&gt;&lt;/html&gt; 
 </msg>
<msg timestamp="20220530 19:08:28.139" level="INFO">E:\Python310\lib\site-packages\urllib3\connectionpool.py:1043: InsecureRequestWarning: Unverified HTTPS request is being made to host 'gorest.co.in'. Adding certificate verification is strongly advised. See: https://urllib3.readthedocs.io/en/1.26.x/advanced-usage.html#ssl-warnings
  warnings.warn(</msg>
<msg timestamp="20220530 19:08:28.140" level="INFO">${negative_response_404} = &lt;Response [404]&gt;</msg>
<status status="PASS" starttime="20220530 19:08:28.055" endtime="20220530 19:08:28.140"/>
</kw>
<kw name="Validate_Response_Status_Code" library="common_keywords">
<arg>${negative_response_404}</arg>
<arg>404</arg>
<doc>validate API call status code</doc>
<kw name="Convert To String" library="BuiltIn">
<var>${status_code}</var>
<arg>${response.status_code}</arg>
<doc>Converts the given item to a Unicode string.</doc>
<msg timestamp="20220530 19:08:28.144" level="INFO">${status_code} = 404</msg>
<status status="PASS" starttime="20220530 19:08:28.142" endtime="20220530 19:08:28.144"/>
</kw>
<kw name="Should Be Equal" library="BuiltIn">
<arg>${status_code}</arg>
<arg>${status_code_to_check}</arg>
<doc>Fails if the given objects are unequal.</doc>
<status status="PASS" starttime="20220530 19:08:28.144" endtime="20220530 19:08:28.144"/>
</kw>
<status status="PASS" starttime="20220530 19:08:28.141" endtime="20220530 19:08:28.145"/>
</kw>
<kw name="Get Request" library="RequestsLibrary">
<var>${negative_response_400}</var>
<arg>testsession</arg>
<arg>/users9a039039;s&lt;!+&gt;</arg>
<doc>*DEPRECATED* Please use `GET On Session` instead.</doc>
<msg timestamp="20220530 19:08:28.146" level="WARN">Keyword 'RequestsLibrary.Get Request' is deprecated. Please use `GET On Session` instead.</msg>
<msg timestamp="20220530 19:08:28.228" level="INFO">GET Request : url=https://gorest.co.in/public/v2/users9a039039;s%3C!+%3E 
 path_url=/public/v2/users9a039039;s%3C!+%3E 
 headers={'User-Agent': 'python-requests/2.27.1', 'Accept-Encoding': 'gzip, deflate', 'Accept': '*/*', 'Connection': 'keep-alive', 'Cookie': '_gorest_session=%2Fn2nunXmekT8RYubDb4BEeVIcqQG5%2BeaW1Q%2BpdJx9XmSrYJcKQP6r%2B7nZ1gqk9eqrLmi6YPVyTsT%2BZMWSwuRmaDEditDYkwiG0PtxNM1FXynTgoSPYsUdvzY7lmMDJbrza%2BdJdOH1FXdbdl01Xu5yJ8zCs%2BznTJ4K8BXQ%2BLwIuGFtdBIBGrUg26xFxLixEwoonh0gD6tFxK90jfCaUVZ6F6XEHeh5hVPMAXmBSopNWHJue8HK3UBZ2eJuKLJwgvastDZETd8hiotTbX7hvMAiSqlFssUiw0%3D--2ponIE%2BGrYRa6rFs--ivK2ua0uZkWECF6MR1bkAg%3D%3D'} 
 body=None 
 </msg>
<msg timestamp="20220530 19:08:28.228" level="INFO">GET Response : url=https://gorest.co.in/public/v2/users9a039039;s%3C!+%3E 
 status=400, reason=Bad Request 
 headers={'Server': 'nginx', 'Date': 'Mon, 30 May 2022 13:38:16 GMT', 'Transfer-Encoding': 'chunked', 'Connection': 'keep-alive'} 
 body=None 
 </msg>
<msg timestamp="20220530 19:08:28.228" level="INFO">E:\Python310\lib\site-packages\urllib3\connectionpool.py:1043: InsecureRequestWarning: Unverified HTTPS request is being made to host 'gorest.co.in'. Adding certificate verification is strongly advised. See: https://urllib3.readthedocs.io/en/1.26.x/advanced-usage.html#ssl-warnings
  warnings.warn(</msg>
<msg timestamp="20220530 19:08:28.229" level="INFO">${negative_response_400} = &lt;Response [400]&gt;</msg>
<status status="PASS" starttime="20220530 19:08:28.145" endtime="20220530 19:08:28.229"/>
</kw>
<kw name="Validate_Response_Status_Code" library="common_keywords">
<arg>${negative_response_400}</arg>
<arg>400</arg>
<doc>validate API call status code</doc>
<kw name="Convert To String" library="BuiltIn">
<var>${status_code}</var>
<arg>${response.status_code}</arg>
<doc>Converts the given item to a Unicode string.</doc>
<msg timestamp="20220530 19:08:28.231" level="INFO">${status_code} = 400</msg>
<status status="PASS" starttime="20220530 19:08:28.230" endtime="20220530 19:08:28.231"/>
</kw>
<kw name="Should Be Equal" library="BuiltIn">
<arg>${status_code}</arg>
<arg>${status_code_to_check}</arg>
<doc>Fails if the given objects are unequal.</doc>
<status status="PASS" starttime="20220530 19:08:28.231" endtime="20220530 19:08:28.232"/>
</kw>
<status status="PASS" starttime="20220530 19:08:28.229" endtime="20220530 19:08:28.232"/>
</kw>
<kw name="Should Be Equal" library="BuiltIn">
<arg>${response_header_value}</arg>
<arg>20</arg>
<doc>Fails if the given objects are unequal.</doc>
<status status="PASS" starttime="20220530 19:08:28.233" endtime="20220530 19:08:28.234"/>
</kw>
<kw name="Validate_Json_Response" library="common_keywords">
<arg>${response_body}</arg>
<arg>${json_elements}</arg>
<doc>validate API JSon response</doc>
<kw name="Log To Console" library="BuiltIn">
<arg>${json_elements}</arg>
<doc>Logs the given message to the console.</doc>
<status status="PASS" starttime="20220530 19:08:28.236" endtime="20220530 19:08:28.237"/>
</kw>
<for flavor="IN">
<var>${jsonValues}</var>
<value>@{response_body}</value>
<iter>
<var name="${jsonValues}">{'id': 3912, 'name': 'Bandhu Gill', 'email': 'gill_bandhu@wolf.com', 'gender': 'female', 'status': 'inactive'}</var>
<for flavor="IN">
<var>${item}</var>
<value>@{json_elements}</value>
<iter>
<var name="${item}">id</var>
<kw name="Should Contain" library="BuiltIn">
<arg>${jsonValues}</arg>
<arg>${item}</arg>
<doc>Fails if ``container`` does not contain ``item`` one or more times.</doc>
<status status="PASS" starttime="20220530 19:08:28.238" endtime="20220530 19:08:28.239"/>
</kw>
<kw name="Should Not Be Empty" library="BuiltIn">
<arg>${jsonValues}.${item}</arg>
<doc>Verifies that the given item is not empty.</doc>
<msg timestamp="20220530 19:08:28.239" level="INFO">Length is 113</msg>
<status status="PASS" starttime="20220530 19:08:28.239" endtime="20220530 19:08:28.240"/>
</kw>
<kw name="Validate Email" library="util">
<var>${email_validation_results}</var>
<arg>${jsonValues}.email</arg>
<msg timestamp="20220530 19:08:28.241" level="INFO">${email_validation_results} = valid</msg>
<status status="PASS" starttime="20220530 19:08:28.240" endtime="20220530 19:08:28.241"/>
</kw>
<kw name="Should Be Equal As Strings" library="BuiltIn">
<arg>${email_validation_results}</arg>
<arg>valid</arg>
<doc>Fails if objects are unequal after converting them to strings.</doc>
<status status="PASS" starttime="20220530 19:08:28.241" endtime="20220530 19:08:28.242"/>
</kw>
<status status="PASS" starttime="20220530 19:08:28.238" endtime="20220530 19:08:28.242"/>
</iter>
<iter>
<var name="${item}">name</var>
<kw name="Should Contain" library="BuiltIn">
<arg>${jsonValues}</arg>
<arg>${item}</arg>
<doc>Fails if ``container`` does not contain ``item`` one or more times.</doc>
<status status="PASS" starttime="20220530 19:08:28.242" endtime="20220530 19:08:28.243"/>
</kw>
<kw name="Should Not Be Empty" library="BuiltIn">
<arg>${jsonValues}.${item}</arg>
<doc>Verifies that the given item is not empty.</doc>
<msg timestamp="20220530 19:08:28.243" level="INFO">Length is 115</msg>
<status status="PASS" starttime="20220530 19:08:28.243" endtime="20220530 19:08:28.243"/>
</kw>
<kw name="Validate Email" library="util">
<var>${email_validation_results}</var>
<arg>${jsonValues}.email</arg>
<msg timestamp="20220530 19:08:28.244" level="INFO">${email_validation_results} = valid</msg>
<status status="PASS" starttime="20220530 19:08:28.244" endtime="20220530 19:08:28.244"/>
</kw>
<kw name="Should Be Equal As Strings" library="BuiltIn">
<arg>${email_validation_results}</arg>
<arg>valid</arg>
<doc>Fails if objects are unequal after converting them to strings.</doc>
<status status="PASS" starttime="20220530 19:08:28.245" endtime="20220530 19:08:28.246"/>
</kw>
<status status="PASS" starttime="20220530 19:08:28.242" endtime="20220530 19:08:28.246"/>
</iter>
<iter>
<var name="${item}">email</var>
<kw name="Should Contain" library="BuiltIn">
<arg>${jsonValues}</arg>
<arg>${item}</arg>
<doc>Fails if ``container`` does not contain ``item`` one or more times.</doc>
<status status="PASS" starttime="20220530 19:08:28.246" endtime="20220530 19:08:28.247"/>
</kw>
<kw name="Should Not Be Empty" library="BuiltIn">
<arg>${jsonValues}.${item}</arg>
<doc>Verifies that the given item is not empty.</doc>
<msg timestamp="20220530 19:08:28.248" level="INFO">Length is 116</msg>
<status status="PASS" starttime="20220530 19:08:28.247" endtime="20220530 19:08:28.248"/>
</kw>
<kw name="Validate Email" library="util">
<var>${email_validation_results}</var>
<arg>${jsonValues}.email</arg>
<msg timestamp="20220530 19:08:28.249" level="INFO">${email_validation_results} = valid</msg>
<status status="PASS" starttime="20220530 19:08:28.248" endtime="20220530 19:08:28.249"/>
</kw>
<kw name="Should Be Equal As Strings" library="BuiltIn">
<arg>${email_validation_results}</arg>
<arg>valid</arg>
<doc>Fails if objects are unequal after converting them to strings.</doc>
<status status="PASS" starttime="20220530 19:08:28.249" endtime="20220530 19:08:28.250"/>
</kw>
<status status="PASS" starttime="20220530 19:08:28.246" endtime="20220530 19:08:28.250"/>
</iter>
<iter>
<var name="${item}">gender</var>
<kw name="Should Contain" library="BuiltIn">
<arg>${jsonValues}</arg>
<arg>${item}</arg>
<doc>Fails if ``container`` does not contain ``item`` one or more times.</doc>
<status status="PASS" starttime="20220530 19:08:28.250" endtime="20220530 19:08:28.251"/>
</kw>
<kw name="Should Not Be Empty" library="BuiltIn">
<arg>${jsonValues}.${item}</arg>
<doc>Verifies that the given item is not empty.</doc>
<msg timestamp="20220530 19:08:28.252" level="INFO">Length is 117</msg>
<status status="PASS" starttime="20220530 19:08:28.251" endtime="20220530 19:08:28.252"/>
</kw>
<kw name="Validate Email" library="util">
<var>${email_validation_results}</var>
<arg>${jsonValues}.email</arg>
<msg timestamp="20220530 19:08:28.253" level="INFO">${email_validation_results} = valid</msg>
<status status="PASS" starttime="20220530 19:08:28.252" endtime="20220530 19:08:28.253"/>
</kw>
<kw name="Should Be Equal As Strings" library="BuiltIn">
<arg>${email_validation_results}</arg>
<arg>valid</arg>
<doc>Fails if objects are unequal after converting them to strings.</doc>
<status status="PASS" starttime="20220530 19:08:28.253" endtime="20220530 19:08:28.254"/>
</kw>
<status status="PASS" starttime="20220530 19:08:28.250" endtime="20220530 19:08:28.254"/>
</iter>
<iter>
<var name="${item}">status</var>
<kw name="Should Contain" library="BuiltIn">
<arg>${jsonValues}</arg>
<arg>${item}</arg>
<doc>Fails if ``container`` does not contain ``item`` one or more times.</doc>
<status status="PASS" starttime="20220530 19:08:28.255" endtime="20220530 19:08:28.255"/>
</kw>
<kw name="Should Not Be Empty" library="BuiltIn">
<arg>${jsonValues}.${item}</arg>
<doc>Verifies that the given item is not empty.</doc>
<msg timestamp="20220530 19:08:28.256" level="INFO">Length is 117</msg>
<status status="PASS" starttime="20220530 19:08:28.255" endtime="20220530 19:08:28.256"/>
</kw>
<kw name="Validate Email" library="util">
<var>${email_validation_results}</var>
<arg>${jsonValues}.email</arg>
<msg timestamp="20220530 19:08:28.257" level="INFO">${email_validation_results} = valid</msg>
<status status="PASS" starttime="20220530 19:08:28.256" endtime="20220530 19:08:28.257"/>
</kw>
<kw name="Should Be Equal As Strings" library="BuiltIn">
<arg>${email_validation_results}</arg>
<arg>valid</arg>
<doc>Fails if objects are unequal after converting them to strings.</doc>
<status status="PASS" starttime="20220530 19:08:28.257" endtime="20220530 19:08:28.258"/>
</kw>
<status status="PASS" starttime="20220530 19:08:28.254" endtime="20220530 19:08:28.258"/>
</iter>
<status status="PASS" starttime="20220530 19:08:28.238" endtime="20220530 19:08:28.258"/>
</for>
<status status="PASS" starttime="20220530 19:08:28.237" endtime="20220530 19:08:28.258"/>
</iter>
<iter>
<var name="${jsonValues}">{'id': 3911, 'name': 'Chandramauli Chaturvedi', 'email': 'chandramauli_chaturvedi@trantow.com', 'gender': 'female', 'status': 'inactive'}</var>
<for flavor="IN">
<var>${item}</var>
<value>@{json_elements}</value>
<iter>
<var name="${item}">id</var>
<kw name="Should Contain" library="BuiltIn">
<arg>${jsonValues}</arg>
<arg>${item}</arg>
<doc>Fails if ``container`` does not contain ``item`` one or more times.</doc>
<status status="PASS" starttime="20220530 19:08:28.259" endtime="20220530 19:08:28.260"/>
</kw>
<kw name="Should Not Be Empty" library="BuiltIn">
<arg>${jsonValues}.${item}</arg>
<doc>Verifies that the given item is not empty.</doc>
<msg timestamp="20220530 19:08:28.260" level="INFO">Length is 140</msg>
<status status="PASS" starttime="20220530 19:08:28.260" endtime="20220530 19:08:28.260"/>
</kw>
<kw name="Validate Email" library="util">
<var>${email_validation_results}</var>
<arg>${jsonValues}.email</arg>
<msg timestamp="20220530 19:08:28.261" level="INFO">${email_validation_results} = valid</msg>
<status status="PASS" starttime="20220530 19:08:28.261" endtime="20220530 19:08:28.261"/>
</kw>
<kw name="Should Be Equal As Strings" library="BuiltIn">
<arg>${email_validation_results}</arg>
<arg>valid</arg>
<doc>Fails if objects are unequal after converting them to strings.</doc>
<status status="PASS" starttime="20220530 19:08:28.262" endtime="20220530 19:08:28.262"/>
</kw>
<status status="PASS" starttime="20220530 19:08:28.259" endtime="20220530 19:08:28.262"/>
</iter>
<iter>
<var name="${item}">name</var>
<kw name="Should Contain" library="BuiltIn">
<arg>${jsonValues}</arg>
<arg>${item}</arg>
<doc>Fails if ``container`` does not contain ``item`` one or more times.</doc>
<status status="PASS" starttime="20220530 19:08:28.263" endtime="20220530 19:08:28.263"/>
</kw>
<kw name="Should Not Be Empty" library="BuiltIn">
<arg>${jsonValues}.${item}</arg>
<doc>Verifies that the given item is not empty.</doc>
<msg timestamp="20220530 19:08:28.264" level="INFO">Length is 142</msg>
<status status="PASS" starttime="20220530 19:08:28.263" endtime="20220530 19:08:28.264"/>
</kw>
<kw name="Validate Email" library="util">
<var>${email_validation_results}</var>
<arg>${jsonValues}.email</arg>
<msg timestamp="20220530 19:08:28.265" level="INFO">${email_validation_results} = valid</msg>
<status status="PASS" starttime="20220530 19:08:28.264" endtime="20220530 19:08:28.265"/>
</kw>
<kw name="Should Be Equal As Strings" library="BuiltIn">
<arg>${email_validation_results}</arg>
<arg>valid</arg>
<doc>Fails if objects are unequal after converting them to strings.</doc>
<status status="PASS" starttime="20220530 19:08:28.265" endtime="20220530 19:08:28.266"/>
</kw>
<status status="PASS" starttime="20220530 19:08:28.262" endtime="20220530 19:08:28.266"/>
</iter>
<iter>
<var name="${item}">email</var>
<kw name="Should Contain" library="BuiltIn">
<arg>${jsonValues}</arg>
<arg>${item}</arg>
<doc>Fails if ``container`` does not contain ``item`` one or more times.</doc>
<status status="PASS" starttime="20220530 19:08:28.266" endtime="20220530 19:08:28.267"/>
</kw>
<kw name="Should Not Be Empty" library="BuiltIn">
<arg>${jsonValues}.${item}</arg>
<doc>Verifies that the given item is not empty.</doc>
<msg timestamp="20220530 19:08:28.268" level="INFO">Length is 143</msg>
<status status="PASS" starttime="20220530 19:08:28.267" endtime="20220530 19:08:28.268"/>
</kw>
<kw name="Validate Email" library="util">
<var>${email_validation_results}</var>
<arg>${jsonValues}.email</arg>
<msg timestamp="20220530 19:08:28.269" level="INFO">${email_validation_results} = valid</msg>
<status status="PASS" starttime="20220530 19:08:28.268" endtime="20220530 19:08:28.269"/>
</kw>
<kw name="Should Be Equal As Strings" library="BuiltIn">
<arg>${email_validation_results}</arg>
<arg>valid</arg>
<doc>Fails if objects are unequal after converting them to strings.</doc>
<status status="PASS" starttime="20220530 19:08:28.269" endtime="20220530 19:08:28.271"/>
</kw>
<status status="PASS" starttime="20220530 19:08:28.266" endtime="20220530 19:08:28.271"/>
</iter>
<iter>
<var name="${item}">gender</var>
<kw name="Should Contain" library="BuiltIn">
<arg>${jsonValues}</arg>
<arg>${item}</arg>
<doc>Fails if ``container`` does not contain ``item`` one or more times.</doc>
<status status="PASS" starttime="20220530 19:08:28.271" endtime="20220530 19:08:28.272"/>
</kw>
<kw name="Should Not Be Empty" library="BuiltIn">
<arg>${jsonValues}.${item}</arg>
<doc>Verifies that the given item is not empty.</doc>
<msg timestamp="20220530 19:08:28.272" level="INFO">Length is 144</msg>
<status status="PASS" starttime="20220530 19:08:28.272" endtime="20220530 19:08:28.272"/>
</kw>
<kw name="Validate Email" library="util">
<var>${email_validation_results}</var>
<arg>${jsonValues}.email</arg>
<msg timestamp="20220530 19:08:28.273" level="INFO">${email_validation_results} = valid</msg>
<status status="PASS" starttime="20220530 19:08:28.273" endtime="20220530 19:08:28.273"/>
</kw>
<kw name="Should Be Equal As Strings" library="BuiltIn">
<arg>${email_validation_results}</arg>
<arg>valid</arg>
<doc>Fails if objects are unequal after converting them to strings.</doc>
<status status="PASS" starttime="20220530 19:08:28.274" endtime="20220530 19:08:28.274"/>
</kw>
<status status="PASS" starttime="20220530 19:08:28.271" endtime="20220530 19:08:28.274"/>
</iter>
<iter>
<var name="${item}">status</var>
<kw name="Should Contain" library="BuiltIn">
<arg>${jsonValues}</arg>
<arg>${item}</arg>
<doc>Fails if ``container`` does not contain ``item`` one or more times.</doc>
<status status="PASS" starttime="20220530 19:08:28.275" endtime="20220530 19:08:28.275"/>
</kw>
<kw name="Should Not Be Empty" library="BuiltIn">
<arg>${jsonValues}.${item}</arg>
<doc>Verifies that the given item is not empty.</doc>
<msg timestamp="20220530 19:08:28.276" level="INFO">Length is 144</msg>
<status status="PASS" starttime="20220530 19:08:28.275" endtime="20220530 19:08:28.276"/>
</kw>
<kw name="Validate Email" library="util">
<var>${email_validation_results}</var>
<arg>${jsonValues}.email</arg>
<msg timestamp="20220530 19:08:28.277" level="INFO">${email_validation_results} = valid</msg>
<status status="PASS" starttime="20220530 19:08:28.276" endtime="20220530 19:08:28.277"/>
</kw>
<kw name="Should Be Equal As Strings" library="BuiltIn">
<arg>${email_validation_results}</arg>
<arg>valid</arg>
<doc>Fails if objects are unequal after converting them to strings.</doc>
<status status="PASS" starttime="20220530 19:08:28.277" endtime="20220530 19:08:28.278"/>
</kw>
<status status="PASS" starttime="20220530 19:08:28.274" endtime="20220530 19:08:28.278"/>
</iter>
<status status="PASS" starttime="20220530 19:08:28.258" endtime="20220530 19:08:28.278"/>
</for>
<status status="PASS" starttime="20220530 19:08:28.258" endtime="20220530 19:08:28.278"/>
</iter>
<iter>
<var name="${jsonValues}">{'id': 3910, 'name': 'Brijesh Iyer', 'email': 'brijesh_iyer@zieme.co', 'gender': 'female', 'status': 'active'}</var>
<for flavor="IN">
<var>${item}</var>
<value>@{json_elements}</value>
<iter>
<var name="${item}">id</var>
<kw name="Should Contain" library="BuiltIn">
<arg>${jsonValues}</arg>
<arg>${item}</arg>
<doc>Fails if ``container`` does not contain ``item`` one or more times.</doc>
<status status="PASS" starttime="20220530 19:08:28.279" endtime="20220530 19:08:28.280"/>
</kw>
<kw name="Should Not Be Empty" library="BuiltIn">
<arg>${jsonValues}.${item}</arg>
<doc>Verifies that the given item is not empty.</doc>
<msg timestamp="20220530 19:08:28.281" level="INFO">Length is 113</msg>
<status status="PASS" starttime="20220530 19:08:28.280" endtime="20220530 19:08:28.281"/>
</kw>
<kw name="Validate Email" library="util">
<var>${email_validation_results}</var>
<arg>${jsonValues}.email</arg>
<msg timestamp="20220530 19:08:28.283" level="INFO">${email_validation_results} = valid</msg>
<status status="PASS" starttime="20220530 19:08:28.282" endtime="20220530 19:08:28.283"/>
</kw>
<kw name="Should Be Equal As Strings" library="BuiltIn">
<arg>${email_validation_results}</arg>
<arg>valid</arg>
<doc>Fails if objects are unequal after converting them to strings.</doc>
<status status="PASS" starttime="20220530 19:08:28.283" endtime="20220530 19:08:28.284"/>
</kw>
<status status="PASS" starttime="20220530 19:08:28.279" endtime="20220530 19:08:28.284"/>
</iter>
<iter>
<var name="${item}">name</var>
<kw name="Should Contain" library="BuiltIn">
<arg>${jsonValues}</arg>
<arg>${item}</arg>
<doc>Fails if ``container`` does not contain ``item`` one or more times.</doc>
<status status="PASS" starttime="20220530 19:08:28.284" endtime="20220530 19:08:28.285"/>
</kw>
<kw name="Should Not Be Empty" library="BuiltIn">
<arg>${jsonValues}.${item}</arg>
<doc>Verifies that the given item is not empty.</doc>
<msg timestamp="20220530 19:08:28.286" level="INFO">Length is 115</msg>
<status status="PASS" starttime="20220530 19:08:28.285" endtime="20220530 19:08:28.286"/>
</kw>
<kw name="Validate Email" library="util">
<var>${email_validation_results}</var>
<arg>${jsonValues}.email</arg>
<msg timestamp="20220530 19:08:28.287" level="INFO">${email_validation_results} = valid</msg>
<status status="PASS" starttime="20220530 19:08:28.286" endtime="20220530 19:08:28.287"/>
</kw>
<kw name="Should Be Equal As Strings" library="BuiltIn">
<arg>${email_validation_results}</arg>
<arg>valid</arg>
<doc>Fails if objects are unequal after converting them to strings.</doc>
<status status="PASS" starttime="20220530 19:08:28.287" endtime="20220530 19:08:28.287"/>
</kw>
<status status="PASS" starttime="20220530 19:08:28.284" endtime="20220530 19:08:28.288"/>
</iter>
<iter>
<var name="${item}">email</var>
<kw name="Should Contain" library="BuiltIn">
<arg>${jsonValues}</arg>
<arg>${item}</arg>
<doc>Fails if ``container`` does not contain ``item`` one or more times.</doc>
<status status="PASS" starttime="20220530 19:08:28.289" endtime="20220530 19:08:28.292"/>
</kw>
<kw name="Should Not Be Empty" library="BuiltIn">
<arg>${jsonValues}.${item}</arg>
<doc>Verifies that the given item is not empty.</doc>
<msg timestamp="20220530 19:08:28.293" level="INFO">Length is 116</msg>
<status status="PASS" starttime="20220530 19:08:28.292" endtime="20220530 19:08:28.293"/>
</kw>
<kw name="Validate Email" library="util">
<var>${email_validation_results}</var>
<arg>${jsonValues}.email</arg>
<msg timestamp="20220530 19:08:28.294" level="INFO">${email_validation_results} = valid</msg>
<status status="PASS" starttime="20220530 19:08:28.294" endtime="20220530 19:08:28.294"/>
</kw>
<kw name="Should Be Equal As Strings" library="BuiltIn">
<arg>${email_validation_results}</arg>
<arg>valid</arg>
<doc>Fails if objects are unequal after converting them to strings.</doc>
<status status="PASS" starttime="20220530 19:08:28.294" endtime="20220530 19:08:28.295"/>
</kw>
<status status="PASS" starttime="20220530 19:08:28.289" endtime="20220530 19:08:28.295"/>
</iter>
<iter>
<var name="${item}">gender</var>
<kw name="Should Contain" library="BuiltIn">
<arg>${jsonValues}</arg>
<arg>${item}</arg>
<doc>Fails if ``container`` does not contain ``item`` one or more times.</doc>
<status status="PASS" starttime="20220530 19:08:28.295" endtime="20220530 19:08:28.296"/>
</kw>
<kw name="Should Not Be Empty" library="BuiltIn">
<arg>${jsonValues}.${item}</arg>
<doc>Verifies that the given item is not empty.</doc>
<msg timestamp="20220530 19:08:28.297" level="INFO">Length is 117</msg>
<status status="PASS" starttime="20220530 19:08:28.296" endtime="20220530 19:08:28.297"/>
</kw>
<kw name="Validate Email" library="util">
<var>${email_validation_results}</var>
<arg>${jsonValues}.email</arg>
<msg timestamp="20220530 19:08:28.298" level="INFO">${email_validation_results} = valid</msg>
<status status="PASS" starttime="20220530 19:08:28.297" endtime="20220530 19:08:28.298"/>
</kw>
<kw name="Should Be Equal As Strings" library="BuiltIn">
<arg>${email_validation_results}</arg>
<arg>valid</arg>
<doc>Fails if objects are unequal after converting them to strings.</doc>
<status status="PASS" starttime="20220530 19:08:28.298" endtime="20220530 19:08:28.298"/>
</kw>
<status status="PASS" starttime="20220530 19:08:28.295" endtime="20220530 19:08:28.298"/>
</iter>
<iter>
<var name="${item}">status</var>
<kw name="Should Contain" library="BuiltIn">
<arg>${jsonValues}</arg>
<arg>${item}</arg>
<doc>Fails if ``container`` does not contain ``item`` one or more times.</doc>
<status status="PASS" starttime="20220530 19:08:28.299" endtime="20220530 19:08:28.299"/>
</kw>
<kw name="Should Not Be Empty" library="BuiltIn">
<arg>${jsonValues}.${item}</arg>
<doc>Verifies that the given item is not empty.</doc>
<msg timestamp="20220530 19:08:28.300" level="INFO">Length is 117</msg>
<status status="PASS" starttime="20220530 19:08:28.300" endtime="20220530 19:08:28.300"/>
</kw>
<kw name="Validate Email" library="util">
<var>${email_validation_results}</var>
<arg>${jsonValues}.email</arg>
<msg timestamp="20220530 19:08:28.301" level="INFO">${email_validation_results} = valid</msg>
<status status="PASS" starttime="20220530 19:08:28.301" endtime="20220530 19:08:28.302"/>
</kw>
<kw name="Should Be Equal As Strings" library="BuiltIn">
<arg>${email_validation_results}</arg>
<arg>valid</arg>
<doc>Fails if objects are unequal after converting them to strings.</doc>
<status status="PASS" starttime="20220530 19:08:28.302" endtime="20220530 19:08:28.302"/>
</kw>
<status status="PASS" starttime="20220530 19:08:28.299" endtime="20220530 19:08:28.303"/>
</iter>
<status status="PASS" starttime="20220530 19:08:28.278" endtime="20220530 19:08:28.303"/>
</for>
<status status="PASS" starttime="20220530 19:08:28.278" endtime="20220530 19:08:28.303"/>
</iter>
<iter>
<var name="${jsonValues}">{'id': 3909, 'name': 'Sunita Sethi', 'email': 'sunita_sethi@reichert.co', 'gender': 'male', 'status': 'active'}</var>
<for flavor="IN">
<var>${item}</var>
<value>@{json_elements}</value>
<iter>
<var name="${item}">id</var>
<kw name="Should Contain" library="BuiltIn">
<arg>${jsonValues}</arg>
<arg>${item}</arg>
<doc>Fails if ``container`` does not contain ``item`` one or more times.</doc>
<status status="PASS" starttime="20220530 19:08:28.304" endtime="20220530 19:08:28.305"/>
</kw>
<kw name="Should Not Be Empty" library="BuiltIn">
<arg>${jsonValues}.${item}</arg>
<doc>Verifies that the given item is not empty.</doc>
<msg timestamp="20220530 19:08:28.305" level="INFO">Length is 114</msg>
<status status="PASS" starttime="20220530 19:08:28.305" endtime="20220530 19:08:28.305"/>
</kw>
<kw name="Validate Email" library="util">
<var>${email_validation_results}</var>
<arg>${jsonValues}.email</arg>
<msg timestamp="20220530 19:08:28.306" level="INFO">${email_validation_results} = valid</msg>
<status status="PASS" starttime="20220530 19:08:28.306" endtime="20220530 19:08:28.306"/>
</kw>
<kw name="Should Be Equal As Strings" library="BuiltIn">
<arg>${email_validation_results}</arg>
<arg>valid</arg>
<doc>Fails if objects are unequal after converting them to strings.</doc>
<status status="PASS" starttime="20220530 19:08:28.307" endtime="20220530 19:08:28.307"/>
</kw>
<status status="PASS" starttime="20220530 19:08:28.303" endtime="20220530 19:08:28.307"/>
</iter>
<iter>
<var name="${item}">name</var>
<kw name="Should Contain" library="BuiltIn">
<arg>${jsonValues}</arg>
<arg>${item}</arg>
<doc>Fails if ``container`` does not contain ``item`` one or more times.</doc>
<status status="PASS" starttime="20220530 19:08:28.308" endtime="20220530 19:08:28.308"/>
</kw>
<kw name="Should Not Be Empty" library="BuiltIn">
<arg>${jsonValues}.${item}</arg>
<doc>Verifies that the given item is not empty.</doc>
<msg timestamp="20220530 19:08:28.309" level="INFO">Length is 116</msg>
<status status="PASS" starttime="20220530 19:08:28.309" endtime="20220530 19:08:28.309"/>
</kw>
<kw name="Validate Email" library="util">
<var>${email_validation_results}</var>
<arg>${jsonValues}.email</arg>
<msg timestamp="20220530 19:08:28.310" level="INFO">${email_validation_results} = valid</msg>
<status status="PASS" starttime="20220530 19:08:28.309" endtime="20220530 19:08:28.310"/>
</kw>
<kw name="Should Be Equal As Strings" library="BuiltIn">
<arg>${email_validation_results}</arg>
<arg>valid</arg>
<doc>Fails if objects are unequal after converting them to strings.</doc>
<status status="PASS" starttime="20220530 19:08:28.310" endtime="20220530 19:08:28.311"/>
</kw>
<status status="PASS" starttime="20220530 19:08:28.307" endtime="20220530 19:08:28.311"/>
</iter>
<iter>
<var name="${item}">email</var>
<kw name="Should Contain" library="BuiltIn">
<arg>${jsonValues}</arg>
<arg>${item}</arg>
<doc>Fails if ``container`` does not contain ``item`` one or more times.</doc>
<status status="PASS" starttime="20220530 19:08:28.311" endtime="20220530 19:08:28.312"/>
</kw>
<kw name="Should Not Be Empty" library="BuiltIn">
<arg>${jsonValues}.${item}</arg>
<doc>Verifies that the given item is not empty.</doc>
<msg timestamp="20220530 19:08:28.313" level="INFO">Length is 117</msg>
<status status="PASS" starttime="20220530 19:08:28.312" endtime="20220530 19:08:28.313"/>
</kw>
<kw name="Validate Email" library="util">
<var>${email_validation_results}</var>
<arg>${jsonValues}.email</arg>
<msg timestamp="20220530 19:08:28.314" level="INFO">${email_validation_results} = valid</msg>
<status status="PASS" starttime="20220530 19:08:28.313" endtime="20220530 19:08:28.314"/>
</kw>
<kw name="Should Be Equal As Strings" library="BuiltIn">
<arg>${email_validation_results}</arg>
<arg>valid</arg>
<doc>Fails if objects are unequal after converting them to strings.</doc>
<status status="PASS" starttime="20220530 19:08:28.314" endtime="20220530 19:08:28.315"/>
</kw>
<status status="PASS" starttime="20220530 19:08:28.311" endtime="20220530 19:08:28.315"/>
</iter>
<iter>
<var name="${item}">gender</var>
<kw name="Should Contain" library="BuiltIn">
<arg>${jsonValues}</arg>
<arg>${item}</arg>
<doc>Fails if ``container`` does not contain ``item`` one or more times.</doc>
<status status="PASS" starttime="20220530 19:08:28.315" endtime="20220530 19:08:28.315"/>
</kw>
<kw name="Should Not Be Empty" library="BuiltIn">
<arg>${jsonValues}.${item}</arg>
<doc>Verifies that the given item is not empty.</doc>
<msg timestamp="20220530 19:08:28.316" level="INFO">Length is 118</msg>
<status status="PASS" starttime="20220530 19:08:28.316" endtime="20220530 19:08:28.316"/>
</kw>
<kw name="Validate Email" library="util">
<var>${email_validation_results}</var>
<arg>${jsonValues}.email</arg>
<msg timestamp="20220530 19:08:28.317" level="INFO">${email_validation_results} = valid</msg>
<status status="PASS" starttime="20220530 19:08:28.316" endtime="20220530 19:08:28.317"/>
</kw>
<kw name="Should Be Equal As Strings" library="BuiltIn">
<arg>${email_validation_results}</arg>
<arg>valid</arg>
<doc>Fails if objects are unequal after converting them to strings.</doc>
<status status="PASS" starttime="20220530 19:08:28.317" endtime="20220530 19:08:28.318"/>
</kw>
<status status="PASS" starttime="20220530 19:08:28.315" endtime="20220530 19:08:28.318"/>
</iter>
<iter>
<var name="${item}">status</var>
<kw name="Should Contain" library="BuiltIn">
<arg>${jsonValues}</arg>
<arg>${item}</arg>
<doc>Fails if ``container`` does not contain ``item`` one or more times.</doc>
<status status="PASS" starttime="20220530 19:08:28.319" endtime="20220530 19:08:28.319"/>
</kw>
<kw name="Should Not Be Empty" library="BuiltIn">
<arg>${jsonValues}.${item}</arg>
<doc>Verifies that the given item is not empty.</doc>
<msg timestamp="20220530 19:08:28.320" level="INFO">Length is 118</msg>
<status status="PASS" starttime="20220530 19:08:28.320" endtime="20220530 19:08:28.320"/>
</kw>
<kw name="Validate Email" library="util">
<var>${email_validation_results}</var>
<arg>${jsonValues}.email</arg>
<msg timestamp="20220530 19:08:28.321" level="INFO">${email_validation_results} = valid</msg>
<status status="PASS" starttime="20220530 19:08:28.321" endtime="20220530 19:08:28.321"/>
</kw>
<kw name="Should Be Equal As Strings" library="BuiltIn">
<arg>${email_validation_results}</arg>
<arg>valid</arg>
<doc>Fails if objects are unequal after converting them to strings.</doc>
<status status="PASS" starttime="20220530 19:08:28.322" endtime="20220530 19:08:28.322"/>
</kw>
<status status="PASS" starttime="20220530 19:08:28.319" endtime="20220530 19:08:28.322"/>
</iter>
<status status="PASS" starttime="20220530 19:08:28.303" endtime="20220530 19:08:28.323"/>
</for>
<status status="PASS" starttime="20220530 19:08:28.303" endtime="20220530 19:08:28.323"/>
</iter>
<iter>
<var name="${jsonValues}">{'id': 3908, 'name': 'Aayushmaan Tandon', 'email': 'tandon_aayushmaan@hansen.net', 'gender': 'male', 'status': 'active'}</var>
<for flavor="IN">
<var>${item}</var>
<value>@{json_elements}</value>
<iter>
<var name="${item}">id</var>
<kw name="Should Contain" library="BuiltIn">
<arg>${jsonValues}</arg>
<arg>${item}</arg>
<doc>Fails if ``container`` does not contain ``item`` one or more times.</doc>
<status status="PASS" starttime="20220530 19:08:28.324" endtime="20220530 19:08:28.325"/>
</kw>
<kw name="Should Not Be Empty" library="BuiltIn">
<arg>${jsonValues}.${item}</arg>
<doc>Verifies that the given item is not empty.</doc>
<msg timestamp="20220530 19:08:28.325" level="INFO">Length is 123</msg>
<status status="PASS" starttime="20220530 19:08:28.325" endtime="20220530 19:08:28.326"/>
</kw>
<kw name="Validate Email" library="util">
<var>${email_validation_results}</var>
<arg>${jsonValues}.email</arg>
<msg timestamp="20220530 19:08:28.326" level="INFO">${email_validation_results} = valid</msg>
<status status="PASS" starttime="20220530 19:08:28.326" endtime="20220530 19:08:28.326"/>
</kw>
<kw name="Should Be Equal As Strings" library="BuiltIn">
<arg>${email_validation_results}</arg>
<arg>valid</arg>
<doc>Fails if objects are unequal after converting them to strings.</doc>
<status status="PASS" starttime="20220530 19:08:28.327" endtime="20220530 19:08:28.328"/>
</kw>
<status status="PASS" starttime="20220530 19:08:28.323" endtime="20220530 19:08:28.328"/>
</iter>
<iter>
<var name="${item}">name</var>
<kw name="Should Contain" library="BuiltIn">
<arg>${jsonValues}</arg>
<arg>${item}</arg>
<doc>Fails if ``container`` does not contain ``item`` one or more times.</doc>
<status status="PASS" starttime="20220530 19:08:28.329" endtime="20220530 19:08:28.330"/>
</kw>
<kw name="Should Not Be Empty" library="BuiltIn">
<arg>${jsonValues}.${item}</arg>
<doc>Verifies that the given item is not empty.</doc>
<msg timestamp="20220530 19:08:28.331" level="INFO">Length is 125</msg>
<status status="PASS" starttime="20220530 19:08:28.331" endtime="20220530 19:08:28.331"/>
</kw>
<kw name="Validate Email" library="util">
<var>${email_validation_results}</var>
<arg>${jsonValues}.email</arg>
<msg timestamp="20220530 19:08:28.332" level="INFO">${email_validation_results} = valid</msg>
<status status="PASS" starttime="20220530 19:08:28.332" endtime="20220530 19:08:28.332"/>
</kw>
<kw name="Should Be Equal As Strings" library="BuiltIn">
<arg>${email_validation_results}</arg>
<arg>valid</arg>
<doc>Fails if objects are unequal after converting them to strings.</doc>
<status status="PASS" starttime="20220530 19:08:28.333" endtime="20220530 19:08:28.333"/>
</kw>
<status status="PASS" starttime="20220530 19:08:28.329" endtime="20220530 19:08:28.333"/>
</iter>
<iter>
<var name="${item}">email</var>
<kw name="Should Contain" library="BuiltIn">
<arg>${jsonValues}</arg>
<arg>${item}</arg>
<doc>Fails if ``container`` does not contain ``item`` one or more times.</doc>
<status status="PASS" starttime="20220530 19:08:28.334" endtime="20220530 19:08:28.335"/>
</kw>
<kw name="Should Not Be Empty" library="BuiltIn">
<arg>${jsonValues}.${item}</arg>
<doc>Verifies that the given item is not empty.</doc>
<msg timestamp="20220530 19:08:28.337" level="INFO">Length is 126</msg>
<status status="PASS" starttime="20220530 19:08:28.336" endtime="20220530 19:08:28.337"/>
</kw>
<kw name="Validate Email" library="util">
<var>${email_validation_results}</var>
<arg>${jsonValues}.email</arg>
<msg timestamp="20220530 19:08:28.338" level="INFO">${email_validation_results} = valid</msg>
<status status="PASS" starttime="20220530 19:08:28.337" endtime="20220530 19:08:28.338"/>
</kw>
<kw name="Should Be Equal As Strings" library="BuiltIn">
<arg>${email_validation_results}</arg>
<arg>valid</arg>
<doc>Fails if objects are unequal after converting them to strings.</doc>
<status status="PASS" starttime="20220530 19:08:28.338" endtime="20220530 19:08:28.339"/>
</kw>
<status status="PASS" starttime="20220530 19:08:28.334" endtime="20220530 19:08:28.339"/>
</iter>
<iter>
<var name="${item}">gender</var>
<kw name="Should Contain" library="BuiltIn">
<arg>${jsonValues}</arg>
<arg>${item}</arg>
<doc>Fails if ``container`` does not contain ``item`` one or more times.</doc>
<status status="PASS" starttime="20220530 19:08:28.339" endtime="20220530 19:08:28.340"/>
</kw>
<kw name="Should Not Be Empty" library="BuiltIn">
<arg>${jsonValues}.${item}</arg>
<doc>Verifies that the given item is not empty.</doc>
<msg timestamp="20220530 19:08:28.341" level="INFO">Length is 127</msg>
<status status="PASS" starttime="20220530 19:08:28.340" endtime="20220530 19:08:28.341"/>
</kw>
<kw name="Validate Email" library="util">
<var>${email_validation_results}</var>
<arg>${jsonValues}.email</arg>
<msg timestamp="20220530 19:08:28.342" level="INFO">${email_validation_results} = valid</msg>
<status status="PASS" starttime="20220530 19:08:28.341" endtime="20220530 19:08:28.342"/>
</kw>
<kw name="Should Be Equal As Strings" library="BuiltIn">
<arg>${email_validation_results}</arg>
<arg>valid</arg>
<doc>Fails if objects are unequal after converting them to strings.</doc>
<status status="PASS" starttime="20220530 19:08:28.342" endtime="20220530 19:08:28.343"/>
</kw>
<status status="PASS" starttime="20220530 19:08:28.339" endtime="20220530 19:08:28.343"/>
</iter>
<iter>
<var name="${item}">status</var>
<kw name="Should Contain" library="BuiltIn">
<arg>${jsonValues}</arg>
<arg>${item}</arg>
<doc>Fails if ``container`` does not contain ``item`` one or more times.</doc>
<status status="PASS" starttime="20220530 19:08:28.343" endtime="20220530 19:08:28.344"/>
</kw>
<kw name="Should Not Be Empty" library="BuiltIn">
<arg>${jsonValues}.${item}</arg>
<doc>Verifies that the given item is not empty.</doc>
<msg timestamp="20220530 19:08:28.344" level="INFO">Length is 127</msg>
<status status="PASS" starttime="20220530 19:08:28.344" endtime="20220530 19:08:28.345"/>
</kw>
<kw name="Validate Email" library="util">
<var>${email_validation_results}</var>
<arg>${jsonValues}.email</arg>
<msg timestamp="20220530 19:08:28.345" level="INFO">${email_validation_results} = valid</msg>
<status status="PASS" starttime="20220530 19:08:28.345" endtime="20220530 19:08:28.346"/>
</kw>
<kw name="Should Be Equal As Strings" library="BuiltIn">
<arg>${email_validation_results}</arg>
<arg>valid</arg>
<doc>Fails if objects are unequal after converting them to strings.</doc>
<status status="PASS" starttime="20220530 19:08:28.346" endtime="20220530 19:08:28.347"/>
</kw>
<status status="PASS" starttime="20220530 19:08:28.343" endtime="20220530 19:08:28.347"/>
</iter>
<status status="PASS" starttime="20220530 19:08:28.323" endtime="20220530 19:08:28.347"/>
</for>
<status status="PASS" starttime="20220530 19:08:28.323" endtime="20220530 19:08:28.347"/>
</iter>
<iter>
<var name="${jsonValues}">{'id': 3907, 'name': 'Suryakanta Devar PhD', 'email': 'phd_devar_suryakanta@rolfson.net', 'gender': 'female', 'status': 'inactive'}</var>
<for flavor="IN">
<var>${item}</var>
<value>@{json_elements}</value>
<iter>
<var name="${item}">id</var>
<kw name="Should Contain" library="BuiltIn">
<arg>${jsonValues}</arg>
<arg>${item}</arg>
<doc>Fails if ``container`` does not contain ``item`` one or more times.</doc>
<status status="PASS" starttime="20220530 19:08:28.348" endtime="20220530 19:08:28.349"/>
</kw>
<kw name="Should Not Be Empty" library="BuiltIn">
<arg>${jsonValues}.${item}</arg>
<doc>Verifies that the given item is not empty.</doc>
<msg timestamp="20220530 19:08:28.350" level="INFO">Length is 134</msg>
<status status="PASS" starttime="20220530 19:08:28.349" endtime="20220530 19:08:28.350"/>
</kw>
<kw name="Validate Email" library="util">
<var>${email_validation_results}</var>
<arg>${jsonValues}.email</arg>
<msg timestamp="20220530 19:08:28.351" level="INFO">${email_validation_results} = valid</msg>
<status status="PASS" starttime="20220530 19:08:28.350" endtime="20220530 19:08:28.351"/>
</kw>
<kw name="Should Be Equal As Strings" library="BuiltIn">
<arg>${email_validation_results}</arg>
<arg>valid</arg>
<doc>Fails if objects are unequal after converting them to strings.</doc>
<status status="PASS" starttime="20220530 19:08:28.351" endtime="20220530 19:08:28.352"/>
</kw>
<status status="PASS" starttime="20220530 19:08:28.348" endtime="20220530 19:08:28.352"/>
</iter>
<iter>
<var name="${item}">name</var>
<kw name="Should Contain" library="BuiltIn">
<arg>${jsonValues}</arg>
<arg>${item}</arg>
<doc>Fails if ``container`` does not contain ``item`` one or more times.</doc>
<status status="PASS" starttime="20220530 19:08:28.352" endtime="20220530 19:08:28.353"/>
</kw>
<kw name="Should Not Be Empty" library="BuiltIn">
<arg>${jsonValues}.${item}</arg>
<doc>Verifies that the given item is not empty.</doc>
<msg timestamp="20220530 19:08:28.354" level="INFO">Length is 136</msg>
<status status="PASS" starttime="20220530 19:08:28.353" endtime="20220530 19:08:28.354"/>
</kw>
<kw name="Validate Email" library="util">
<var>${email_validation_results}</var>
<arg>${jsonValues}.email</arg>
<msg timestamp="20220530 19:08:28.355" level="INFO">${email_validation_results} = valid</msg>
<status status="PASS" starttime="20220530 19:08:28.354" endtime="20220530 19:08:28.355"/>
</kw>
<kw name="Should Be Equal As Strings" library="BuiltIn">
<arg>${email_validation_results}</arg>
<arg>valid</arg>
<doc>Fails if objects are unequal after converting them to strings.</doc>
<status status="PASS" starttime="20220530 19:08:28.355" endtime="20220530 19:08:28.356"/>
</kw>
<status status="PASS" starttime="20220530 19:08:28.352" endtime="20220530 19:08:28.356"/>
</iter>
<iter>
<var name="${item}">email</var>
<kw name="Should Contain" library="BuiltIn">
<arg>${jsonValues}</arg>
<arg>${item}</arg>
<doc>Fails if ``container`` does not contain ``item`` one or more times.</doc>
<status status="PASS" starttime="20220530 19:08:28.356" endtime="20220530 19:08:28.357"/>
</kw>
<kw name="Should Not Be Empty" library="BuiltIn">
<arg>${jsonValues}.${item}</arg>
<doc>Verifies that the given item is not empty.</doc>
<msg timestamp="20220530 19:08:28.358" level="INFO">Length is 137</msg>
<status status="PASS" starttime="20220530 19:08:28.357" endtime="20220530 19:08:28.358"/>
</kw>
<kw name="Validate Email" library="util">
<var>${email_validation_results}</var>
<arg>${jsonValues}.email</arg>
<msg timestamp="20220530 19:08:28.359" level="INFO">${email_validation_results} = valid</msg>
<status status="PASS" starttime="20220530 19:08:28.358" endtime="20220530 19:08:28.359"/>
</kw>
<kw name="Should Be Equal As Strings" library="BuiltIn">
<arg>${email_validation_results}</arg>
<arg>valid</arg>
<doc>Fails if objects are unequal after converting them to strings.</doc>
<status status="PASS" starttime="20220530 19:08:28.359" endtime="20220530 19:08:28.360"/>
</kw>
<status status="PASS" starttime="20220530 19:08:28.356" endtime="20220530 19:08:28.360"/>
</iter>
<iter>
<var name="${item}">gender</var>
<kw name="Should Contain" library="BuiltIn">
<arg>${jsonValues}</arg>
<arg>${item}</arg>
<doc>Fails if ``container`` does not contain ``item`` one or more times.</doc>
<status status="PASS" starttime="20220530 19:08:28.360" endtime="20220530 19:08:28.361"/>
</kw>
<kw name="Should Not Be Empty" library="BuiltIn">
<arg>${jsonValues}.${item}</arg>
<doc>Verifies that the given item is not empty.</doc>
<msg timestamp="20220530 19:08:28.361" level="INFO">Length is 138</msg>
<status status="PASS" starttime="20220530 19:08:28.361" endtime="20220530 19:08:28.362"/>
</kw>
<kw name="Validate Email" library="util">
<var>${email_validation_results}</var>
<arg>${jsonValues}.email</arg>
<msg timestamp="20220530 19:08:28.363" level="INFO">${email_validation_results} = valid</msg>
<status status="PASS" starttime="20220530 19:08:28.362" endtime="20220530 19:08:28.363"/>
</kw>
<kw name="Should Be Equal As Strings" library="BuiltIn">
<arg>${email_validation_results}</arg>
<arg>valid</arg>
<doc>Fails if objects are unequal after converting them to strings.</doc>
<status status="PASS" starttime="20220530 19:08:28.363" endtime="20220530 19:08:28.363"/>
</kw>
<status status="PASS" starttime="20220530 19:08:28.360" endtime="20220530 19:08:28.363"/>
</iter>
<iter>
<var name="${item}">status</var>
<kw name="Should Contain" library="BuiltIn">
<arg>${jsonValues}</arg>
<arg>${item}</arg>
<doc>Fails if ``container`` does not contain ``item`` one or more times.</doc>
<status status="PASS" starttime="20220530 19:08:28.364" endtime="20220530 19:08:28.365"/>
</kw>
<kw name="Should Not Be Empty" library="BuiltIn">
<arg>${jsonValues}.${item}</arg>
<doc>Verifies that the given item is not empty.</doc>
<msg timestamp="20220530 19:08:28.366" level="INFO">Length is 138</msg>
<status status="PASS" starttime="20220530 19:08:28.365" endtime="20220530 19:08:28.366"/>
</kw>
<kw name="Validate Email" library="util">
<var>${email_validation_results}</var>
<arg>${jsonValues}.email</arg>
<msg timestamp="20220530 19:08:28.368" level="INFO">${email_validation_results} = valid</msg>
<status status="PASS" starttime="20220530 19:08:28.366" endtime="20220530 19:08:28.368"/>
</kw>
<kw name="Should Be Equal As Strings" library="BuiltIn">
<arg>${email_validation_results}</arg>
<arg>valid</arg>
<doc>Fails if objects are unequal after converting them to strings.</doc>
<status status="PASS" starttime="20220530 19:08:28.368" endtime="20220530 19:08:28.369"/>
</kw>
<status status="PASS" starttime="20220530 19:08:28.364" endtime="20220530 19:08:28.369"/>
</iter>
<status status="PASS" starttime="20220530 19:08:28.347" endtime="20220530 19:08:28.369"/>
</for>
<status status="PASS" starttime="20220530 19:08:28.347" endtime="20220530 19:08:28.369"/>
</iter>
<iter>
<var name="${jsonValues}">{'id': 3902, 'name': 'Leela Dhawan', 'email': 'leela_dhawan@kirlin-purdy.org', 'gender': 'male', 'status': 'inactive'}</var>
<for flavor="IN">
<var>${item}</var>
<value>@{json_elements}</value>
<iter>
<var name="${item}">id</var>
<kw name="Should Contain" library="BuiltIn">
<arg>${jsonValues}</arg>
<arg>${item}</arg>
<doc>Fails if ``container`` does not contain ``item`` one or more times.</doc>
<status status="PASS" starttime="20220530 19:08:28.370" endtime="20220530 19:08:28.371"/>
</kw>
<kw name="Should Not Be Empty" library="BuiltIn">
<arg>${jsonValues}.${item}</arg>
<doc>Verifies that the given item is not empty.</doc>
<msg timestamp="20220530 19:08:28.371" level="INFO">Length is 121</msg>
<status status="PASS" starttime="20220530 19:08:28.371" endtime="20220530 19:08:28.372"/>
</kw>
<kw name="Validate Email" library="util">
<var>${email_validation_results}</var>
<arg>${jsonValues}.email</arg>
<msg timestamp="20220530 19:08:28.372" level="INFO">${email_validation_results} = valid</msg>
<status status="PASS" starttime="20220530 19:08:28.372" endtime="20220530 19:08:28.372"/>
</kw>
<kw name="Should Be Equal As Strings" library="BuiltIn">
<arg>${email_validation_results}</arg>
<arg>valid</arg>
<doc>Fails if objects are unequal after converting them to strings.</doc>
<status status="PASS" starttime="20220530 19:08:28.373" endtime="20220530 19:08:28.373"/>
</kw>
<status status="PASS" starttime="20220530 19:08:28.370" endtime="20220530 19:08:28.373"/>
</iter>
<iter>
<var name="${item}">name</var>
<kw name="Should Contain" library="BuiltIn">
<arg>${jsonValues}</arg>
<arg>${item}</arg>
<doc>Fails if ``container`` does not contain ``item`` one or more times.</doc>
<status status="PASS" starttime="20220530 19:08:28.374" endtime="20220530 19:08:28.374"/>
</kw>
<kw name="Should Not Be Empty" library="BuiltIn">
<arg>${jsonValues}.${item}</arg>
<doc>Verifies that the given item is not empty.</doc>
<msg timestamp="20220530 19:08:28.375" level="INFO">Length is 123</msg>
<status status="PASS" starttime="20220530 19:08:28.374" endtime="20220530 19:08:28.375"/>
</kw>
<kw name="Validate Email" library="util">
<var>${email_validation_results}</var>
<arg>${jsonValues}.email</arg>
<msg timestamp="20220530 19:08:28.376" level="INFO">${email_validation_results} = valid</msg>
<status status="PASS" starttime="20220530 19:08:28.375" endtime="20220530 19:08:28.376"/>
</kw>
<kw name="Should Be Equal As Strings" library="BuiltIn">
<arg>${email_validation_results}</arg>
<arg>valid</arg>
<doc>Fails if objects are unequal after converting them to strings.</doc>
<status status="PASS" starttime="20220530 19:08:28.376" endtime="20220530 19:08:28.377"/>
</kw>
<status status="PASS" starttime="20220530 19:08:28.373" endtime="20220530 19:08:28.377"/>
</iter>
<iter>
<var name="${item}">email</var>
<kw name="Should Contain" library="BuiltIn">
<arg>${jsonValues}</arg>
<arg>${item}</arg>
<doc>Fails if ``container`` does not contain ``item`` one or more times.</doc>
<status status="PASS" starttime="20220530 19:08:28.377" endtime="20220530 19:08:28.378"/>
</kw>
<kw name="Should Not Be Empty" library="BuiltIn">
<arg>${jsonValues}.${item}</arg>
<doc>Verifies that the given item is not empty.</doc>
<msg timestamp="20220530 19:08:28.379" level="INFO">Length is 124</msg>
<status status="PASS" starttime="20220530 19:08:28.378" endtime="20220530 19:08:28.379"/>
</kw>
<kw name="Validate Email" library="util">
<var>${email_validation_results}</var>
<arg>${jsonValues}.email</arg>
<msg timestamp="20220530 19:08:28.380" level="INFO">${email_validation_results} = valid</msg>
<status status="PASS" starttime="20220530 19:08:28.379" endtime="20220530 19:08:28.380"/>
</kw>
<kw name="Should Be Equal As Strings" library="BuiltIn">
<arg>${email_validation_results}</arg>
<arg>valid</arg>
<doc>Fails if objects are unequal after converting them to strings.</doc>
<status status="PASS" starttime="20220530 19:08:28.380" endtime="20220530 19:08:28.381"/>
</kw>
<status status="PASS" starttime="20220530 19:08:28.377" endtime="20220530 19:08:28.381"/>
</iter>
<iter>
<var name="${item}">gender</var>
<kw name="Should Contain" library="BuiltIn">
<arg>${jsonValues}</arg>
<arg>${item}</arg>
<doc>Fails if ``container`` does not contain ``item`` one or more times.</doc>
<status status="PASS" starttime="20220530 19:08:28.381" endtime="20220530 19:08:28.382"/>
</kw>
<kw name="Should Not Be Empty" library="BuiltIn">
<arg>${jsonValues}.${item}</arg>
<doc>Verifies that the given item is not empty.</doc>
<msg timestamp="20220530 19:08:28.382" level="INFO">Length is 125</msg>
<status status="PASS" starttime="20220530 19:08:28.382" endtime="20220530 19:08:28.382"/>
</kw>
<kw name="Validate Email" library="util">
<var>${email_validation_results}</var>
<arg>${jsonValues}.email</arg>
<msg timestamp="20220530 19:08:28.383" level="INFO">${email_validation_results} = valid</msg>
<status status="PASS" starttime="20220530 19:08:28.383" endtime="20220530 19:08:28.383"/>
</kw>
<kw name="Should Be Equal As Strings" library="BuiltIn">
<arg>${email_validation_results}</arg>
<arg>valid</arg>
<doc>Fails if objects are unequal after converting them to strings.</doc>
<status status="PASS" starttime="20220530 19:08:28.383" endtime="20220530 19:08:28.384"/>
</kw>
<status status="PASS" starttime="20220530 19:08:28.381" endtime="20220530 19:08:28.384"/>
</iter>
<iter>
<var name="${item}">status</var>
<kw name="Should Contain" library="BuiltIn">
<arg>${jsonValues}</arg>
<arg>${item}</arg>
<doc>Fails if ``container`` does not contain ``item`` one or more times.</doc>
<status status="PASS" starttime="20220530 19:08:28.385" endtime="20220530 19:08:28.385"/>
</kw>
<kw name="Should Not Be Empty" library="BuiltIn">
<arg>${jsonValues}.${item}</arg>
<doc>Verifies that the given item is not empty.</doc>
<msg timestamp="20220530 19:08:28.386" level="INFO">Length is 125</msg>
<status status="PASS" starttime="20220530 19:08:28.385" endtime="20220530 19:08:28.386"/>
</kw>
<kw name="Validate Email" library="util">
<var>${email_validation_results}</var>
<arg>${jsonValues}.email</arg>
<msg timestamp="20220530 19:08:28.386" level="INFO">${email_validation_results} = valid</msg>
<status status="PASS" starttime="20220530 19:08:28.386" endtime="20220530 19:08:28.386"/>
</kw>
<kw name="Should Be Equal As Strings" library="BuiltIn">
<arg>${email_validation_results}</arg>
<arg>valid</arg>
<doc>Fails if objects are unequal after converting them to strings.</doc>
<status status="PASS" starttime="20220530 19:08:28.387" endtime="20220530 19:08:28.388"/>
</kw>
<status status="PASS" starttime="20220530 19:08:28.384" endtime="20220530 19:08:28.388"/>
</iter>
<status status="PASS" starttime="20220530 19:08:28.370" endtime="20220530 19:08:28.388"/>
</for>
<status status="PASS" starttime="20220530 19:08:28.369" endtime="20220530 19:08:28.388"/>
</iter>
<iter>
<var name="${jsonValues}">{'id': 3901, 'name': 'Chandramohan Arora', 'email': 'chandramohan_arora@prohaska.org', 'gender': 'female', 'status': 'inactive'}</var>
<for flavor="IN">
<var>${item}</var>
<value>@{json_elements}</value>
<iter>
<var name="${item}">id</var>
<kw name="Should Contain" library="BuiltIn">
<arg>${jsonValues}</arg>
<arg>${item}</arg>
<doc>Fails if ``container`` does not contain ``item`` one or more times.</doc>
<status status="PASS" starttime="20220530 19:08:28.389" endtime="20220530 19:08:28.390"/>
</kw>
<kw name="Should Not Be Empty" library="BuiltIn">
<arg>${jsonValues}.${item}</arg>
<doc>Verifies that the given item is not empty.</doc>
<msg timestamp="20220530 19:08:28.391" level="INFO">Length is 131</msg>
<status status="PASS" starttime="20220530 19:08:28.390" endtime="20220530 19:08:28.391"/>
</kw>
<kw name="Validate Email" library="util">
<var>${email_validation_results}</var>
<arg>${jsonValues}.email</arg>
<msg timestamp="20220530 19:08:28.392" level="INFO">${email_validation_results} = valid</msg>
<status status="PASS" starttime="20220530 19:08:28.391" endtime="20220530 19:08:28.392"/>
</kw>
<kw name="Should Be Equal As Strings" library="BuiltIn">
<arg>${email_validation_results}</arg>
<arg>valid</arg>
<doc>Fails if objects are unequal after converting them to strings.</doc>
<status status="PASS" starttime="20220530 19:08:28.392" endtime="20220530 19:08:28.393"/>
</kw>
<status status="PASS" starttime="20220530 19:08:28.389" endtime="20220530 19:08:28.393"/>
</iter>
<iter>
<var name="${item}">name</var>
<kw name="Should Contain" library="BuiltIn">
<arg>${jsonValues}</arg>
<arg>${item}</arg>
<doc>Fails if ``container`` does not contain ``item`` one or more times.</doc>
<status status="PASS" starttime="20220530 19:08:28.393" endtime="20220530 19:08:28.394"/>
</kw>
<kw name="Should Not Be Empty" library="BuiltIn">
<arg>${jsonValues}.${item}</arg>
<doc>Verifies that the given item is not empty.</doc>
<msg timestamp="20220530 19:08:28.394" level="INFO">Length is 133</msg>
<status status="PASS" starttime="20220530 19:08:28.394" endtime="20220530 19:08:28.394"/>
</kw>
<kw name="Validate Email" library="util">
<var>${email_validation_results}</var>
<arg>${jsonValues}.email</arg>
<msg timestamp="20220530 19:08:28.395" level="INFO">${email_validation_results} = valid</msg>
<status status="PASS" starttime="20220530 19:08:28.395" endtime="20220530 19:08:28.395"/>
</kw>
<kw name="Should Be Equal As Strings" library="BuiltIn">
<arg>${email_validation_results}</arg>
<arg>valid</arg>
<doc>Fails if objects are unequal after converting them to strings.</doc>
<status status="PASS" starttime="20220530 19:08:28.396" endtime="20220530 19:08:28.396"/>
</kw>
<status status="PASS" starttime="20220530 19:08:28.393" endtime="20220530 19:08:28.396"/>
</iter>
<iter>
<var name="${item}">email</var>
<kw name="Should Contain" library="BuiltIn">
<arg>${jsonValues}</arg>
<arg>${item}</arg>
<doc>Fails if ``container`` does not contain ``item`` one or more times.</doc>
<status status="PASS" starttime="20220530 19:08:28.397" endtime="20220530 19:08:28.397"/>
</kw>
<kw name="Should Not Be Empty" library="BuiltIn">
<arg>${jsonValues}.${item}</arg>
<doc>Verifies that the given item is not empty.</doc>
<msg timestamp="20220530 19:08:28.398" level="INFO">Length is 134</msg>
<status status="PASS" starttime="20220530 19:08:28.398" endtime="20220530 19:08:28.398"/>
</kw>
<kw name="Validate Email" library="util">
<var>${email_validation_results}</var>
<arg>${jsonValues}.email</arg>
<msg timestamp="20220530 19:08:28.399" level="INFO">${email_validation_results} = valid</msg>
<status status="PASS" starttime="20220530 19:08:28.398" endtime="20220530 19:08:28.399"/>
</kw>
<kw name="Should Be Equal As Strings" library="BuiltIn">
<arg>${email_validation_results}</arg>
<arg>valid</arg>
<doc>Fails if objects are unequal after converting them to strings.</doc>
<status status="PASS" starttime="20220530 19:08:28.399" endtime="20220530 19:08:28.400"/>
</kw>
<status status="PASS" starttime="20220530 19:08:28.396" endtime="20220530 19:08:28.400"/>
</iter>
<iter>
<var name="${item}">gender</var>
<kw name="Should Contain" library="BuiltIn">
<arg>${jsonValues}</arg>
<arg>${item}</arg>
<doc>Fails if ``container`` does not contain ``item`` one or more times.</doc>
<status status="PASS" starttime="20220530 19:08:28.400" endtime="20220530 19:08:28.401"/>
</kw>
<kw name="Should Not Be Empty" library="BuiltIn">
<arg>${jsonValues}.${item}</arg>
<doc>Verifies that the given item is not empty.</doc>
<msg timestamp="20220530 19:08:28.402" level="INFO">Length is 135</msg>
<status status="PASS" starttime="20220530 19:08:28.401" endtime="20220530 19:08:28.402"/>
</kw>
<kw name="Validate Email" library="util">
<var>${email_validation_results}</var>
<arg>${jsonValues}.email</arg>
<msg timestamp="20220530 19:08:28.404" level="INFO">${email_validation_results} = valid</msg>
<status status="PASS" starttime="20220530 19:08:28.403" endtime="20220530 19:08:28.404"/>
</kw>
<kw name="Should Be Equal As Strings" library="BuiltIn">
<arg>${email_validation_results}</arg>
<arg>valid</arg>
<doc>Fails if objects are unequal after converting them to strings.</doc>
<status status="PASS" starttime="20220530 19:08:28.404" endtime="20220530 19:08:28.405"/>
</kw>
<status status="PASS" starttime="20220530 19:08:28.400" endtime="20220530 19:08:28.405"/>
</iter>
<iter>
<var name="${item}">status</var>
<kw name="Should Contain" library="BuiltIn">
<arg>${jsonValues}</arg>
<arg>${item}</arg>
<doc>Fails if ``container`` does not contain ``item`` one or more times.</doc>
<status status="PASS" starttime="20220530 19:08:28.405" endtime="20220530 19:08:28.406"/>
</kw>
<kw name="Should Not Be Empty" library="BuiltIn">
<arg>${jsonValues}.${item}</arg>
<doc>Verifies that the given item is not empty.</doc>
<msg timestamp="20220530 19:08:28.407" level="INFO">Length is 135</msg>
<status status="PASS" starttime="20220530 19:08:28.406" endtime="20220530 19:08:28.407"/>
</kw>
<kw name="Validate Email" library="util">
<var>${email_validation_results}</var>
<arg>${jsonValues}.email</arg>
<msg timestamp="20220530 19:08:28.408" level="INFO">${email_validation_results} = valid</msg>
<status status="PASS" starttime="20220530 19:08:28.407" endtime="20220530 19:08:28.408"/>
</kw>
<kw name="Should Be Equal As Strings" library="BuiltIn">
<arg>${email_validation_results}</arg>
<arg>valid</arg>
<doc>Fails if objects are unequal after converting them to strings.</doc>
<status status="PASS" starttime="20220530 19:08:28.408" endtime="20220530 19:08:28.409"/>
</kw>
<status status="PASS" starttime="20220530 19:08:28.405" endtime="20220530 19:08:28.409"/>
</iter>
<status status="PASS" starttime="20220530 19:08:28.388" endtime="20220530 19:08:28.409"/>
</for>
<status status="PASS" starttime="20220530 19:08:28.388" endtime="20220530 19:08:28.409"/>
</iter>
<iter>
<var name="${jsonValues}">{'id': 3900, 'name': 'Dhanu Devar', 'email': 'devar_dhanu@dicki.co', 'gender': 'female', 'status': 'active'}</var>
<for flavor="IN">
<var>${item}</var>
<value>@{json_elements}</value>
<iter>
<var name="${item}">id</var>
<kw name="Should Contain" library="BuiltIn">
<arg>${jsonValues}</arg>
<arg>${item}</arg>
<doc>Fails if ``container`` does not contain ``item`` one or more times.</doc>
<status status="PASS" starttime="20220530 19:08:28.411" endtime="20220530 19:08:28.412"/>
</kw>
<kw name="Should Not Be Empty" library="BuiltIn">
<arg>${jsonValues}.${item}</arg>
<doc>Verifies that the given item is not empty.</doc>
<msg timestamp="20220530 19:08:28.413" level="INFO">Length is 111</msg>
<status status="PASS" starttime="20220530 19:08:28.412" endtime="20220530 19:08:28.413"/>
</kw>
<kw name="Validate Email" library="util">
<var>${email_validation_results}</var>
<arg>${jsonValues}.email</arg>
<msg timestamp="20220530 19:08:28.414" level="INFO">${email_validation_results} = valid</msg>
<status status="PASS" starttime="20220530 19:08:28.413" endtime="20220530 19:08:28.414"/>
</kw>
<kw name="Should Be Equal As Strings" library="BuiltIn">
<arg>${email_validation_results}</arg>
<arg>valid</arg>
<doc>Fails if objects are unequal after converting them to strings.</doc>
<status status="PASS" starttime="20220530 19:08:28.414" endtime="20220530 19:08:28.414"/>
</kw>
<status status="PASS" starttime="20220530 19:08:28.410" endtime="20220530 19:08:28.414"/>
</iter>
<iter>
<var name="${item}">name</var>
<kw name="Should Contain" library="BuiltIn">
<arg>${jsonValues}</arg>
<arg>${item}</arg>
<doc>Fails if ``container`` does not contain ``item`` one or more times.</doc>
<status status="PASS" starttime="20220530 19:08:28.415" endtime="20220530 19:08:28.416"/>
</kw>
<kw name="Should Not Be Empty" library="BuiltIn">
<arg>${jsonValues}.${item}</arg>
<doc>Verifies that the given item is not empty.</doc>
<msg timestamp="20220530 19:08:28.417" level="INFO">Length is 113</msg>
<status status="PASS" starttime="20220530 19:08:28.416" endtime="20220530 19:08:28.417"/>
</kw>
<kw name="Validate Email" library="util">
<var>${email_validation_results}</var>
<arg>${jsonValues}.email</arg>
<msg timestamp="20220530 19:08:28.418" level="INFO">${email_validation_results} = valid</msg>
<status status="PASS" starttime="20220530 19:08:28.417" endtime="20220530 19:08:28.418"/>
</kw>
<kw name="Should Be Equal As Strings" library="BuiltIn">
<arg>${email_validation_results}</arg>
<arg>valid</arg>
<doc>Fails if objects are unequal after converting them to strings.</doc>
<status status="PASS" starttime="20220530 19:08:28.418" endtime="20220530 19:08:28.419"/>
</kw>
<status status="PASS" starttime="20220530 19:08:28.415" endtime="20220530 19:08:28.419"/>
</iter>
<iter>
<var name="${item}">email</var>
<kw name="Should Contain" library="BuiltIn">
<arg>${jsonValues}</arg>
<arg>${item}</arg>
<doc>Fails if ``container`` does not contain ``item`` one or more times.</doc>
[...]
 status=404, reason=Not Found 
 headers={'Server': 'nginx', 'Date': 'Mon, 30 May 2022 13:38:17 GMT', 'Content-Type': 'application/json; charset=utf-8', 'Transfer-Encoding': 'chunked', 'Connection': 'keep-alive', 'Vary': 'Accept-Encoding, Origin', 'X-Frame-Options': 'SAMEORIGIN', 'X-XSS-Protection': '0', 'X-Content-Type-Options': 'nosniff', 'X-Download-Options': 'noopen', 'X-Permitted-Cross-Domain-Policies': 'none', 'Referrer-Policy': 'strict-origin-when-cross-origin', 'X-RateLimit-Limit': '90', 'X-RateLimit-Remaining': '87', 'X-RateLimit-Reset': '3', 'Cache-Control': 'no-cache', 'X-Request-Id': '42d5dd40-5802-4d84-87f3-1824b790163f', 'X-Runtime': '0.016686', 'Strict-Transport-Security': 'max-age=63072000; includeSubDomains', 'Content-Encoding': 'gzip'} 
 body={"message":"Resource not found"} 
 </msg>
<msg timestamp="20220530 19:08:29.432" level="INFO">E:\Python310\lib\site-packages\urllib3\connectionpool.py:1043: InsecureRequestWarning: Unverified HTTPS request is being made to host 'gorest.co.in'. Adding certificate verification is strongly advised. See: https://urllib3.readthedocs.io/en/1.26.x/advanced-usage.html#ssl-warnings
  warnings.warn(</msg>
<msg timestamp="20220530 19:08:29.432" level="INFO">${response} = &lt;Response [404]&gt;</msg>
<status status="PASS" starttime="20220530 19:08:29.362" endtime="20220530 19:08:29.432"/>
</kw>
<kw name="Validate_Response_Status_Code" library="common_keywords">
<arg>${response}</arg>
<arg>404</arg>
<doc>validate API call status code</doc>
<kw name="Convert To String" library="BuiltIn">
<var>${status_code}</var>
<arg>${response.status_code}</arg>
<doc>Converts the given item to a Unicode string.</doc>
<msg timestamp="20220530 19:08:29.436" level="INFO">${status_code} = 404</msg>
<status status="PASS" starttime="20220530 19:08:29.435" endtime="20220530 19:08:29.436"/>
</kw>
<kw name="Should Be Equal" library="BuiltIn">
<arg>${status_code}</arg>
<arg>${status_code_to_check}</arg>
<doc>Fails if the given objects are unequal.</doc>
<status status="PASS" starttime="20220530 19:08:29.436" endtime="20220530 19:08:29.438"/>
</kw>
<status status="PASS" starttime="20220530 19:08:29.433" endtime="20220530 19:08:29.438"/>
</kw>
<kw name="Convert To String" library="BuiltIn">
<var>${response_body}</var>
<arg>${response.content}</arg>
<doc>Converts the given item to a Unicode string.</doc>
<msg timestamp="20220530 19:08:29.440" level="INFO">${response_body} = {"message":"Resource not found"}</msg>
<status status="PASS" starttime="20220530 19:08:29.439" endtime="20220530 19:08:29.440"/>
</kw>
<kw name="Should Contain" library="BuiltIn">
<arg>${response_body}</arg>
<arg>Resource not found</arg>
<doc>Fails if ``container`` does not contain ``item`` one or more times.</doc>
<status status="PASS" starttime="20220530 19:08:29.441" endtime="20220530 19:08:29.442"/>
</kw>
<kw name="Create Dictionary" library="BuiltIn">
<var>${header}</var>
<arg>Authorization=${access_token_invalid}</arg>
<arg>Content-Type=application/json</arg>
<doc>Creates and returns a dictionary based on the given ``items``.</doc>
<msg timestamp="20220530 19:08:29.443" level="INFO">${header} = {'Authorization': 'Bearer 0071a83f4d33aec0f179fdf1476c0d1d6e1e82e6e7050432de18eb6fe3fade7e', 'Content-Type': 'application/json'}</msg>
<status status="PASS" starttime="20220530 19:08:29.442" endtime="20220530 19:08:29.443"/>
</kw>
<kw name="Evaluate" library="BuiltIn">
<var>${numbers}</var>
<arg>random.sample(range(1, 110000), 4)</arg>
<arg>random</arg>
<doc>Evaluates the given expression in Python and returns the result.</doc>
<msg timestamp="20220530 19:08:29.444" level="INFO">${numbers} = [7268, 75584, 24840, 42281]</msg>
<status status="PASS" starttime="20220530 19:08:29.444" endtime="20220530 19:08:29.444"/>
</kw>
<kw name="Create Dictionary" library="BuiltIn">
<var>${post_data}</var>
<arg>name=Raj${numbers[0]}</arg>
<arg>gender=male</arg>
<arg>email=test${numbers[0]}@gmail.com</arg>
<arg>status=active</arg>
<doc>Creates and returns a dictionary based on the given ``items``.</doc>
<msg timestamp="20220530 19:08:29.448" level="INFO">${post_data} = {'name': 'Raj7268', 'gender': 'male', 'email': 'test7268@gmail.com', 'status': 'active'}</msg>
<status status="PASS" starttime="20220530 19:08:29.445" endtime="20220530 19:08:29.448"/>
</kw>
<kw name="Patch Request" library="RequestsLibrary">
<var>${response}</var>
<arg>testsession</arg>
<arg>/users/${customer_id}[0]</arg>
<arg>data=${post_data}</arg>
<arg>headers=${header}</arg>
<doc>*DEPRECATED* Please use `PATCH On Session` instead.</doc>
<msg timestamp="20220530 19:08:29.450" level="WARN">Keyword 'RequestsLibrary.Patch Request' is deprecated. Please use `PATCH On Session` instead.</msg>
<msg timestamp="20220530 19:08:29.518" level="INFO">PATCH Request : url=https://gorest.co.in/public/v2/users/8151 
 path_url=/public/v2/users/8151 
 headers={'User-Agent': 'python-requests/2.27.1', 'Accept-Encoding': 'gzip, deflate', 'Accept': '*/*', 'Connection': 'keep-alive', 'Authorization': 'Bearer 0071a83f4d33aec0f179fdf1476c0d1d6e1e82e6e7050432de18eb6fe3fade7e', 'Content-Type': 'application/json', 'Content-Length': '88'} 
 body={"name": "Raj7268", "gender": "male", "email": "test7268@gmail.com", "status": "active"} 
 </msg>
<msg timestamp="20220530 19:08:29.519" level="INFO">PATCH Response : url=https://gorest.co.in/public/v2/users/8151 
 status=404, reason=Not Found 
 headers={'Server': 'nginx', 'Date': 'Mon, 30 May 2022 13:38:17 GMT', 'Content-Type': 'application/json; charset=utf-8', 'Transfer-Encoding': 'chunked', 'Connection': 'keep-alive', 'Vary': 'Accept-Encoding, Origin', 'X-Frame-Options': 'SAMEORIGIN', 'X-XSS-Protection': '0', 'X-Content-Type-Options': 'nosniff', 'X-Download-Options': 'noopen', 'X-Permitted-Cross-Domain-Policies': 'none', 'Referrer-Policy': 'strict-origin-when-cross-origin', 'Cache-Control': 'no-cache', 'X-Request-Id': '5adce529-dd6f-456e-9af7-363d6049eea3', 'X-Runtime': '0.004544', 'Strict-Transport-Security': 'max-age=63072000; includeSubDomains', 'Content-Encoding': 'gzip'} 
 body={"message":"Resource not found"} 
 </msg>
<msg timestamp="20220530 19:08:29.519" level="INFO">E:\Python310\lib\site-packages\urllib3\connectionpool.py:1043: InsecureRequestWarning: Unverified HTTPS request is being made to host 'gorest.co.in'. Adding certificate verification is strongly advised. See: https://urllib3.readthedocs.io/en/1.26.x/advanced-usage.html#ssl-warnings
  warnings.warn(</msg>
<msg timestamp="20220530 19:08:29.519" level="INFO">${response} = &lt;Response [404]&gt;</msg>
<status status="PASS" starttime="20220530 19:08:29.449" endtime="20220530 19:08:29.519"/>
</kw>
<kw name="Convert To String" library="BuiltIn">
<var>${response_body}</var>
<arg>${response.content}</arg>
<doc>Converts the given item to a Unicode string.</doc>
<msg timestamp="20220530 19:08:29.522" level="INFO">${response_body} = {"message":"Resource not found"}</msg>
<status status="PASS" starttime="20220530 19:08:29.520" endtime="20220530 19:08:29.522"/>
</kw>
<kw name="Validate_Response_Status_Code" library="common_keywords">
<arg>${response}</arg>
<arg>401</arg>
<doc>validate API call status code</doc>
<kw name="Convert To String" library="BuiltIn">
<var>${status_code}</var>
<arg>${response.status_code}</arg>
<doc>Converts the given item to a Unicode string.</doc>
<msg timestamp="20220530 19:08:29.525" level="INFO">${status_code} = 404</msg>
<status status="PASS" starttime="20220530 19:08:29.523" endtime="20220530 19:08:29.525"/>
</kw>
<kw name="Should Be Equal" library="BuiltIn">
<arg>${status_code}</arg>
<arg>${status_code_to_check}</arg>
<doc>Fails if the given objects are unequal.</doc>
<msg timestamp="20220530 19:08:29.527" level="FAIL">404 != 401</msg>
<status status="FAIL" starttime="20220530 19:08:29.525" endtime="20220530 19:08:29.528"/>
</kw>
<status status="FAIL" starttime="20220530 19:08:29.522" endtime="20220530 19:08:29.529"/>
</kw>
<doc>Validate GoRest Patch call</doc>
<tag>GoRestFunctional</tag>
<status status="FAIL" starttime="20220530 19:08:29.178" endtime="20220530 19:08:29.531">404 != 401</status>
</test>
<test id="s1-t4" name="TC4:Delete User" line="117">
<kw name="Create Session" library="RequestsLibrary">
<arg>testsession</arg>
<arg>${base_url}</arg>
<doc>Create Session: create a HTTP session to a server</doc>
<msg timestamp="20220530 19:08:29.535" level="INFO">Creating Session using : alias=testsession, url=https://gorest.co.in/public/v2, headers={},                     cookies={}, auth=None, timeout=None, proxies=None, verify=False,                     debug=0 </msg>
<status status="PASS" starttime="20220530 19:08:29.534" endtime="20220530 19:08:29.535"/>
</kw>
<kw name="Create Dictionary" library="BuiltIn">
<var>${header}</var>
<arg>Authorization=${access_token}</arg>
<arg>Content-Type=application/json</arg>
<doc>Creates and returns a dictionary based on the given ``items``.</doc>
<msg timestamp="20220530 19:08:29.538" level="INFO">${header} = {'Authorization': 'Bearer dd71a83f4d33aec0f179fdf1476c0d1d6e1e82e6e7050432de18eb6fe3fade7e', 'Content-Type': 'application/json'}</msg>
<status status="PASS" starttime="20220530 19:08:29.536" endtime="20220530 19:08:29.538"/>
</kw>
<kw name="Delete Request" library="RequestsLibrary">
<var>${response}</var>
<arg>testsession</arg>
<arg>/users/${customer_id}[0]</arg>
<arg>headers=${header}</arg>
<doc>*DEPRECATED* Please use `DELETE On Session` instead.</doc>
<msg timestamp="20220530 19:08:29.538" level="WARN">Keyword 'RequestsLibrary.Delete Request' is deprecated. Please use `DELETE On Session` instead.</msg>
<msg timestamp="20220530 19:08:29.715" level="INFO">DELETE Request : url=https://gorest.co.in/public/v2/users/8151 
 path_url=/public/v2/users/8151 
 headers={'User-Agent': 'python-requests/2.27.1', 'Accept-Encoding': 'gzip, deflate', 'Accept': '*/*', 'Connection': 'keep-alive', 'Authorization': 'Bearer dd71a83f4d33aec0f179fdf1476c0d1d6e1e82e6e7050432de18eb6fe3fade7e', 'Content-Type': 'application/json', 'Content-Length': '0'} 
 body=None 
 </msg>
<msg timestamp="20220530 19:08:29.715" level="INFO">DELETE Response : url=https://gorest.co.in/public/v2/users/8151 
 status=204, reason=No Content 
 headers={'Server': 'nginx', 'Date': 'Mon, 30 May 2022 13:38:17 GMT', 'Connection': 'keep-alive', 'X-Frame-Options': 'SAMEORIGIN', 'X-XSS-Protection': '0', 'X-Content-Type-Options': 'nosniff', 'X-Download-Options': 'noopen', 'X-Permitted-Cross-Domain-Policies': 'none', 'Referrer-Policy': 'strict-origin-when-cross-origin', 'X-RateLimit-Limit': '90', 'X-RateLimit-Remaining': '86', 'X-RateLimit-Reset': '4', 'Cache-Control': 'no-cache', 'X-Request-Id': '1fb059fa-9035-4fb3-bbdd-6c8250533cca', 'X-Runtime': '0.022875', 'Strict-Transport-Security': 'max-age=63072000; includeSubDomains', 'Vary': 'Origin'} 
 body=None 
 </msg>
<msg timestamp="20220530 19:08:29.716" level="INFO">E:\Python310\lib\site-packages\urllib3\connectionpool.py:1043: InsecureRequestWarning: Unverified HTTPS request is being made to host 'gorest.co.in'. Adding certificate verification is strongly advised. See: https://urllib3.readthedocs.io/en/1.26.x/advanced-usage.html#ssl-warnings
  warnings.warn(</msg>
<msg timestamp="20220530 19:08:29.716" level="INFO">${response} = &lt;Response [204]&gt;</msg>
<status status="PASS" starttime="20220530 19:08:29.538" endtime="20220530 19:08:29.716"/>
</kw>
<kw name="Convert To String" library="BuiltIn">
<var>${response_body}</var>
<arg>${response.content}</arg>
<doc>Converts the given item to a Unicode string.</doc>
<msg timestamp="20220530 19:08:29.718" level="INFO">${response_body} = </msg>
<status status="PASS" starttime="20220530 19:08:29.717" endtime="20220530 19:08:29.718"/>
</kw>
<kw name="Log To Console" library="BuiltIn">
<arg>${response.status_code}</arg>
<doc>Logs the given message to the console.</doc>
<status status="PASS" starttime="20220530 19:08:29.719" endtime="20220530 19:08:29.721"/>
</kw>
<kw name="Log To Console" library="BuiltIn">
<arg>${response.content}</arg>
<doc>Logs the given message to the console.</doc>
<status status="PASS" starttime="20220530 19:08:29.721" endtime="20220530 19:08:29.723"/>
</kw>
<kw name="Validate_Response_Status_Code" library="common_keywords">
<arg>${response}</arg>
<arg>204</arg>
<doc>validate API call status code</doc>
<kw name="Convert To String" library="BuiltIn">
<var>${status_code}</var>
<arg>${response.status_code}</arg>
<doc>Converts the given item to a Unicode string.</doc>
<msg timestamp="20220530 19:08:29.727" level="INFO">${status_code} = 204</msg>
<status status="PASS" starttime="20220530 19:08:29.724" endtime="20220530 19:08:29.727"/>
</kw>
<kw name="Should Be Equal" library="BuiltIn">
<arg>${status_code}</arg>
<arg>${status_code_to_check}</arg>
<doc>Fails if the given objects are unequal.</doc>
<status status="PASS" starttime="20220530 19:08:29.727" endtime="20220530 19:08:29.728"/>
</kw>
<status status="PASS" starttime="20220530 19:08:29.723" endtime="20220530 19:08:29.728"/>
</kw>
<kw name="Create Dictionary" library="BuiltIn">
<var>${header}</var>
<arg>Authorization=${access_token_invalid}</arg>
<arg>Content-Type=application/json</arg>
<doc>Creates and returns a dictionary based on the given ``items``.</doc>
<msg timestamp="20220530 19:08:29.730" level="INFO">${header} = {'Authorization': 'Bearer 0071a83f4d33aec0f179fdf1476c0d1d6e1e82e6e7050432de18eb6fe3fade7e', 'Content-Type': 'application/json'}</msg>
<status status="PASS" starttime="20220530 19:08:29.729" endtime="20220530 19:08:29.730"/>
</kw>
<kw name="Delete Request" library="RequestsLibrary">
<var>${response}</var>
<arg>testsession</arg>
<arg>/users/${customer_id}[0]</arg>
<arg>headers=${header}</arg>
<doc>*DEPRECATED* Please use `DELETE On Session` instead.</doc>
<msg timestamp="20220530 19:08:29.731" level="WARN">Keyword 'RequestsLibrary.Delete Request' is deprecated. Please use `DELETE On Session` instead.</msg>
<msg timestamp="20220530 19:08:29.799" level="INFO">DELETE Request : url=https://gorest.co.in/public/v2/users/8151 
 path_url=/public/v2/users/8151 
 headers={'User-Agent': 'python-requests/2.27.1', 'Accept-Encoding': 'gzip, deflate', 'Accept': '*/*', 'Connection': 'keep-alive', 'Authorization': 'Bearer 0071a83f4d33aec0f179fdf1476c0d1d6e1e82e6e7050432de18eb6fe3fade7e', 'Content-Type': 'application/json', 'Content-Length': '0'} 
 body=None 
 </msg>
<msg timestamp="20220530 19:08:29.799" level="INFO">DELETE Response : url=https://gorest.co.in/public/v2/users/8151 
 status=404, reason=Not Found 
 headers={'Server': 'nginx', 'Date': 'Mon, 30 May 2022 13:38:17 GMT', 'Content-Type': 'application/json; charset=utf-8', 'Transfer-Encoding': 'chunked', 'Connection': 'keep-alive', 'Vary': 'Accept-Encoding, Origin', 'X-Frame-Options': 'SAMEORIGIN', 'X-XSS-Protection': '0', 'X-Content-Type-Options': 'nosniff', 'X-Download-Options': 'noopen', 'X-Permitted-Cross-Domain-Policies': 'none', 'Referrer-Policy': 'strict-origin-when-cross-origin', 'Cache-Control': 'no-cache', 'X-Request-Id': 'b9d0b9ba-a237-48ef-9312-c8fb5dae97f8', 'X-Runtime': '0.004907', 'Strict-Transport-Security': 'max-age=63072000; includeSubDomains', 'Content-Encoding': 'gzip'} 
 body={"message":"Resource not found"} 
 </msg>
<msg timestamp="20220530 19:08:29.799" level="INFO">E:\Python310\lib\site-packages\urllib3\connectionpool.py:1043: InsecureRequestWarning: Unverified HTTPS request is being made to host 'gorest.co.in'. Adding certificate verification is strongly advised. See: https://urllib3.readthedocs.io/en/1.26.x/advanced-usage.html#ssl-warnings
  warnings.warn(</msg>
<msg timestamp="20220530 19:08:29.800" level="INFO">${response} = &lt;Response [404]&gt;</msg>
<status status="PASS" starttime="20220530 19:08:29.731" endtime="20220530 19:08:29.800"/>
</kw>
<kw name="Convert To String" library="BuiltIn">
<var>${response_body}</var>
<arg>${response.content}</arg>
<doc>Converts the given item to a Unicode string.</doc>
<msg timestamp="20220530 19:08:29.805" level="INFO">${response_body} = {"message":"Resource not found"}</msg>
<status status="PASS" starttime="20220530 19:08:29.803" endtime="20220530 19:08:29.805"/>
</kw>
<kw name="Log To Console" library="BuiltIn">
<arg>${response.status_code}</arg>
<doc>Logs the given message to the console.</doc>
<status status="PASS" starttime="20220530 19:08:29.805" endtime="20220530 19:08:29.808"/>
</kw>
<kw name="Log To Console" library="BuiltIn">
<arg>${response.content}</arg>
<doc>Logs the given message to the console.</doc>
<status status="PASS" starttime="20220530 19:08:29.808" endtime="20220530 19:08:29.810"/>
</kw>
<kw name="Validate_Response_Status_Code" library="common_keywords">
<arg>${response}</arg>
<arg>401</arg>
<doc>validate API call status code</doc>
<kw name="Convert To String" library="BuiltIn">
<var>${status_code}</var>
<arg>${response.status_code}</arg>
<doc>Converts the given item to a Unicode string.</doc>
<msg timestamp="20220530 19:08:29.814" level="INFO">${status_code} = 404</msg>
<status status="PASS" starttime="20220530 19:08:29.812" endtime="20220530 19:08:29.814"/>
</kw>
<kw name="Should Be Equal" library="BuiltIn">
<arg>${status_code}</arg>
<arg>${status_code_to_check}</arg>
<doc>Fails if the given objects are unequal.</doc>
<msg timestamp="20220530 19:08:29.816" level="FAIL">404 != 401</msg>
<status status="FAIL" starttime="20220530 19:08:29.815" endtime="20220530 19:08:29.816"/>
</kw>
<status status="FAIL" starttime="20220530 19:08:29.811" endtime="20220530 19:08:29.818"/>
</kw>
<doc>Validate GoRest Delete call</doc>
<tag>GoRestFunctional</tag>
<status status="FAIL" starttime="20220530 19:08:29.533" endtime="20220530 19:08:29.820">404 != 401</status>
</test>
<status status="FAIL" starttime="20220530 19:08:27.284" endtime="20220530 19:08:29.823"/>
</suite>
<statistics>
<total>
<stat pass="2" fail="2" skip="0">All Tests</stat>
</total>
<tag>
<stat pass="2" fail="2" skip="0">GoRestFunctional</stat>
</tag>
<suite>
<stat pass="2" fail="2" skip="0" id="s1" name="TC1 GoRestValidation">TC1 GoRestValidation</stat>
</suite>
</statistics>
<errors>
<msg timestamp="20220530 19:08:28.047" level="WARN">Keyword 'RequestsLibrary.To Json' is deprecated. Please use ${resp.json()} instead. Have a look at the improved HTML output as pretty printing replacement.</msg>
<msg timestamp="20220530 19:08:28.056" level="WARN">Keyword 'RequestsLibrary.Get Request' is deprecated. Please use `GET On Session` instead.</msg>
<msg timestamp="20220530 19:08:28.146" level="WARN">Keyword 'RequestsLibrary.Get Request' is deprecated. Please use `GET On Session` instead.</msg>
<msg timestamp="20220530 19:08:28.745" level="WARN">Keyword 'RequestsLibrary.Post Request' is deprecated. Please use `POST On Session` instead.</msg>
<msg timestamp="20220530 19:08:28.900" level="WARN">Keyword 'RequestsLibrary.To Json' is deprecated. Please use ${resp.json()} instead. Have a look at the improved HTML output as pretty printing replacement.</msg>
<msg timestamp="20220530 19:08:29.007" level="WARN">Keyword 'RequestsLibrary.Post Request' is deprecated. Please use `POST On Session` instead.</msg>
<msg timestamp="20220530 19:08:29.068" level="WARN">Keyword 'RequestsLibrary.Post Request' is deprecated. Please use `POST On Session` instead.</msg>
<msg timestamp="20220530 19:08:29.201" level="WARN">Keyword 'RequestsLibrary.Patch Request' is deprecated. Please use `PATCH On Session` instead.</msg>
<msg timestamp="20220530 19:08:29.362" level="WARN">Keyword 'RequestsLibrary.Patch Request' is deprecated. Please use `PATCH On Session` instead.</msg>
<msg timestamp="20220530 19:08:29.450" level="WARN">Keyword 'RequestsLibrary.Patch Request' is deprecated. Please use `PATCH On Session` instead.</msg>
<msg timestamp="20220530 19:08:29.538" level="WARN">Keyword 'RequestsLibrary.Delete Request' is deprecated. Please use `DELETE On Session` instead.</msg>
<msg timestamp="20220530 19:08:29.731" level="WARN">Keyword 'RequestsLibrary.Delete Request' is deprecated. Please use `DELETE On Session` instead.</msg>
</errors>
</robot>
