<?xml version="1.0" encoding="UTF-8"?>
<robot generator="Robot 5.0.1 (Python 3.10.4 on win32)" generated="20220530 14:48:26.214" rpa="false" schemaversion="3">
<suite id="s1" name="TC1 GoRestValidation" source="E:\Python\TestRestAPI\TestCases\TC1_GoRestValidation.robot">
<test id="s1-t1" name="TC1:Get_userInfo" line="16">
<kw name="Create Session" library="RequestsLibrary">
<arg>testsession</arg>
<arg>${base_url}</arg>
<doc>Create Session: create a HTTP session to a server</doc>
<msg timestamp="20220530 14:48:26.870" level="INFO">Creating Session using : alias=testsession, url=https://gorest.co.in/public/v2, headers={},                     cookies={}, auth=None, timeout=None, proxies=None, verify=False,                     debug=0 </msg>
<status status="PASS" starttime="20220530 14:48:26.868" endtime="20220530 14:48:26.870"/>
</kw>
<kw name="GET On Session" library="RequestsLibrary">
<var>${response}</var>
<arg>testsession</arg>
<arg>/users</arg>
<doc>Sends a GET request on a previously created HTTP Session.</doc>
<msg timestamp="20220530 14:48:27.134" level="INFO">GET Request : url=https://gorest.co.in/public/v2/users 
 path_url=/public/v2/users 
 headers={'User-Agent': 'python-requests/2.27.1', 'Accept-Encoding': 'gzip, deflate', 'Accept': '*/*', 'Connection': 'keep-alive'} 
 body=None 
 </msg>
<msg timestamp="20220530 14:48:27.135" level="INFO">GET Response : url=https://gorest.co.in/public/v2/users 
 status=200, reason=OK 
 headers={'Server': 'nginx', 'Date': 'Mon, 30 May 2022 09:18:14 GMT', 'Content-Type': 'application/json; charset=utf-8', 'Transfer-Encoding': 'chunked', 'Connection': 'keep-alive', 'Vary': 'Accept-Encoding, Origin', 'X-Frame-Options': 'SAMEORIGIN', 'X-XSS-Protection': '0', 'X-Content-Type-Options': 'nosniff', 'X-Download-Options': 'noopen', 'X-Permitted-Cross-Domain-Policies': 'none', 'Referrer-Policy': 'strict-origin-when-cross-origin', 'X-Pagination-Total': '3952', 'X-Pagination-Pages': '198', 'X-Pagination-Page': '1', 'X-Pagination-Limit': '20', 'X-Links-Previous': '', 'X-Links-Current': 'https://gorest.co.in/public/v2/users?page=1', 'X-Links-Next': 'https://gorest.co.in/public/v2/users?page=2', 'ETag': 'W/"ef9ff263b14ed38eb03fa63f43a1c3ba"', 'Cache-Control': 'max-age=0, private, must-revalidate', 'X-Request-Id': '7222cc3e-334d-4f6f-af9c-443023d80479', 'X-Runtime': '0.008131', 'Strict-Transport-Security': 'max-age=63072000; includeSubDomains', 'Content-Encoding': 'gzip'} 
 body=[{"id":4013,"name":"Vasanti Acharya","email":"acharya_vasanti@kemmer.com","gender":"male","status":"active"},{"id":4012,"name":"Bhagavaan Somayaji","email":"bhagavaan_somayaji@kozey.biz","gender":"male","status":"active"},{"id":4011,"name":"Prof. Aaryan Desai","email":"aaryan_desai_prof@huel.net","gender":"female","status":"active"},{"id":4009,"name":"Dipesh Kapoor","email":"dipesh_kapoor@glover-padberg.name","gender":"female","status":"inactive"},{"id":4007,"name":"Aaditya Pandey","email":"pandey_aaditya@cole.info","gender":"female","status":"active"},{"id":4006,"name":"Vasudev Gupta","email":"gupta_vasudev@schinner.name","gender":"male","status":"active"},{"id":4005,"name":"Gangesh Iyengar Ret.","email":"ret_iyengar_gangesh@oconnell.name","gender":"male","status":"inactive"},{"id":4003,"name":"Mrs. Deepan Panicker","email":"deepan_mrs_panicker@kuhlman.org","gender":"male","status":"active"},{"id":3998,"name":"Ghanaanand Talwar","email":"ghanaanand_talwar@boehm-nikolaus.com","gender":"female","status":"active"},{"id":3997,"name":"Nalini Kaur","email":"nalini_kaur@lang.name","gender":"male","status":"active"},{"id":3996,"name":"Aagam Banerjee","email":"banerjee_aagam@davis.org","gender":"female","status":"inactive"},{"id":3995,"name":"Siddhran Devar","email":"devar_siddhran@jakubowski.co","gender":"male","status":"active"},{"id":3992,"name":"Tushar Varrier IV","email":"iv_varrier_tushar@erdman-jerde.net","gender":"male","status":"inactive"},{"id":3989,"name":"Brahmdev Panicker","email":"brahmdev_panicker@aufderhar.info","gender":"female","status":"active"},{"id":3987,"name":"Ambar Gill","email":"gill_ambar@jakubowski.name","gender":"female","status":"inactive"},{"id":3985,"name":"Rev. Suman Devar","email":"suman_devar_rev@brown-schultz.name","gender":"male","status":"inactive"},{"id":3982,"name":"Kannan Iyengar","email":"kannan_iyengar@beatty-waelchi.net","gender":"male","status":"inactive"},{"id":3980,"name":"Sher Achari","email":"sher_achari@turner.name","gender":"male","status":"inactive"},{"id":3979,"name":"Rati Namboothiri","email":"namboothiri_rati@hagenes-fadel.co","gender":"male","status":"active"},{"id":3978,"name":"Devani Gowda","email":"devani_gowda@wilderman-price.net","gender":"male","status":"inactive"}] 
 </msg>
<msg timestamp="20220530 14:48:27.135" level="INFO">E:\Python310\lib\site-packages\urllib3\connectionpool.py:1043: InsecureRequestWarning: Unverified HTTPS request is being made to host 'gorest.co.in'. Adding certificate verification is strongly advised. See: https://urllib3.readthedocs.io/en/1.26.x/advanced-usage.html#ssl-warnings
  warnings.warn(</msg>
<msg timestamp="20220530 14:48:27.135" level="INFO">${response} = &lt;Response [200]&gt;</msg>
<status status="PASS" starttime="20220530 14:48:26.872" endtime="20220530 14:48:27.135"/>
</kw>
<kw name="Log To Console" library="BuiltIn">
<arg>${response.status_code}</arg>
<doc>Logs the given message to the console.</doc>
<status status="PASS" starttime="20220530 14:48:27.136" endtime="20220530 14:48:27.148"/>
</kw>
<kw name="Get From Dictionary" library="Collections">
<var>${response_header_value}</var>
<arg>${response.headers}</arg>
<arg>X-Pagination-Limit</arg>
<doc>Returns a value from the given ``dictionary`` based on the given ``key``.</doc>
<msg timestamp="20220530 14:48:27.150" level="INFO">${response_header_value} = 20</msg>
<status status="PASS" starttime="20220530 14:48:27.148" endtime="20220530 14:48:27.150"/>
</kw>
<kw name="To Json" library="RequestsLibrary">
<var>${response_body}</var>
<arg>${response.content}</arg>
<doc>*DEPRECATED* Please use ${resp.json()} instead. Have a look at the improved HTML output as pretty printing replacement.</doc>
<msg timestamp="20220530 14:48:27.151" level="WARN">Keyword 'RequestsLibrary.To Json' is deprecated. Please use ${resp.json()} instead. Have a look at the improved HTML output as pretty printing replacement.</msg>
<msg timestamp="20220530 14:48:27.154" level="INFO">To JSON using : content=[{"id":4013,"name":"Vasanti Acharya","email":"acharya_vasanti@kemmer.com","gender":"male","status":"active"},{"id":4012,"name":"Bhagavaan Somayaji","email":"bhagavaan_somayaji@kozey.biz","gender":"male","status":"active"},{"id":4011,"name":"Prof. Aaryan Desai","email":"aaryan_desai_prof@huel.net","gender":"female","status":"active"},{"id":4009,"name":"Dipesh Kapoor","email":"dipesh_kapoor@glover-padberg.name","gender":"female","status":"inactive"},{"id":4007,"name":"Aaditya Pandey","email":"pandey_aaditya@cole.info","gender":"female","status":"active"},{"id":4006,"name":"Vasudev Gupta","email":"gupta_vasudev@schinner.name","gender":"male","status":"active"},{"id":4005,"name":"Gangesh Iyengar Ret.","email":"ret_iyengar_gangesh@oconnell.name","gender":"male","status":"inactive"},{"id":4003,"name":"Mrs. Deepan Panicker","email":"deepan_mrs_panicker@kuhlman.org","gender":"male","status":"active"},{"id":3998,"name":"Ghanaanand Talwar","email":"ghanaanand_talwar@boehm-nikolaus.com","gender":"female","status":"active"},{"id":3997,"name":"Nalini Kaur","email":"nalini_kaur@lang.name","gender":"male","status":"active"},{"id":3996,"name":"Aagam Banerjee","email":"banerjee_aagam@davis.org","gender":"female","status":"inactive"},{"id":3995,"name":"Siddhran Devar","email":"devar_siddhran@jakubowski.co","gender":"male","status":"active"},{"id":3992,"name":"Tushar Varrier IV","email":"iv_varrier_tushar@erdman-jerde.net","gender":"male","status":"inactive"},{"id":3989,"name":"Brahmdev Panicker","email":"brahmdev_panicker@aufderhar.info","gender":"female","status":"active"},{"id":3987,"name":"Ambar Gill","email":"gill_ambar@jakubowski.name","gender":"female","status":"inactive"},{"id":3985,"name":"Rev. Suman Devar","email":"suman_devar_rev@brown-schultz.name","gender":"male","status":"inactive"},{"id":3982,"name":"Kannan Iyengar","email":"kannan_iyengar@beatty-waelchi.net","gender":"male","status":"inactive"},{"id":3980,"name":"Sher Achari","email":"sher_achari@turner.name","gender":"male","status":"inactive"},{"id":3979,"name":"Rati Namboothiri","email":"namboothiri_rati@hagenes-fadel.co","gender":"male","status":"active"},{"id":3978,"name":"Devani Gowda","email":"devani_gowda@wilderman-price.net","gender":"male","status":"inactive"}] </msg>
<msg timestamp="20220530 14:48:27.154" level="INFO">To JSON using : pretty_print=False </msg>
<msg timestamp="20220530 14:48:27.155" level="INFO">${response_body} = [{'id': 4013, 'name': 'Vasanti Acharya', 'email': 'acharya_vasanti@kemmer.com', 'gender': 'male', 'status': 'active'}, {'id': 4012, 'name': 'Bhagavaan Somayaji', 'email': 'bhagavaan_somayaji@kozey.biz...</msg>
<status status="PASS" starttime="20220530 14:48:27.151" endtime="20220530 14:48:27.155"/>
</kw>
<kw name="Convert To String" library="BuiltIn">
<var>${status_code}</var>
<arg>${response.status_code}</arg>
<doc>Converts the given item to a Unicode string.</doc>
<msg timestamp="20220530 14:48:27.158" level="INFO">${status_code} = 200</msg>
<status status="PASS" starttime="20220530 14:48:27.156" endtime="20220530 14:48:27.158"/>
</kw>
<kw name="Should Be Equal" library="BuiltIn">
<arg>${status_code}</arg>
<arg>200</arg>
<doc>Fails if the given objects are unequal.</doc>
<status status="PASS" starttime="20220530 14:48:27.158" endtime="20220530 14:48:27.159"/>
</kw>
<kw name="Get Request" library="RequestsLibrary">
<var>${negative_response_404}</var>
<arg>testsession</arg>
<arg>/user</arg>
<doc>*DEPRECATED* Please use `GET On Session` instead.</doc>
<msg timestamp="20220530 14:48:27.160" level="WARN">Keyword 'RequestsLibrary.Get Request' is deprecated. Please use `GET On Session` instead.</msg>
<msg timestamp="20220530 14:48:27.242" level="INFO">GET Request : url=https://gorest.co.in/public/v2/user 
 path_url=/public/v2/user 
 headers={'User-Agent': 'python-requests/2.27.1', 'Accept-Encoding': 'gzip, deflate', 'Accept': '*/*', 'Connection': 'keep-alive'} 
 body=None 
 </msg>
<msg timestamp="20220530 14:48:27.242" level="INFO">GET Response : url=https://gorest.co.in/public/v2/user 
 status=404, reason=Not Found 
 headers={'Server': 'nginx', 'Date': 'Mon, 30 May 2022 09:18:14 GMT', 'Content-Type': 'text/html; charset=utf-8', 'Transfer-Encoding': 'chunked', 'Connection': 'keep-alive', 'Vary': 'Accept-Encoding, Origin', 'X-Frame-Options': 'SAMEORIGIN', 'X-XSS-Protection': '0', 'X-Content-Type-Options': 'nosniff', 'X-Download-Options': 'noopen', 'X-Permitted-Cross-Domain-Policies': 'none', 'Referrer-Policy': 'strict-origin-when-cross-origin', 'Link': '&lt;/assets/application-2715366c2372d5dfabfa9c9d05a0e84b9c0de17fe12c2d96e07d2db0e218fed2.css&gt;; rel=preload; as=style; nopush', 'Cache-Control': 'no-cache', 'Feature-Policy': "camera 'none'; gyroscope 'none'; microphone 'none'; usb 'none'; fullscreen 'self'", 'Set-Cookie': '_gorest_session=3qDlew%2BqgfDmmBZedtkfnPojvqICDWN4P222p8mRxgYHjSKvTvsJVV1S81swuDoPhj1W4qonNGhSt8x9Pq0P%2FyOucPXS96DmfnO0AA%2Bsm%2BwnkJtzeXKzBZTV5rkZcVAPViWIIoBrn8jxLFj9RSphd37VQzi3seNd3p85EpePBXM9CT2xcfDNF8Hnacn%2BcA8yljDVFgJlLeOThkXWw4bHVWhsej41BtH1gOPMmkZQIqUvrFPP9Ozgd14VAl%2FJxy%2F0O4YS5PsMgUTlmIDLUl79M979y8z4Pp8%3D--ZGVG3sgi1waMgZFq--3Z3JebHF2IEO4CYsyP3O7Q%3D%3D; path=/; secure; HttpOnly; SameSite=Lax', 'X-Request-Id': '728f3877-dd19-4f08-96fe-fdafd62dddab', 'X-Runtime': '0.015931', 'Strict-Transport-Security': 'max-age=63072000; includeSubDomains', 'Content-Encoding': 'gzip'} 
 body=&lt;!DOCTYPE html&gt;&lt;html&gt;&lt;head&gt;&lt;meta charset="utf-8" /&gt;&lt;meta content="width=device-width, initial-scale=1, shrink-to-fit=no" name="viewport" /&gt;&lt;link href="/favicon.ico" rel="icon" type="image/x-icon" /&gt;&lt;title&gt;Page Not Found | GO REST&lt;/title&gt;&lt;meta name="csrf-param" content="authenticity_token" /&gt;
&lt;meta name="csrf-token" content="7OO13Js2p0Rzee0i2oPUvPz6ApN5AFkNeXspgFp0LoGkOA6HYvYCj9hm8RAESapquNQBMqb9Fza1oZO4Y1p8gg" /&gt;&lt;link rel="stylesheet" href="/assets/application-2715366c2372d5dfabfa9c9d05a0e84b9c0de17fe12c2d96e07d2db0e218fed2.css" media="all" data-turbolinks-track="reload" /&gt;&lt;script src="/packs/js/application-84cecc93f869802defaa.js" data-turbolinks-track="reload" defer="defer"&gt;&lt;/script&gt;&lt;script async="true" crossorigin="anonymous" src="https://pagead2.googlesyndication.com/pagead/js/adsbygoogle.js?client=ca-pub-4930099895671899"&gt;&lt;/script&gt;&lt;script async="true" src="https://www.googletagmanager.com/gtag/js?id=G-7KR6VNWHWS"&gt;&lt;/script&gt;&lt;script&gt;window.dataLayer = window.dataLayer || [];function gtag(){dataLayer.push(arguments);}gtag('js', new Date());gtag('config', 'G-7KR6VNWHWS');&lt;/script&gt;&lt;/head&gt;&lt;body&gt;&lt;nav class="navbar navbar-expand-lg navbar-dark bg-dark sticky-top"&gt;&lt;div class="container"&gt;&lt;a class="navbar-brand" href="/"&gt;&lt;i class="fas fa-exchange-alt"&gt;&lt;/i&gt; Go REST&lt;/a&gt;&lt;button aria-controls="AppNavBar" aria-expanded="false" aria-label="Toggle navigation" class="navbar-toggler" data-bs-target="#AppNavBar" data-bs-toggle="collapse" type="button"&gt;&lt;span class="navbar-toggler-icon"&gt;&lt;/span&gt;&lt;/button&gt;&lt;div class="collapse navbar-collapse" id="AppNavBar"&gt;&lt;ul class="navbar-nav ms-auto"&gt;&lt;li class="nav-item"&gt;&lt;a class="nav-link" href="/chandamama-stories"&gt;&lt;i class="fas fa-cloud-moon"&gt;&lt;/i&gt; Chandamama Stories&lt;/a&gt;&lt;/li&gt;&lt;li class="nav-item"&gt;&lt;a class="nav-link" href="/qa"&gt;&lt;i class="fas fa-life-ring"&gt;&lt;/i&gt; Help&lt;/a&gt;&lt;/li&gt;&lt;li class="nav-item"&gt;&lt;a class="nav-link" href="/rest-console"&gt;&lt;i class="fab fa-linux"&gt;&lt;/i&gt; Rest Console&lt;/a&gt;&lt;/li&gt;&lt;li class="nav-item dropdown"&gt;&lt;a aria-expanded="false" class="nav-link dropdown-toggle" data-bs-toggle="dropdown" href="#" id="ToolsDropDown" role="button"&gt;&lt;i class="fas fa-tools"&gt;&lt;/i&gt; Tools&lt;/a&gt;&lt;ul aria-labelledby="ToolsDropDown" class="dropdown-menu"&gt;&lt;li class=""&gt;&lt;a class="dropdown-item" href="/tools/base64-encode-decode"&gt;Base64 Encode/Decode&lt;/a&gt;&lt;/li&gt;&lt;li class=""&gt;&lt;a class="dropdown-item" href="/tools/url-encode-decode"&gt;Url Encode/Decode&lt;/a&gt;&lt;/li&gt;&lt;li class=""&gt;&lt;a class="dropdown-item" href="/tools/gcode-translator"&gt;G-Code Translator&lt;/a&gt;&lt;/li&gt;&lt;/ul&gt;&lt;/li&gt;&lt;li class="nav-item"&gt;&lt;a class="nav-link" href="/consumer/login"&gt;Login&lt;/a&gt;&lt;/li&gt;&lt;/ul&gt;&lt;/div&gt;&lt;/div&gt;&lt;/nav&gt;&lt;div class="container pt-3"&gt;&lt;style type="text/css"&gt;.code-text code {color: #bdbdbd;display: block;}.code-text code b {color: #81a2be;font-weight: 900;}.code-text code em {color: #b294bb;font-style: unset;}.code-text code i {color: #b5bd68;}.code-text code span {color: #f0c674;}&lt;/style&gt;&lt;div class="card text-white border-secondary bg-dark"&gt;&lt;div class="card-header"&gt;&lt;h1 class="card-title text-warning"&gt;&lt;i class="fas fa-ghost text-white slide-right"&gt;&lt;/i&gt; HTTP: Not Found &lt;/h1&gt;&lt;/div&gt;&lt;div class="card-body"&gt;&lt;h3 class="leaad code-text"&gt;&lt;code class="mb-3"&gt;&lt;span&gt;this_page&lt;/span&gt;.&lt;em&gt;not_found&lt;/em&gt; = true&lt;/code&gt;&lt;/h3&gt;&lt;p class="lead code-text"&gt;&lt;code class="mb-2"&gt;&lt;span&gt;if&lt;/span&gt; &lt;b&gt;you_spelt_it_wrong&lt;/b&gt; &lt;br /&gt;&amp;nbsp;&amp;nbsp;&lt;span&gt;try_again&lt;/span&gt;&lt;br /&gt;&lt;/code&gt;&lt;code class="mb-2"&gt;&lt;span&gt;elsif &lt;b&gt;we_screwed_up&lt;/b&gt;&lt;/span&gt; &lt;br /&gt;&amp;nbsp;&amp;nbsp;&lt;em&gt;print&lt;/em&gt; &lt;i&gt;"We're really sorry about that."&lt;/i&gt;&lt;br/&gt;&lt;/code&gt;&lt;code class="mb-2"&gt;&lt;span&gt;end&lt;/span&gt;&lt;/code&gt;&lt;code class="mb-2"&gt;&lt;span&gt;redirect_to&lt;/span&gt; &lt;em&gt;home_page&lt;/em&gt;&lt;/code&gt;&lt;/p&gt;&lt;/div&gt;&lt;/div&gt;&lt;/div&gt;&lt;hr class="mt-5" /&gt;&lt;div class="container"&gt;&lt;div class="footer"&gt;&lt;ul class="list-inline"&gt;&lt;li class="list-inline-item"&gt;&amp;copy; Go Rest 2022&lt;/li&gt;&lt;li class="list-inline-item float-lg-end"&gt;&lt;a href="/privacy-policy"&gt;Privacy Policy&lt;/a&gt;&lt;/li&gt;&lt;li class="list-inline-item float-lg-end me-3"&gt;&lt;a href="/contact-us"&gt;Contact Us&lt;/a&gt;&lt;/li&gt;&lt;/ul&gt;&lt;/div&gt;&lt;/div&gt;&lt;/body&gt;&lt;/html&gt; 
 </msg>
<msg timestamp="20220530 14:48:27.243" level="INFO">E:\Python310\lib\site-packages\urllib3\connectionpool.py:1043: InsecureRequestWarning: Unverified HTTPS request is being made to host 'gorest.co.in'. Adding certificate verification is strongly advised. See: https://urllib3.readthedocs.io/en/1.26.x/advanced-usage.html#ssl-warnings
  warnings.warn(</msg>
<msg timestamp="20220530 14:48:27.243" level="INFO">${negative_response_404} = &lt;Response [404]&gt;</msg>
<status status="PASS" starttime="20220530 14:48:27.160" endtime="20220530 14:48:27.243"/>
</kw>
<kw name="Convert To String" library="BuiltIn">
<var>${error_code404_validation}</var>
<arg>${negative_response_404.status_code}</arg>
<doc>Converts the given item to a Unicode string.</doc>
<msg timestamp="20220530 14:48:27.246" level="INFO">${error_code404_validation} = 404</msg>
<status status="PASS" starttime="20220530 14:48:27.244" endtime="20220530 14:48:27.246"/>
</kw>
<kw name="Should Be Equal" library="BuiltIn">
<arg>${error_code404_validation}</arg>
<arg>404</arg>
<doc>Fails if the given objects are unequal.</doc>
<status status="PASS" starttime="20220530 14:48:27.246" endtime="20220530 14:48:27.247"/>
</kw>
<kw name="Get Request" library="RequestsLibrary">
<var>${negative_response_400}</var>
<arg>testsession</arg>
<arg>/users9a039039;s&lt;!+&gt;</arg>
<doc>*DEPRECATED* Please use `GET On Session` instead.</doc>
<msg timestamp="20220530 14:48:27.248" level="WARN">Keyword 'RequestsLibrary.Get Request' is deprecated. Please use `GET On Session` instead.</msg>
<msg timestamp="20220530 14:48:27.325" level="INFO">GET Request : url=https://gorest.co.in/public/v2/users9a039039;s%3C!+%3E 
 path_url=/public/v2/users9a039039;s%3C!+%3E 
 headers={'User-Agent': 'python-requests/2.27.1', 'Accept-Encoding': 'gzip, deflate', 'Accept': '*/*', 'Connection': 'keep-alive', 'Cookie': '_gorest_session=3qDlew%2BqgfDmmBZedtkfnPojvqICDWN4P222p8mRxgYHjSKvTvsJVV1S81swuDoPhj1W4qonNGhSt8x9Pq0P%2FyOucPXS96DmfnO0AA%2Bsm%2BwnkJtzeXKzBZTV5rkZcVAPViWIIoBrn8jxLFj9RSphd37VQzi3seNd3p85EpePBXM9CT2xcfDNF8Hnacn%2BcA8yljDVFgJlLeOThkXWw4bHVWhsej41BtH1gOPMmkZQIqUvrFPP9Ozgd14VAl%2FJxy%2F0O4YS5PsMgUTlmIDLUl79M979y8z4Pp8%3D--ZGVG3sgi1waMgZFq--3Z3JebHF2IEO4CYsyP3O7Q%3D%3D'} 
 body=None 
 </msg>
<msg timestamp="20220530 14:48:27.325" level="INFO">GET Response : url=https://gorest.co.in/public/v2/users9a039039;s%3C!+%3E 
 status=400, reason=Bad Request 
 headers={'Server': 'nginx', 'Date': 'Mon, 30 May 2022 09:18:14 GMT', 'Transfer-Encoding': 'chunked', 'Connection': 'keep-alive'} 
 body=None 
 </msg>
<msg timestamp="20220530 14:48:27.326" level="INFO">E:\Python310\lib\site-packages\urllib3\connectionpool.py:1043: InsecureRequestWarning: Unverified HTTPS request is being made to host 'gorest.co.in'. Adding certificate verification is strongly advised. See: https://urllib3.readthedocs.io/en/1.26.x/advanced-usage.html#ssl-warnings
  warnings.warn(</msg>
<msg timestamp="20220530 14:48:27.326" level="INFO">${negative_response_400} = &lt;Response [400]&gt;</msg>
<status status="PASS" starttime="20220530 14:48:27.248" endtime="20220530 14:48:27.326"/>
</kw>
<kw name="Convert To String" library="BuiltIn">
<var>${error_code400_validation}</var>
<arg>${negative_response_400.status_code}</arg>
<doc>Converts the given item to a Unicode string.</doc>
<msg timestamp="20220530 14:48:27.329" level="INFO">${error_code400_validation} = 400</msg>
<status status="PASS" starttime="20220530 14:48:27.327" endtime="20220530 14:48:27.329"/>
</kw>
<kw name="Should Be Equal" library="BuiltIn">
<arg>${error_code400_validation}</arg>
<arg>400</arg>
<doc>Fails if the given objects are unequal.</doc>
<status status="PASS" starttime="20220530 14:48:27.330" endtime="20220530 14:48:27.331"/>
</kw>
<kw name="Should Be Equal" library="BuiltIn">
<arg>${response_header_value}</arg>
<arg>20</arg>
<doc>Fails if the given objects are unequal.</doc>
<status status="PASS" starttime="20220530 14:48:27.331" endtime="20220530 14:48:27.332"/>
</kw>
<kw name="Validate_Json_Resonse" library="common_keywords">
<arg>${response_body}</arg>
<arg>${json_elements}</arg>
<doc>validate API JSon response</doc>
<kw name="Log To Console" library="BuiltIn">
<arg>${json_elements}</arg>
<doc>Logs the given message to the console.</doc>
<status status="PASS" starttime="20220530 14:48:27.334" endtime="20220530 14:48:27.335"/>
</kw>
<for flavor="IN">
<var>${jsonValues}</var>
<value>@{response_body}</value>
<iter>
<var name="${jsonValues}">{'id': 4013, 'name': 'Vasanti Acharya', 'email': 'acharya_vasanti@kemmer.com', 'gender': 'male', 'status': 'active'}</var>
<for flavor="IN">
<var>${item}</var>
<value>@{json_elements}</value>
<iter>
<var name="${item}">id</var>
<kw name="Should Contain" library="BuiltIn">
<arg>${jsonValues}</arg>
<arg>${item}</arg>
<doc>Fails if ``container`` does not contain ``item`` one or more times.</doc>
<status status="PASS" starttime="20220530 14:48:27.337" endtime="20220530 14:48:27.338"/>
</kw>
<kw name="Should Not Be Empty" library="BuiltIn">
<arg>${jsonValues}.${item}</arg>
<doc>Verifies that the given item is not empty.</doc>
<msg timestamp="20220530 14:48:27.339" level="INFO">Length is 119</msg>
<status status="PASS" starttime="20220530 14:48:27.338" endtime="20220530 14:48:27.339"/>
</kw>
<kw name="Validate Email" library="util">
<var>${email_validation_results}</var>
<arg>${jsonValues}.email</arg>
<msg timestamp="20220530 14:48:27.340" level="INFO">${email_validation_results} = valid</msg>
<status status="PASS" starttime="20220530 14:48:27.339" endtime="20220530 14:48:27.340"/>
</kw>
<kw name="Should Be Equal As Strings" library="BuiltIn">
<arg>${email_validation_results}</arg>
<arg>valid</arg>
<doc>Fails if objects are unequal after converting them to strings.</doc>
<status status="PASS" starttime="20220530 14:48:27.341" endtime="20220530 14:48:27.341"/>
</kw>
<status status="PASS" starttime="20220530 14:48:27.336" endtime="20220530 14:48:27.341"/>
</iter>
<iter>
<var name="${item}">name</var>
<kw name="Should Contain" library="BuiltIn">
<arg>${jsonValues}</arg>
<arg>${item}</arg>
<doc>Fails if ``container`` does not contain ``item`` one or more times.</doc>
<status status="PASS" starttime="20220530 14:48:27.342" endtime="20220530 14:48:27.343"/>
</kw>
<kw name="Should Not Be Empty" library="BuiltIn">
<arg>${jsonValues}.${item}</arg>
<doc>Verifies that the given item is not empty.</doc>
<msg timestamp="20220530 14:48:27.343" level="INFO">Length is 121</msg>
<status status="PASS" starttime="20220530 14:48:27.343" endtime="20220530 14:48:27.344"/>
</kw>
<kw name="Validate Email" library="util">
<var>${email_validation_results}</var>
<arg>${jsonValues}.email</arg>
<msg timestamp="20220530 14:48:27.344" level="INFO">${email_validation_results} = valid</msg>
<status status="PASS" starttime="20220530 14:48:27.344" endtime="20220530 14:48:27.344"/>
</kw>
<kw name="Should Be Equal As Strings" library="BuiltIn">
<arg>${email_validation_results}</arg>
<arg>valid</arg>
<doc>Fails if objects are unequal after converting them to strings.</doc>
<status status="PASS" starttime="20220530 14:48:27.345" endtime="20220530 14:48:27.345"/>
</kw>
<status status="PASS" starttime="20220530 14:48:27.342" endtime="20220530 14:48:27.345"/>
</iter>
<iter>
<var name="${item}">email</var>
<kw name="Should Contain" library="BuiltIn">
<arg>${jsonValues}</arg>
<arg>${item}</arg>
<doc>Fails if ``container`` does not contain ``item`` one or more times.</doc>
<status status="PASS" starttime="20220530 14:48:27.346" endtime="20220530 14:48:27.346"/>
</kw>
<kw name="Should Not Be Empty" library="BuiltIn">
<arg>${jsonValues}.${item}</arg>
<doc>Verifies that the given item is not empty.</doc>
<msg timestamp="20220530 14:48:27.347" level="INFO">Length is 122</msg>
<status status="PASS" starttime="20220530 14:48:27.347" endtime="20220530 14:48:27.348"/>
</kw>
<kw name="Validate Email" library="util">
<var>${email_validation_results}</var>
<arg>${jsonValues}.email</arg>
<msg timestamp="20220530 14:48:27.349" level="INFO">${email_validation_results} = valid</msg>
<status status="PASS" starttime="20220530 14:48:27.348" endtime="20220530 14:48:27.349"/>
</kw>
<kw name="Should Be Equal As Strings" library="BuiltIn">
<arg>${email_validation_results}</arg>
<arg>valid</arg>
<doc>Fails if objects are unequal after converting them to strings.</doc>
<status status="PASS" starttime="20220530 14:48:27.349" endtime="20220530 14:48:27.350"/>
</kw>
<status status="PASS" starttime="20220530 14:48:27.346" endtime="20220530 14:48:27.350"/>
</iter>
<iter>
<var name="${item}">gender</var>
<kw name="Should Contain" library="BuiltIn">
<arg>${jsonValues}</arg>
<arg>${item}</arg>
<doc>Fails if ``container`` does not contain ``item`` one or more times.</doc>
<status status="PASS" starttime="20220530 14:48:27.350" endtime="20220530 14:48:27.351"/>
</kw>
<kw name="Should Not Be Empty" library="BuiltIn">
<arg>${jsonValues}.${item}</arg>
<doc>Verifies that the given item is not empty.</doc>
<msg timestamp="20220530 14:48:27.352" level="INFO">Length is 123</msg>
<status status="PASS" starttime="20220530 14:48:27.351" endtime="20220530 14:48:27.352"/>
</kw>
<kw name="Validate Email" library="util">
<var>${email_validation_results}</var>
<arg>${jsonValues}.email</arg>
<msg timestamp="20220530 14:48:27.353" level="INFO">${email_validation_results} = valid</msg>
<status status="PASS" starttime="20220530 14:48:27.352" endtime="20220530 14:48:27.353"/>
</kw>
<kw name="Should Be Equal As Strings" library="BuiltIn">
<arg>${email_validation_results}</arg>
<arg>valid</arg>
<doc>Fails if objects are unequal after converting them to strings.</doc>
<status status="PASS" starttime="20220530 14:48:27.353" endtime="20220530 14:48:27.354"/>
</kw>
<status status="PASS" starttime="20220530 14:48:27.350" endtime="20220530 14:48:27.355"/>
</iter>
<iter>
<var name="${item}">status</var>
<kw name="Should Contain" library="BuiltIn">
<arg>${jsonValues}</arg>
<arg>${item}</arg>
<doc>Fails if ``container`` does not contain ``item`` one or more times.</doc>
<status status="PASS" starttime="20220530 14:48:27.355" endtime="20220530 14:48:27.356"/>
</kw>
<kw name="Should Not Be Empty" library="BuiltIn">
<arg>${jsonValues}.${item}</arg>
<doc>Verifies that the given item is not empty.</doc>
<msg timestamp="20220530 14:48:27.357" level="INFO">Length is 123</msg>
<status status="PASS" starttime="20220530 14:48:27.356" endtime="20220530 14:48:27.357"/>
</kw>
<kw name="Validate Email" library="util">
<var>${email_validation_results}</var>
<arg>${jsonValues}.email</arg>
<msg timestamp="20220530 14:48:27.357" level="INFO">${email_validation_results} = valid</msg>
<status status="PASS" starttime="20220530 14:48:27.357" endtime="20220530 14:48:27.357"/>
</kw>
<kw name="Should Be Equal As Strings" library="BuiltIn">
<arg>${email_validation_results}</arg>
<arg>valid</arg>
<doc>Fails if objects are unequal after converting them to strings.</doc>
<status status="PASS" starttime="20220530 14:48:27.358" endtime="20220530 14:48:27.358"/>
</kw>
<status status="PASS" starttime="20220530 14:48:27.355" endtime="20220530 14:48:27.358"/>
</iter>
<status status="PASS" starttime="20220530 14:48:27.336" endtime="20220530 14:48:27.358"/>
</for>
<status status="PASS" starttime="20220530 14:48:27.336" endtime="20220530 14:48:27.359"/>
</iter>
<iter>
<var name="${jsonValues}">{'id': 4012, 'name': 'Bhagavaan Somayaji', 'email': 'bhagavaan_somayaji@kozey.biz', 'gender': 'male', 'status': 'active'}</var>
<for flavor="IN">
<var>${item}</var>
<value>@{json_elements}</value>
<iter>
<var name="${item}">id</var>
<kw name="Should Contain" library="BuiltIn">
<arg>${jsonValues}</arg>
<arg>${item}</arg>
<doc>Fails if ``container`` does not contain ``item`` one or more times.</doc>
<status status="PASS" starttime="20220530 14:48:27.359" endtime="20220530 14:48:27.360"/>
</kw>
<kw name="Should Not Be Empty" library="BuiltIn">
<arg>${jsonValues}.${item}</arg>
<doc>Verifies that the given item is not empty.</doc>
<msg timestamp="20220530 14:48:27.361" level="INFO">Length is 124</msg>
<status status="PASS" starttime="20220530 14:48:27.360" endtime="20220530 14:48:27.361"/>
</kw>
<kw name="Validate Email" library="util">
<var>${email_validation_results}</var>
<arg>${jsonValues}.email</arg>
<msg timestamp="20220530 14:48:27.362" level="INFO">${email_validation_results} = valid</msg>
<status status="PASS" starttime="20220530 14:48:27.362" endtime="20220530 14:48:27.362"/>
</kw>
<kw name="Should Be Equal As Strings" library="BuiltIn">
<arg>${email_validation_results}</arg>
<arg>valid</arg>
<doc>Fails if objects are unequal after converting them to strings.</doc>
<status status="PASS" starttime="20220530 14:48:27.363" endtime="20220530 14:48:27.363"/>
</kw>
<status status="PASS" starttime="20220530 14:48:27.359" endtime="20220530 14:48:27.364"/>
</iter>
<iter>
<var name="${item}">name</var>
<kw name="Should Contain" library="BuiltIn">
<arg>${jsonValues}</arg>
<arg>${item}</arg>
<doc>Fails if ``container`` does not contain ``item`` one or more times.</doc>
<status status="PASS" starttime="20220530 14:48:27.364" endtime="20220530 14:48:27.365"/>
</kw>
<kw name="Should Not Be Empty" library="BuiltIn">
<arg>${jsonValues}.${item}</arg>
<doc>Verifies that the given item is not empty.</doc>
<msg timestamp="20220530 14:48:27.366" level="INFO">Length is 126</msg>
<status status="PASS" starttime="20220530 14:48:27.365" endtime="20220530 14:48:27.366"/>
</kw>
<kw name="Validate Email" library="util">
<var>${email_validation_results}</var>
<arg>${jsonValues}.email</arg>
<msg timestamp="20220530 14:48:27.368" level="INFO">${email_validation_results} = valid</msg>
<status status="PASS" starttime="20220530 14:48:27.367" endtime="20220530 14:48:27.368"/>
</kw>
<kw name="Should Be Equal As Strings" library="BuiltIn">
<arg>${email_validation_results}</arg>
<arg>valid</arg>
<doc>Fails if objects are unequal after converting them to strings.</doc>
<status status="PASS" starttime="20220530 14:48:27.368" endtime="20220530 14:48:27.369"/>
</kw>
<status status="PASS" starttime="20220530 14:48:27.364" endtime="20220530 14:48:27.370"/>
</iter>
<iter>
<var name="${item}">email</var>
<kw name="Should Contain" library="BuiltIn">
<arg>${jsonValues}</arg>
<arg>${item}</arg>
<doc>Fails if ``container`` does not contain ``item`` one or more times.</doc>
<status status="PASS" starttime="20220530 14:48:27.370" endtime="20220530 14:48:27.371"/>
</kw>
<kw name="Should Not Be Empty" library="BuiltIn">
<arg>${jsonValues}.${item}</arg>
<doc>Verifies that the given item is not empty.</doc>
<msg timestamp="20220530 14:48:27.373" level="INFO">Length is 127</msg>
<status status="PASS" starttime="20220530 14:48:27.372" endtime="20220530 14:48:27.374"/>
</kw>
<kw name="Validate Email" library="util">
<var>${email_validation_results}</var>
<arg>${jsonValues}.email</arg>
<msg timestamp="20220530 14:48:27.376" level="INFO">${email_validation_results} = valid</msg>
<status status="PASS" starttime="20220530 14:48:27.374" endtime="20220530 14:48:27.376"/>
</kw>
<kw name="Should Be Equal As Strings" library="BuiltIn">
<arg>${email_validation_results}</arg>
<arg>valid</arg>
<doc>Fails if objects are unequal after converting them to strings.</doc>
<status status="PASS" starttime="20220530 14:48:27.376" endtime="20220530 14:48:27.377"/>
</kw>
<status status="PASS" starttime="20220530 14:48:27.370" endtime="20220530 14:48:27.377"/>
</iter>
<iter>
<var name="${item}">gender</var>
<kw name="Should Contain" library="BuiltIn">
<arg>${jsonValues}</arg>
<arg>${item}</arg>
<doc>Fails if ``container`` does not contain ``item`` one or more times.</doc>
<status status="PASS" starttime="20220530 14:48:27.378" endtime="20220530 14:48:27.379"/>
</kw>
<kw name="Should Not Be Empty" library="BuiltIn">
<arg>${jsonValues}.${item}</arg>
<doc>Verifies that the given item is not empty.</doc>
<msg timestamp="20220530 14:48:27.381" level="INFO">Length is 128</msg>
<status status="PASS" starttime="20220530 14:48:27.379" endtime="20220530 14:48:27.381"/>
</kw>
<kw name="Validate Email" library="util">
<var>${email_validation_results}</var>
<arg>${jsonValues}.email</arg>
<msg timestamp="20220530 14:48:27.382" level="INFO">${email_validation_results} = valid</msg>
<status status="PASS" starttime="20220530 14:48:27.381" endtime="20220530 14:48:27.382"/>
</kw>
<kw name="Should Be Equal As Strings" library="BuiltIn">
<arg>${email_validation_results}</arg>
<arg>valid</arg>
<doc>Fails if objects are unequal after converting them to strings.</doc>
<status status="PASS" starttime="20220530 14:48:27.383" endtime="20220530 14:48:27.384"/>
</kw>
<status status="PASS" starttime="20220530 14:48:27.377" endtime="20220530 14:48:27.384"/>
</iter>
<iter>
<var name="${item}">status</var>
<kw name="Should Contain" library="BuiltIn">
<arg>${jsonValues}</arg>
<arg>${item}</arg>
<doc>Fails if ``container`` does not contain ``item`` one or more times.</doc>
<status status="PASS" starttime="20220530 14:48:27.385" endtime="20220530 14:48:27.386"/>
</kw>
<kw name="Should Not Be Empty" library="BuiltIn">
<arg>${jsonValues}.${item}</arg>
<doc>Verifies that the given item is not empty.</doc>
<msg timestamp="20220530 14:48:27.388" level="INFO">Length is 128</msg>
<status status="PASS" starttime="20220530 14:48:27.387" endtime="20220530 14:48:27.388"/>
</kw>
<kw name="Validate Email" library="util">
<var>${email_validation_results}</var>
<arg>${jsonValues}.email</arg>
<msg timestamp="20220530 14:48:27.389" level="INFO">${email_validation_results} = valid</msg>
<status status="PASS" starttime="20220530 14:48:27.388" endtime="20220530 14:48:27.389"/>
</kw>
<kw name="Should Be Equal As Strings" library="BuiltIn">
<arg>${email_validation_results}</arg>
<arg>valid</arg>
<doc>Fails if objects are unequal after converting them to strings.</doc>
<status status="PASS" starttime="20220530 14:48:27.390" endtime="20220530 14:48:27.391"/>
</kw>
<status status="PASS" starttime="20220530 14:48:27.384" endtime="20220530 14:48:27.391"/>
</iter>
<status status="PASS" starttime="20220530 14:48:27.359" endtime="20220530 14:48:27.391"/>
</for>
<status status="PASS" starttime="20220530 14:48:27.359" endtime="20220530 14:48:27.391"/>
</iter>
<iter>
<var name="${jsonValues}">{'id': 4011, 'name': 'Prof. Aaryan Desai', 'email': 'aaryan_desai_prof@huel.net', 'gender': 'female', 'status': 'active'}</var>
<for flavor="IN">
<var>${item}</var>
<value>@{json_elements}</value>
<iter>
<var name="${item}">id</var>
<kw name="Should Contain" library="BuiltIn">
<arg>${jsonValues}</arg>
<arg>${item}</arg>
<doc>Fails if ``container`` does not contain ``item`` one or more times.</doc>
<status status="PASS" starttime="20220530 14:48:27.393" endtime="20220530 14:48:27.394"/>
</kw>
<kw name="Should Not Be Empty" library="BuiltIn">
<arg>${jsonValues}.${item}</arg>
<doc>Verifies that the given item is not empty.</doc>
<msg timestamp="20220530 14:48:27.395" level="INFO">Length is 124</msg>
<status status="PASS" starttime="20220530 14:48:27.394" endtime="20220530 14:48:27.395"/>
</kw>
<kw name="Validate Email" library="util">
<var>${email_validation_results}</var>
<arg>${jsonValues}.email</arg>
<msg timestamp="20220530 14:48:27.396" level="INFO">${email_validation_results} = valid</msg>
<status status="PASS" starttime="20220530 14:48:27.395" endtime="20220530 14:48:27.396"/>
</kw>
<kw name="Should Be Equal As Strings" library="BuiltIn">
<arg>${email_validation_results}</arg>
<arg>valid</arg>
<doc>Fails if objects are unequal after converting them to strings.</doc>
<status status="PASS" starttime="20220530 14:48:27.396" endtime="20220530 14:48:27.398"/>
</kw>
<status status="PASS" starttime="20220530 14:48:27.392" endtime="20220530 14:48:27.398"/>
</iter>
<iter>
<var name="${item}">name</var>
<kw name="Should Contain" library="BuiltIn">
<arg>${jsonValues}</arg>
<arg>${item}</arg>
<doc>Fails if ``container`` does not contain ``item`` one or more times.</doc>
<status status="PASS" starttime="20220530 14:48:27.398" endtime="20220530 14:48:27.400"/>
</kw>
<kw name="Should Not Be Empty" library="BuiltIn">
<arg>${jsonValues}.${item}</arg>
<doc>Verifies that the given item is not empty.</doc>
<msg timestamp="20220530 14:48:27.401" level="INFO">Length is 126</msg>
<status status="PASS" starttime="20220530 14:48:27.400" endtime="20220530 14:48:27.401"/>
</kw>
<kw name="Validate Email" library="util">
<var>${email_validation_results}</var>
<arg>${jsonValues}.email</arg>
<msg timestamp="20220530 14:48:27.403" level="INFO">${email_validation_results} = valid</msg>
<status status="PASS" starttime="20220530 14:48:27.402" endtime="20220530 14:48:27.403"/>
</kw>
<kw name="Should Be Equal As Strings" library="BuiltIn">
<arg>${email_validation_results}</arg>
<arg>valid</arg>
<doc>Fails if objects are unequal after converting them to strings.</doc>
<status status="PASS" starttime="20220530 14:48:27.403" endtime="20220530 14:48:27.404"/>
</kw>
<status status="PASS" starttime="20220530 14:48:27.398" endtime="20220530 14:48:27.404"/>
</iter>
<iter>
<var name="${item}">email</var>
<kw name="Should Contain" library="BuiltIn">
<arg>${jsonValues}</arg>
<arg>${item}</arg>
<doc>Fails if ``container`` does not contain ``item`` one or more times.</doc>
<status status="PASS" starttime="20220530 14:48:27.404" endtime="20220530 14:48:27.405"/>
</kw>
<kw name="Should Not Be Empty" library="BuiltIn">
<arg>${jsonValues}.${item}</arg>
<doc>Verifies that the given item is not empty.</doc>
<msg timestamp="20220530 14:48:27.406" level="INFO">Length is 127</msg>
<status status="PASS" starttime="20220530 14:48:27.405" endtime="20220530 14:48:27.406"/>
</kw>
<kw name="Validate Email" library="util">
<var>${email_validation_results}</var>
<arg>${jsonValues}.email</arg>
<msg timestamp="20220530 14:48:27.407" level="INFO">${email_validation_results} = valid</msg>
<status status="PASS" starttime="20220530 14:48:27.406" endtime="20220530 14:48:27.407"/>
</kw>
<kw name="Should Be Equal As Strings" library="BuiltIn">
<arg>${email_validation_results}</arg>
<arg>valid</arg>
<doc>Fails if objects are unequal after converting them to strings.</doc>
<status status="PASS" starttime="20220530 14:48:27.407" endtime="20220530 14:48:27.408"/>
</kw>
<status status="PASS" starttime="20220530 14:48:27.404" endtime="20220530 14:48:27.408"/>
</iter>
<iter>
<var name="${item}">gender</var>
<kw name="Should Contain" library="BuiltIn">
<arg>${jsonValues}</arg>
<arg>${item}</arg>
<doc>Fails if ``container`` does not contain ``item`` one or more times.</doc>
<status status="PASS" starttime="20220530 14:48:27.409" endtime="20220530 14:48:27.409"/>
</kw>
<kw name="Should Not Be Empty" library="BuiltIn">
<arg>${jsonValues}.${item}</arg>
<doc>Verifies that the given item is not empty.</doc>
<msg timestamp="20220530 14:48:27.411" level="INFO">Length is 128</msg>
<status status="PASS" starttime="20220530 14:48:27.410" endtime="20220530 14:48:27.411"/>
</kw>
<kw name="Validate Email" library="util">
<var>${email_validation_results}</var>
<arg>${jsonValues}.email</arg>
<msg timestamp="20220530 14:48:27.413" level="INFO">${email_validation_results} = valid</msg>
<status status="PASS" starttime="20220530 14:48:27.412" endtime="20220530 14:48:27.413"/>
</kw>
<kw name="Should Be Equal As Strings" library="BuiltIn">
<arg>${email_validation_results}</arg>
<arg>valid</arg>
<doc>Fails if objects are unequal after converting them to strings.</doc>
<status status="PASS" starttime="20220530 14:48:27.413" endtime="20220530 14:48:27.414"/>
</kw>
<status status="PASS" starttime="20220530 14:48:27.408" endtime="20220530 14:48:27.414"/>
</iter>
<iter>
<var name="${item}">status</var>
<kw name="Should Contain" library="BuiltIn">
<arg>${jsonValues}</arg>
<arg>${item}</arg>
<doc>Fails if ``container`` does not contain ``item`` one or more times.</doc>
<status status="PASS" starttime="20220530 14:48:27.414" endtime="20220530 14:48:27.415"/>
</kw>
<kw name="Should Not Be Empty" library="BuiltIn">
<arg>${jsonValues}.${item}</arg>
<doc>Verifies that the given item is not empty.</doc>
<msg timestamp="20220530 14:48:27.416" level="INFO">Length is 128</msg>
<status status="PASS" starttime="20220530 14:48:27.415" endtime="20220530 14:48:27.416"/>
</kw>
<kw name="Validate Email" library="util">
<var>${email_validation_results}</var>
<arg>${jsonValues}.email</arg>
<msg timestamp="20220530 14:48:27.417" level="INFO">${email_validation_results} = valid</msg>
<status status="PASS" starttime="20220530 14:48:27.416" endtime="20220530 14:48:27.417"/>
</kw>
<kw name="Should Be Equal As Strings" library="BuiltIn">
<arg>${email_validation_results}</arg>
<arg>valid</arg>
<doc>Fails if objects are unequal after converting them to strings.</doc>
<status status="PASS" starttime="20220530 14:48:27.417" endtime="20220530 14:48:27.418"/>
</kw>
<status status="PASS" starttime="20220530 14:48:27.414" endtime="20220530 14:48:27.418"/>
</iter>
<status status="PASS" starttime="20220530 14:48:27.392" endtime="20220530 14:48:27.418"/>
</for>
<status status="PASS" starttime="20220530 14:48:27.392" endtime="20220530 14:48:27.418"/>
</iter>
<iter>
<var name="${jsonValues}">{'id': 4009, 'name': 'Dipesh Kapoor', 'email': 'dipesh_kapoor@glover-padberg.name', 'gender': 'female', 'status': 'inactive'}</var>
<for flavor="IN">
<var>${item}</var>
<value>@{json_elements}</value>
<iter>
<var name="${item}">id</var>
<kw name="Should Contain" library="BuiltIn">
<arg>${jsonValues}</arg>
<arg>${item}</arg>
<doc>Fails if ``container`` does not contain ``item`` one or more times.</doc>
<status status="PASS" starttime="20220530 14:48:27.419" endtime="20220530 14:48:27.420"/>
</kw>
<kw name="Should Not Be Empty" library="BuiltIn">
<arg>${jsonValues}.${item}</arg>
<doc>Verifies that the given item is not empty.</doc>
<msg timestamp="20220530 14:48:27.421" level="INFO">Length is 128</msg>
<status status="PASS" starttime="20220530 14:48:27.420" endtime="20220530 14:48:27.421"/>
</kw>
<kw name="Validate Email" library="util">
<var>${email_validation_results}</var>
<arg>${jsonValues}.email</arg>
<msg timestamp="20220530 14:48:27.422" level="INFO">${email_validation_results} = valid</msg>
<status status="PASS" starttime="20220530 14:48:27.421" endtime="20220530 14:48:27.422"/>
</kw>
<kw name="Should Be Equal As Strings" library="BuiltIn">
<arg>${email_validation_results}</arg>
<arg>valid</arg>
<doc>Fails if objects are unequal after converting them to strings.</doc>
<status status="PASS" starttime="20220530 14:48:27.423" endtime="20220530 14:48:27.423"/>
</kw>
<status status="PASS" starttime="20220530 14:48:27.419" endtime="20220530 14:48:27.423"/>
</iter>
<iter>
<var name="${item}">name</var>
<kw name="Should Contain" library="BuiltIn">
<arg>${jsonValues}</arg>
<arg>${item}</arg>
<doc>Fails if ``container`` does not contain ``item`` one or more times.</doc>
<status status="PASS" starttime="20220530 14:48:27.424" endtime="20220530 14:48:27.424"/>
</kw>
<kw name="Should Not Be Empty" library="BuiltIn">
<arg>${jsonValues}.${item}</arg>
<doc>Verifies that the given item is not empty.</doc>
<msg timestamp="20220530 14:48:27.425" level="INFO">Length is 130</msg>
<status status="PASS" starttime="20220530 14:48:27.425" endtime="20220530 14:48:27.425"/>
</kw>
<kw name="Validate Email" library="util">
<var>${email_validation_results}</var>
<arg>${jsonValues}.email</arg>
<msg timestamp="20220530 14:48:27.426" level="INFO">${email_validation_results} = valid</msg>
<status status="PASS" starttime="20220530 14:48:27.426" endtime="20220530 14:48:27.426"/>
</kw>
<kw name="Should Be Equal As Strings" library="BuiltIn">
<arg>${email_validation_results}</arg>
<arg>valid</arg>
<doc>Fails if objects are unequal after converting them to strings.</doc>
<status status="PASS" starttime="20220530 14:48:27.426" endtime="20220530 14:48:27.427"/>
</kw>
<status status="PASS" starttime="20220530 14:48:27.423" endtime="20220530 14:48:27.427"/>
</iter>
<iter>
<var name="${item}">email</var>
<kw name="Should Contain" library="BuiltIn">
<arg>${jsonValues}</arg>
<arg>${item}</arg>
<doc>Fails if ``container`` does not contain ``item`` one or more times.</doc>
<status status="PASS" starttime="20220530 14:48:27.428" endtime="20220530 14:48:27.428"/>
</kw>
<kw name="Should Not Be Empty" library="BuiltIn">
<arg>${jsonValues}.${item}</arg>
<doc>Verifies that the given item is not empty.</doc>
<msg timestamp="20220530 14:48:27.429" level="INFO">Length is 131</msg>
<status status="PASS" starttime="20220530 14:48:27.429" endtime="20220530 14:48:27.429"/>
</kw>
<kw name="Validate Email" library="util">
<var>${email_validation_results}</var>
<arg>${jsonValues}.email</arg>
<msg timestamp="20220530 14:48:27.431" level="INFO">${email_validation_results} = valid</msg>
<status status="PASS" starttime="20220530 14:48:27.430" endtime="20220530 14:48:27.431"/>
</kw>
<kw name="Should Be Equal As Strings" library="BuiltIn">
<arg>${email_validation_results}</arg>
<arg>valid</arg>
<doc>Fails if objects are unequal after converting them to strings.</doc>
<status status="PASS" starttime="20220530 14:48:27.431" endtime="20220530 14:48:27.432"/>
</kw>
<status status="PASS" starttime="20220530 14:48:27.428" endtime="20220530 14:48:27.432"/>
</iter>
<iter>
<var name="${item}">gender</var>
<kw name="Should Contain" library="BuiltIn">
<arg>${jsonValues}</arg>
<arg>${item}</arg>
<doc>Fails if ``container`` does not contain ``item`` one or more times.</doc>
<status status="PASS" starttime="20220530 14:48:27.434" endtime="20220530 14:48:27.435"/>
</kw>
<kw name="Should Not Be Empty" library="BuiltIn">
<arg>${jsonValues}.${item}</arg>
<doc>Verifies that the given item is not empty.</doc>
<msg timestamp="20220530 14:48:27.437" level="INFO">Length is 132</msg>
<status status="PASS" starttime="20220530 14:48:27.435" endtime="20220530 14:48:27.437"/>
</kw>
<kw name="Validate Email" library="util">
<var>${email_validation_results}</var>
<arg>${jsonValues}.email</arg>
<msg timestamp="20220530 14:48:27.438" level="INFO">${email_validation_results} = valid</msg>
<status status="PASS" starttime="20220530 14:48:27.437" endtime="20220530 14:48:27.438"/>
</kw>
<kw name="Should Be Equal As Strings" library="BuiltIn">
<arg>${email_validation_results}</arg>
<arg>valid</arg>
<doc>Fails if objects are unequal after converting them to strings.</doc>
<status status="PASS" starttime="20220530 14:48:27.439" endtime="20220530 14:48:27.440"/>
</kw>
<status status="PASS" starttime="20220530 14:48:27.434" endtime="20220530 14:48:27.440"/>
</iter>
<iter>
<var name="${item}">status</var>
<kw name="Should Contain" library="BuiltIn">
<arg>${jsonValues}</arg>
<arg>${item}</arg>
<doc>Fails if ``container`` does not contain ``item`` one or more times.</doc>
<status status="PASS" starttime="20220530 14:48:27.440" endtime="20220530 14:48:27.441"/>
</kw>
<kw name="Should Not Be Empty" library="BuiltIn">
<arg>${jsonValues}.${item}</arg>
<doc>Verifies that the given item is not empty.</doc>
<msg timestamp="20220530 14:48:27.442" level="INFO">Length is 132</msg>
<status status="PASS" starttime="20220530 14:48:27.442" endtime="20220530 14:48:27.443"/>
</kw>
<kw name="Validate Email" library="util">
<var>${email_validation_results}</var>
<arg>${jsonValues}.email</arg>
<msg timestamp="20220530 14:48:27.443" level="INFO">${email_validation_results} = valid</msg>
<status status="PASS" starttime="20220530 14:48:27.443" endtime="20220530 14:48:27.444"/>
</kw>
<kw name="Should Be Equal As Strings" library="BuiltIn">
<arg>${email_validation_results}</arg>
<arg>valid</arg>
<doc>Fails if objects are unequal after converting them to strings.</doc>
<status status="PASS" starttime="20220530 14:48:27.444" endtime="20220530 14:48:27.445"/>
</kw>
<status status="PASS" starttime="20220530 14:48:27.440" endtime="20220530 14:48:27.445"/>
</iter>
<status status="PASS" starttime="20220530 14:48:27.419" endtime="20220530 14:48:27.445"/>
</for>
<status status="PASS" starttime="20220530 14:48:27.418" endtime="20220530 14:48:27.445"/>
</iter>
<iter>
<var name="${jsonValues}">{'id': 4007, 'name': 'Aaditya Pandey', 'email': 'pandey_aaditya@cole.info', 'gender': 'female', 'status': 'active'}</var>
<for flavor="IN">
<var>${item}</var>
<value>@{json_elements}</value>
<iter>
<var name="${item}">id</var>
<kw name="Should Contain" library="BuiltIn">
<arg>${jsonValues}</arg>
<arg>${item}</arg>
<doc>Fails if ``container`` does not contain ``item`` one or more times.</doc>
<status status="PASS" starttime="20220530 14:48:27.446" endtime="20220530 14:48:27.447"/>
</kw>
<kw name="Should Not Be Empty" library="BuiltIn">
<arg>${jsonValues}.${item}</arg>
<doc>Verifies that the given item is not empty.</doc>
<msg timestamp="20220530 14:48:27.448" level="INFO">Length is 118</msg>
<status status="PASS" starttime="20220530 14:48:27.447" endtime="20220530 14:48:27.448"/>
</kw>
<kw name="Validate Email" library="util">
<var>${email_validation_results}</var>
<arg>${jsonValues}.email</arg>
<msg timestamp="20220530 14:48:27.449" level="INFO">${email_validation_results} = valid</msg>
<status status="PASS" starttime="20220530 14:48:27.448" endtime="20220530 14:48:27.449"/>
</kw>
<kw name="Should Be Equal As Strings" library="BuiltIn">
<arg>${email_validation_results}</arg>
<arg>valid</arg>
<doc>Fails if objects are unequal after converting them to strings.</doc>
<status status="PASS" starttime="20220530 14:48:27.449" endtime="20220530 14:48:27.450"/>
</kw>
<status status="PASS" starttime="20220530 14:48:27.446" endtime="20220530 14:48:27.450"/>
</iter>
<iter>
<var name="${item}">name</var>
<kw name="Should Contain" library="BuiltIn">
<arg>${jsonValues}</arg>
<arg>${item}</arg>
<doc>Fails if ``container`` does not contain ``item`` one or more times.</doc>
<status status="PASS" starttime="20220530 14:48:27.451" endtime="20220530 14:48:27.452"/>
</kw>
<kw name="Should Not Be Empty" library="BuiltIn">
<arg>${jsonValues}.${item}</arg>
<doc>Verifies that the given item is not empty.</doc>
<msg timestamp="20220530 14:48:27.453" level="INFO">Length is 120</msg>
<status status="PASS" starttime="20220530 14:48:27.452" endtime="20220530 14:48:27.453"/>
</kw>
<kw name="Validate Email" library="util">
<var>${email_validation_results}</var>
<arg>${jsonValues}.email</arg>
<msg timestamp="20220530 14:48:27.454" level="INFO">${email_validation_results} = valid</msg>
<status status="PASS" starttime="20220530 14:48:27.453" endtime="20220530 14:48:27.454"/>
</kw>
<kw name="Should Be Equal As Strings" library="BuiltIn">
<arg>${email_validation_results}</arg>
<arg>valid</arg>
<doc>Fails if objects are unequal after converting them to strings.</doc>
<status status="PASS" starttime="20220530 14:48:27.454" endtime="20220530 14:48:27.455"/>
</kw>
<status status="PASS" starttime="20220530 14:48:27.451" endtime="20220530 14:48:27.455"/>
</iter>
<iter>
<var name="${item}">email</var>
<kw name="Should Contain" library="BuiltIn">
<arg>${jsonValues}</arg>
<arg>${item}</arg>
<doc>Fails if ``container`` does not contain ``item`` one or more times.</doc>
<status status="PASS" starttime="20220530 14:48:27.455" endtime="20220530 14:48:27.456"/>
</kw>
<kw name="Should Not Be Empty" library="BuiltIn">
<arg>${jsonValues}.${item}</arg>
<doc>Verifies that the given item is not empty.</doc>
<msg timestamp="20220530 14:48:27.457" level="INFO">Length is 121</msg>
<status status="PASS" starttime="20220530 14:48:27.456" endtime="20220530 14:48:27.457"/>
</kw>
<kw name="Validate Email" library="util">
<var>${email_validation_results}</var>
<arg>${jsonValues}.email</arg>
<msg timestamp="20220530 14:48:27.458" level="INFO">${email_validation_results} = valid</msg>
<status status="PASS" starttime="20220530 14:48:27.457" endtime="20220530 14:48:27.458"/>
</kw>
<kw name="Should Be Equal As Strings" library="BuiltIn">
<arg>${email_validation_results}</arg>
<arg>valid</arg>
<doc>Fails if objects are unequal after converting them to strings.</doc>
<status status="PASS" starttime="20220530 14:48:27.458" endtime="20220530 14:48:27.459"/>
</kw>
<status status="PASS" starttime="20220530 14:48:27.455" endtime="20220530 14:48:27.459"/>
</iter>
<iter>
<var name="${item}">gender</var>
<kw name="Should Contain" library="BuiltIn">
<arg>${jsonValues}</arg>
<arg>${item}</arg>
<doc>Fails if ``container`` does not contain ``item`` one or more times.</doc>
<status status="PASS" starttime="20220530 14:48:27.459" endtime="20220530 14:48:27.460"/>
</kw>
<kw name="Should Not Be Empty" library="BuiltIn">
<arg>${jsonValues}.${item}</arg>
<doc>Verifies that the given item is not empty.</doc>
<msg timestamp="20220530 14:48:27.461" level="INFO">Length is 122</msg>
<status status="PASS" starttime="20220530 14:48:27.460" endtime="20220530 14:48:27.461"/>
</kw>
<kw name="Validate Email" library="util">
<var>${email_validation_results}</var>
<arg>${jsonValues}.email</arg>
<msg timestamp="20220530 14:48:27.462" level="INFO">${email_validation_results} = valid</msg>
<status status="PASS" starttime="20220530 14:48:27.461" endtime="20220530 14:48:27.462"/>
</kw>
<kw name="Should Be Equal As Strings" library="BuiltIn">
<arg>${email_validation_results}</arg>
<arg>valid</arg>
<doc>Fails if objects are unequal after converting them to strings.</doc>
<status status="PASS" starttime="20220530 14:48:27.462" endtime="20220530 14:48:27.463"/>
</kw>
<status status="PASS" starttime="20220530 14:48:27.459" endtime="20220530 14:48:27.463"/>
</iter>
<iter>
<var name="${item}">status</var>
<kw name="Should Contain" library="BuiltIn">
<arg>${jsonValues}</arg>
<arg>${item}</arg>
<doc>Fails if ``container`` does not contain ``item`` one or more times.</doc>
<status status="PASS" starttime="20220530 14:48:27.463" endtime="20220530 14:48:27.464"/>
</kw>
<kw name="Should Not Be Empty" library="BuiltIn">
<arg>${jsonValues}.${item}</arg>
<doc>Verifies that the given item is not empty.</doc>
<msg timestamp="20220530 14:48:27.465" level="INFO">Length is 122</msg>
<status status="PASS" starttime="20220530 14:48:27.464" endtime="20220530 14:48:27.465"/>
</kw>
<kw name="Validate Email" library="util">
<var>${email_validation_results}</var>
<arg>${jsonValues}.email</arg>
<msg timestamp="20220530 14:48:27.466" level="INFO">${email_validation_results} = valid</msg>
<status status="PASS" starttime="20220530 14:48:27.465" endtime="20220530 14:48:27.466"/>
</kw>
<kw name="Should Be Equal As Strings" library="BuiltIn">
<arg>${email_validation_results}</arg>
<arg>valid</arg>
<doc>Fails if objects are unequal after converting them to strings.</doc>
<status status="PASS" starttime="20220530 14:48:27.466" endtime="20220530 14:48:27.467"/>
</kw>
<status status="PASS" starttime="20220530 14:48:27.463" endtime="20220530 14:48:27.467"/>
</iter>
<status status="PASS" starttime="20220530 14:48:27.445" endtime="20220530 14:48:27.467"/>
</for>
<status status="PASS" starttime="20220530 14:48:27.445" endtime="20220530 14:48:27.467"/>
</iter>
<iter>
<var name="${jsonValues}">{'id': 4006, 'name': 'Vasudev Gupta', 'email': 'gupta_vasudev@schinner.name', 'gender': 'male', 'status': 'active'}</var>
<for flavor="IN">
<var>${item}</var>
<value>@{json_elements}</value>
<iter>
<var name="${item}">id</var>
<kw name="Should Contain" library="BuiltIn">
<arg>${jsonValues}</arg>
<arg>${item}</arg>
<doc>Fails if ``container`` does not contain ``item`` one or more times.</doc>
<status status="PASS" starttime="20220530 14:48:27.468" endtime="20220530 14:48:27.469"/>
</kw>
<kw name="Should Not Be Empty" library="BuiltIn">
<arg>${jsonValues}.${item}</arg>
<doc>Verifies that the given item is not empty.</doc>
<msg timestamp="20220530 14:48:27.470" level="INFO">Length is 118</msg>
<status status="PASS" starttime="20220530 14:48:27.469" endtime="20220530 14:48:27.470"/>
</kw>
<kw name="Validate Email" library="util">
<var>${email_validation_results}</var>
<arg>${jsonValues}.email</arg>
<msg timestamp="20220530 14:48:27.471" level="INFO">${email_validation_results} = valid</msg>
<status status="PASS" starttime="20220530 14:48:27.470" endtime="20220530 14:48:27.471"/>
</kw>
<kw name="Should Be Equal As Strings" library="BuiltIn">
<arg>${email_validation_results}</arg>
<arg>valid</arg>
<doc>Fails if objects are unequal after converting them to strings.</doc>
<status status="PASS" starttime="20220530 14:48:27.471" endtime="20220530 14:48:27.472"/>
</kw>
<status status="PASS" starttime="20220530 14:48:27.468" endtime="20220530 14:48:27.472"/>
</iter>
<iter>
<var name="${item}">name</var>
<kw name="Should Contain" library="BuiltIn">
<arg>${jsonValues}</arg>
<arg>${item}</arg>
<doc>Fails if ``container`` does not contain ``item`` one or more times.</doc>
<status status="PASS" starttime="20220530 14:48:27.472" endtime="20220530 14:48:27.473"/>
</kw>
<kw name="Should Not Be Empty" library="BuiltIn">
<arg>${jsonValues}.${item}</arg>
<doc>Verifies that the given item is not empty.</doc>
<msg timestamp="20220530 14:48:27.475" level="INFO">Length is 120</msg>
<status status="PASS" starttime="20220530 14:48:27.473" endtime="20220530 14:48:27.475"/>
</kw>
<kw name="Validate Email" library="util">
<var>${email_validation_results}</var>
<arg>${jsonValues}.email</arg>
<msg timestamp="20220530 14:48:27.476" level="INFO">${email_validation_results} = valid</msg>
<status status="PASS" starttime="20220530 14:48:27.475" endtime="20220530 14:48:27.476"/>
</kw>
<kw name="Should Be Equal As Strings" library="BuiltIn">
<arg>${email_validation_results}</arg>
<arg>valid</arg>
<doc>Fails if objects are unequal after converting them to strings.</doc>
<status status="PASS" starttime="20220530 14:48:27.477" endtime="20220530 14:48:27.477"/>
</kw>
<status status="PASS" starttime="20220530 14:48:27.472" endtime="20220530 14:48:27.477"/>
</iter>
<iter>
<var name="${item}">email</var>
<kw name="Should Contain" library="BuiltIn">
<arg>${jsonValues}</arg>
<arg>${item}</arg>
<doc>Fails if ``container`` does not contain ``item`` one or more times.</doc>
<status status="PASS" starttime="20220530 14:48:27.478" endtime="20220530 14:48:27.479"/>
</kw>
<kw name="Should Not Be Empty" library="BuiltIn">
<arg>${jsonValues}.${item}</arg>
<doc>Verifies that the given item is not empty.</doc>
<msg timestamp="20220530 14:48:27.480" level="INFO">Length is 121</msg>
<status status="PASS" starttime="20220530 14:48:27.479" endtime="20220530 14:48:27.480"/>
</kw>
<kw name="Validate Email" library="util">
<var>${email_validation_results}</var>
<arg>${jsonValues}.email</arg>
<msg timestamp="20220530 14:48:27.482" level="INFO">${email_validation_results} = valid</msg>
<status status="PASS" starttime="20220530 14:48:27.480" endtime="20220530 14:48:27.482"/>
</kw>
<kw name="Should Be Equal As Strings" library="BuiltIn">
<arg>${email_validation_results}</arg>
<arg>valid</arg>
<doc>Fails if objects are unequal after converting them to strings.</doc>
<status status="PASS" starttime="20220530 14:48:27.482" endtime="20220530 14:48:27.483"/>
</kw>
<status status="PASS" starttime="20220530 14:48:27.478" endtime="20220530 14:48:27.483"/>
</iter>
<iter>
<var name="${item}">gender</var>
<kw name="Should Contain" library="BuiltIn">
<arg>${jsonValues}</arg>
<arg>${item}</arg>
<doc>Fails if ``container`` does not contain ``item`` one or more times.</doc>
<status status="PASS" starttime="20220530 14:48:27.484" endtime="20220530 14:48:27.485"/>
</kw>
<kw name="Should Not Be Empty" library="BuiltIn">
<arg>${jsonValues}.${item}</arg>
<doc>Verifies that the given item is not empty.</doc>
<msg timestamp="20220530 14:48:27.486" level="INFO">Length is 122</msg>
<status status="PASS" starttime="20220530 14:48:27.485" endtime="20220530 14:48:27.486"/>
</kw>
<kw name="Validate Email" library="util">
<var>${email_validation_results}</var>
<arg>${jsonValues}.email</arg>
<msg timestamp="20220530 14:48:27.487" level="INFO">${email_validation_results} = valid</msg>
<status status="PASS" starttime="20220530 14:48:27.486" endtime="20220530 14:48:27.487"/>
</kw>
<kw name="Should Be Equal As Strings" library="BuiltIn">
<arg>${email_validation_results}</arg>
<arg>valid</arg>
<doc>Fails if objects are unequal after converting them to strings.</doc>
<status status="PASS" starttime="20220530 14:48:27.488" endtime="20220530 14:48:27.489"/>
</kw>
<status status="PASS" starttime="20220530 14:48:27.483" endtime="20220530 14:48:27.489"/>
</iter>
<iter>
<var name="${item}">status</var>
<kw name="Should Contain" library="BuiltIn">
<arg>${jsonValues}</arg>
<arg>${item}</arg>
<doc>Fails if ``container`` does not contain ``item`` one or more times.</doc>
<status status="PASS" starttime="20220530 14:48:27.489" endtime="20220530 14:48:27.490"/>
</kw>
<kw name="Should Not Be Empty" library="BuiltIn">
<arg>${jsonValues}.${item}</arg>
<doc>Verifies that the given item is not empty.</doc>
<msg timestamp="20220530 14:48:27.492" level="INFO">Length is 122</msg>
<status status="PASS" starttime="20220530 14:48:27.491" endtime="20220530 14:48:27.492"/>
</kw>
<kw name="Validate Email" library="util">
<var>${email_validation_results}</var>
<arg>${jsonValues}.email</arg>
<msg timestamp="20220530 14:48:27.493" level="INFO">${email_validation_results} = valid</msg>
<status status="PASS" starttime="20220530 14:48:27.492" endtime="20220530 14:48:27.493"/>
</kw>
<kw name="Should Be Equal As Strings" library="BuiltIn">
<arg>${email_validation_results}</arg>
<arg>valid</arg>
<doc>Fails if objects are unequal after converting them to strings.</doc>
<status status="PASS" starttime="20220530 14:48:27.493" endtime="20220530 14:48:27.494"/>
</kw>
<status status="PASS" starttime="20220530 14:48:27.489" endtime="20220530 14:48:27.494"/>
</iter>
<status status="PASS" starttime="20220530 14:48:27.467" endtime="20220530 14:48:27.494"/>
</for>
<status status="PASS" starttime="20220530 14:48:27.467" endtime="20220530 14:48:27.494"/>
</iter>
<iter>
<var name="${jsonValues}">{'id': 4005, 'name': 'Gangesh Iyengar Ret.', 'email': 'ret_iyengar_gangesh@oconnell.name', 'gender': 'male', 'status': 'inactive'}</var>
<for flavor="IN">
<var>${item}</var>
<value>@{json_elements}</value>
<iter>
<var name="${item}">id</var>
<kw name="Should Contain" library="BuiltIn">
<arg>${jsonValues}</arg>
<arg>${item}</arg>
<doc>Fails if ``container`` does not contain ``item`` one or more times.</doc>
<status status="PASS" starttime="20220530 14:48:27.496" endtime="20220530 14:48:27.496"/>
</kw>
<kw name="Should Not Be Empty" library="BuiltIn">
<arg>${jsonValues}.${item}</arg>
<doc>Verifies that the given item is not empty.</doc>
<msg timestamp="20220530 14:48:27.497" level="INFO">Length is 133</msg>
<status status="PASS" starttime="20220530 14:48:27.497" endtime="20220530 14:48:27.497"/>
</kw>
<kw name="Validate Email" library="util">
<var>${email_validation_results}</var>
<arg>${jsonValues}.email</arg>
<msg timestamp="20220530 14:48:27.498" level="INFO">${email_validation_results} = valid</msg>
<status status="PASS" starttime="20220530 14:48:27.498" endtime="20220530 14:48:27.499"/>
</kw>
<kw name="Should Be Equal As Strings" library="BuiltIn">
<arg>${email_validation_results}</arg>
<arg>valid</arg>
<doc>Fails if objects are unequal after converting them to strings.</doc>
<status status="PASS" starttime="20220530 14:48:27.499" endtime="20220530 14:48:27.500"/>
</kw>
<status status="PASS" starttime="20220530 14:48:27.495" endtime="20220530 14:48:27.500"/>
</iter>
<iter>
<var name="${item}">name</var>
<kw name="Should Contain" library="BuiltIn">
<arg>${jsonValues}</arg>
<arg>${item}</arg>
<doc>Fails if ``container`` does not contain ``item`` one or more times.</doc>
<status status="PASS" starttime="20220530 14:48:27.500" endtime="20220530 14:48:27.501"/>
</kw>
<kw name="Should Not Be Empty" library="BuiltIn">
<arg>${jsonValues}.${item}</arg>
<doc>Verifies that the given item is not empty.</doc>
<msg timestamp="20220530 14:48:27.502" level="INFO">Length is 135</msg>
<status status="PASS" starttime="20220530 14:48:27.501" endtime="20220530 14:48:27.502"/>
</kw>
<kw name="Validate Email" library="util">
<var>${email_validation_results}</var>
<arg>${jsonValues}.email</arg>
<msg timestamp="20220530 14:48:27.503" level="INFO">${email_validation_results} = valid</msg>
<status status="PASS" starttime="20220530 14:48:27.502" endtime="20220530 14:48:27.503"/>
</kw>
<kw name="Should Be Equal As Strings" library="BuiltIn">
<arg>${email_validation_results}</arg>
<arg>valid</arg>
<doc>Fails if objects are unequal after converting them to strings.</doc>
<status status="PASS" starttime="20220530 14:48:27.503" endtime="20220530 14:48:27.504"/>
</kw>
<status status="PASS" starttime="20220530 14:48:27.500" endtime="20220530 14:48:27.504"/>
</iter>
<iter>
<var name="${item}">email</var>
<kw name="Should Contain" library="BuiltIn">
<arg>${jsonValues}</arg>
<arg>${item}</arg>
<doc>Fails if ``container`` does not contain ``item`` one or more times.</doc>
<status status="PASS" starttime="20220530 14:48:27.505" endtime="20220530 14:48:27.506"/>
</kw>
<kw name="Should Not Be Empty" library="BuiltIn">
<arg>${jsonValues}.${item}</arg>
<doc>Verifies that the given item is not empty.</doc>
<msg timestamp="20220530 14:48:27.507" level="INFO">Length is 136</msg>
<status status="PASS" starttime="20220530 14:48:27.506" endtime="20220530 14:48:27.507"/>
</kw>
<kw name="Validate Email" library="util">
<var>${email_validation_results}</var>
<arg>${jsonValues}.email</arg>
<msg timestamp="20220530 14:48:27.508" level="INFO">${email_validation_results} = valid</msg>
<status status="PASS" starttime="20220530 14:48:27.507" endtime="20220530 14:48:27.508"/>
</kw>
<kw name="Should Be Equal As Strings" library="BuiltIn">
<arg>${email_validation_results}</arg>
<arg>valid</arg>
<doc>Fails if objects are unequal after converting them to strings.</doc>
<status status="PASS" starttime="20220530 14:48:27.509" endtime="20220530 14:48:27.509"/>
</kw>
<status status="PASS" starttime="20220530 14:48:27.505" endtime="20220530 14:48:27.510"/>
</iter>
<iter>
<var name="${item}">gender</var>
<kw name="Should Contain" library="BuiltIn">
<arg>${jsonValues}</arg>
<arg>${item}</arg>
<doc>Fails if ``container`` does not contain ``item`` one or more times.</doc>
<status status="PASS" starttime="20220530 14:48:27.510" endtime="20220530 14:48:27.511"/>
</kw>
<kw name="Should Not Be Empty" library="BuiltIn">
<arg>${jsonValues}.${item}</arg>
<doc>Verifies that the given item is not empty.</doc>
<msg timestamp="20220530 14:48:27.512" level="INFO">Length is 137</msg>
<status status="PASS" starttime="20220530 14:48:27.512" endtime="20220530 14:48:27.512"/>
</kw>
<kw name="Validate Email" library="util">
<var>${email_validation_results}</var>
<arg>${jsonValues}.email</arg>
<msg timestamp="20220530 14:48:27.514" level="INFO">${email_validation_results} = valid</msg>
<status status="PASS" starttime="20220530 14:48:27.513" endtime="20220530 14:48:27.514"/>
</kw>
<kw name="Should Be Equal As Strings" library="BuiltIn">
<arg>${email_validation_results}</arg>
<arg>valid</arg>
<doc>Fails if objects are unequal after converting them to strings.</doc>
<status status="PASS" starttime="20220530 14:48:27.514" endtime="20220530 14:48:27.515"/>
</kw>
<status status="PASS" starttime="20220530 14:48:27.510" endtime="20220530 14:48:27.515"/>
</iter>
<iter>
<var name="${item}">status</var>
<kw name="Should Contain" library="BuiltIn">
<arg>${jsonValues}</arg>
<arg>${item}</arg>
<doc>Fails if ``container`` does not contain ``item`` one or more times.</doc>
<status status="PASS" starttime="20220530 14:48:27.515" endtime="20220530 14:48:27.517"/>
</kw>
<kw name="Should Not Be Empty" library="BuiltIn">
<arg>${jsonValues}.${item}</arg>
<doc>Verifies that the given item is not empty.</doc>
<msg timestamp="20220530 14:48:27.518" level="INFO">Length is 137</msg>
<status status="PASS" starttime="20220530 14:48:27.517" endtime="20220530 14:48:27.518"/>
</kw>
<kw name="Validate Email" library="util">
<var>${email_validation_results}</var>
<arg>${jsonValues}.email</arg>
<msg timestamp="20220530 14:48:27.519" level="INFO">${email_validation_results} = valid</msg>
<status status="PASS" starttime="20220530 14:48:27.519" endtime="20220530 14:48:27.519"/>
</kw>
<kw name="Should Be Equal As Strings" library="BuiltIn">
<arg>${email_validation_results}</arg>
<arg>valid</arg>
<doc>Fails if objects are unequal after converting them to strings.</doc>
<status status="PASS" starttime="20220530 14:48:27.519" endtime="20220530 14:48:27.520"/>
</kw>
<status status="PASS" starttime="20220530 14:48:27.515" endtime="20220530 14:48:27.520"/>
</iter>
<status status="PASS" starttime="20220530 14:48:27.495" endtime="20220530 14:48:27.520"/>
</for>
<status status="PASS" starttime="20220530 14:48:27.495" endtime="20220530 14:48:27.520"/>
</iter>
<iter>
<var name="${jsonValues}">{'id': 4003, 'name': 'Mrs. Deepan Panicker', 'email': 'deepan_mrs_panicker@kuhlman.org', 'gender': 'male', 'status': 'active'}</var>
<for flavor="IN">
<var>${item}</var>
<value>@{json_elements}</value>
<iter>
<var name="${item}">id</var>
<kw name="Should Contain" library="BuiltIn">
<arg>${jsonValues}</arg>
<arg>${item}</arg>
<doc>Fails if ``container`` does not contain ``item`` one or more times.</doc>
<status status="PASS" starttime="20220530 14:48:27.522" endtime="20220530 14:48:27.523"/>
</kw>
<kw name="Should Not Be Empty" library="BuiltIn">
<arg>${jsonValues}.${item}</arg>
<doc>Verifies that the given item is not empty.</doc>
<msg timestamp="20220530 14:48:27.523" level="INFO">Length is 129</msg>
<status status="PASS" starttime="20220530 14:48:27.523" endtime="20220530 14:48:27.524"/>
</kw>
<kw name="Validate Email" library="util">
<var>${email_validation_results}</var>
<arg>${jsonValues}.email</arg>
<msg timestamp="20220530 14:48:27.525" level="INFO">${email_validation_results} = valid</msg>
<status status="PASS" starttime="20220530 14:48:27.524" endtime="20220530 14:48:27.525"/>
</kw>
<kw name="Should Be Equal As Strings" library="BuiltIn">
<arg>${email_validation_results}</arg>
<arg>valid</arg>
<doc>Fails if objects are unequal after converting them to strings.</doc>
<status status="PASS" starttime="20220530 14:48:27.525" endtime="20220530 14:48:27.526"/>
</kw>
<status status="PASS" starttime="20220530 14:48:27.522" endtime="20220530 14:48:27.526"/>
</iter>
<iter>
<var name="${item}">name</var>
<kw name="Should Contain" library="BuiltIn">
<arg>${jsonValues}</arg>
<arg>${item}</arg>
<doc>Fails if ``container`` does not contain ``item`` one or more times.</doc>
<status status="PASS" starttime="20220530 14:48:27.526" endtime="20220530 14:48:27.527"/>
</kw>
<kw name="Should Not Be Empty" library="BuiltIn">
<arg>${jsonValues}.${item}</arg>
<doc>Verifies that the given item is not empty.</doc>
<msg timestamp="20220530 14:48:27.528" level="INFO">Length is 131</msg>
<status status="PASS" starttime="20220530 14:48:27.527" endtime="20220530 14:48:27.528"/>
</kw>
<kw name="Validate Email" library="util">
<var>${email_validation_results}</var>
<arg>${jsonValues}.email</arg>
<msg timestamp="20220530 14:48:27.529" level="INFO">${email_validation_results} = valid</msg>
<status status="PASS" starttime="20220530 14:48:27.528" endtime="20220530 14:48:27.529"/>
</kw>
<kw name="Should Be Equal As Strings" library="BuiltIn">
<arg>${email_validation_results}</arg>
<arg>valid</arg>
<doc>Fails if objects are unequal after converting them to strings.</doc>
<status status="PASS" starttime="20220530 14:48:27.529" endtime="20220530 14:48:27.530"/>
</kw>
<status status="PASS" starttime="20220530 14:48:27.526" endtime="20220530 14:48:27.530"/>
</iter>
<iter>
<var name="${item}">email</var>
<kw name="Should Contain" library="BuiltIn">
<arg>${jsonValues}</arg>
<arg>${item}</arg>
<doc>Fails if ``container`` does not contain ``item`` one or more times.</doc>
<status status="PASS" starttime="20220530 14:48:27.531" endtime="20220530 14:48:27.532"/>
</kw>
<kw name="Should Not Be Empty" library="BuiltIn">
<arg>${jsonValues}.${item}</arg>
<doc>Verifies that the given item is not empty.</doc>
<msg timestamp="20220530 14:48:27.533" level="INFO">Length is 132</msg>
<status status="PASS" starttime="20220530 14:48:27.532" endtime="20220530 14:48:27.533"/>
</kw>
<kw name="Validate Email" library="util">
<var>${email_validation_results}</var>
<arg>${jsonValues}.email</arg>
<msg timestamp="20220530 14:48:27.534" level="INFO">${email_validation_results} = valid</msg>
<status status="PASS" starttime="20220530 14:48:27.533" endtime="20220530 14:48:27.534"/>
</kw>
<kw name="Should Be Equal As Strings" library="BuiltIn">
<arg>${email_validation_results}</arg>
<arg>valid</arg>
<doc>Fails if objects are unequal after converting them to strings.</doc>
<status status="PASS" starttime="20220530 14:48:27.534" endtime="20220530 14:48:27.535"/>
</kw>
<status status="PASS" starttime="20220530 14:48:27.531" endtime="20220530 14:48:27.535"/>
</iter>
<iter>
<var name="${item}">gender</var>
<kw name="Should Contain" library="BuiltIn">
<arg>${jsonValues}</arg>
<arg>${item}</arg>
<doc>Fails if ``container`` does not contain ``item`` one or more times.</doc>
<status status="PASS" starttime="20220530 14:48:27.535" endtime="20220530 14:48:27.536"/>
</kw>
<kw name="Should Not Be Empty" library="BuiltIn">
<arg>${jsonValues}.${item}</arg>
<doc>Verifies that the given item is not empty.</doc>
<msg timestamp="20220530 14:48:27.537" level="INFO">Length is 133</msg>
<status status="PASS" starttime="20220530 14:48:27.536" endtime="20220530 14:48:27.537"/>
</kw>
<kw name="Validate Email" library="util">
<var>${email_validation_results}</var>
<arg>${jsonValues}.email</arg>
<msg timestamp="20220530 14:48:27.538" level="INFO">${email_validation_results} = valid</msg>
<status status="PASS" starttime="20220530 14:48:27.538" endtime="20220530 14:48:27.538"/>
</kw>
<kw name="Should Be Equal As Strings" library="BuiltIn">
<arg>${email_validation_results}</arg>
<arg>valid</arg>
<doc>Fails if objects are unequal after converting them to strings.</doc>
<status status="PASS" starttime="20220530 14:48:27.539" endtime="20220530 14:48:27.540"/>
</kw>
<status status="PASS" starttime="20220530 14:48:27.535" endtime="20220530 14:48:27.540"/>
</iter>
<iter>
<var name="${item}">status</var>
<kw name="Should Contain" library="BuiltIn">
<arg>${jsonValues}</arg>
<arg>${item}</arg>
<doc>Fails if ``container`` does not contain ``item`` one or more times.</doc>
<status status="PASS" starttime="20220530 14:48:27.541" endtime="20220530 14:48:27.541"/>
</kw>
<kw name="Should Not Be Empty" library="BuiltIn">
<arg>${jsonValues}.${item}</arg>
<doc>Verifies that the given item is not empty.</doc>
<msg timestamp="20220530 14:48:27.542" level="INFO">Length is 133</msg>
<status status="PASS" starttime="20220530 14:48:27.541" endtime="20220530 14:48:27.542"/>
</kw>
<kw name="Validate Email" library="util">
<var>${email_validation_results}</var>
<arg>${jsonValues}.email</arg>
<msg timestamp="20220530 14:48:27.543" level="INFO">${email_validation_results} = valid</msg>
<status status="PASS" starttime="20220530 14:48:27.542" endtime="20220530 14:48:27.543"/>
</kw>
<kw name="Should Be Equal As Strings" library="BuiltIn">
<arg>${email_validation_results}</arg>
<arg>valid</arg>
<doc>Fails if objects are unequal after converting them to strings.</doc>
<status status="PASS" starttime="20220530 14:48:27.543" endtime="20220530 14:48:27.544"/>
</kw>
<status status="PASS" starttime="20220530 14:48:27.540" endtime="20220530 14:48:27.544"/>
</iter>
<status status="PASS" starttime="20220530 14:48:27.521" endtime="20220530 14:48:27.544"/>
</for>
<status status="PASS" starttime="20220530 14:48:27.521" endtime="20220530 14:48:27.544"/>
</iter>
<iter>
<var name="${jsonValues}">{'id': 3998, 'name': 'Ghanaanand Talwar', 'email': 'ghanaanand_talwar@boehm-nikolaus.com', 'gender': 'female', 'status': 'active'}</var>
<for flavor="IN">
<var>${item}</var>
<value>@{json_elements}</value>
<iter>
<var name="${item}">id</var>
<kw name="Should Contain" library="BuiltIn">
<arg>${jsonValues}</arg>
<arg>${item}</arg>
<doc>Fails if ``container`` does not contain ``item`` one or more times.</doc>
<status status="PASS" starttime="20220530 14:48:27.545" endtime="20220530 14:48:27.546"/>
</kw>
<kw name="Should Not Be Empty" library="BuiltIn">
<arg>${jsonValues}.${item}</arg>
<doc>Verifies that the given item is not empty.</doc>
<msg timestamp="20220530 14:48:27.547" level="INFO">Length is 133</msg>
<status status="PASS" starttime="20220530 14:48:27.546" endtime="20220530 14:48:27.547"/>
</kw>
<kw name="Validate Email" library="util">
<var>${email_validation_results}</var>
<arg>${jsonValues}.email</arg>
<msg timestamp="20220530 14:48:27.548" level="INFO">${email_validation_results} = valid</msg>
<status status="PASS" starttime="20220530 14:48:27.547" endtime="20220530 14:48:27.548"/>
</kw>
<kw name="Should Be Equal As Strings" library="BuiltIn">
<arg>${email_validation_results}</arg>
<arg>valid</arg>
<doc>Fails if objects are unequal after converting them to strings.</doc>
<status status="PASS" starttime="20220530 14:48:27.548" endtime="20220530 14:48:27.549"/>
</kw>
<status status="PASS" starttime="20220530 14:48:27.545" endtime="20220530 14:48:27.549"/>
</iter>
<iter>
<var name="${item}">name</var>
<kw name="Should Contain" library="BuiltIn">
<arg>${jsonValues}</arg>
<arg>${item}</arg>
<doc>Fails if ``container`` does not contain ``item`` one or more times.</doc>
<status status="PASS" starttime="20220530 14:48:27.550" endtime="20220530 14:48:27.550"/>
</kw>
<kw name="Should Not Be Empty" library="BuiltIn">
<arg>${jsonValues}.${item}</arg>
<doc>Verifies that the given item is not empty.</doc>
<msg timestamp="20220530 14:48:27.551" level="INFO">Length is 135</msg>
<status status="PASS" starttime="20220530 14:48:27.551" endtime="20220530 14:48:27.551"/>
</kw>
<kw name="Validate Email" library="util">
<var>${email_validation_results}</var>
<arg>${jsonValues}.email</arg>
<msg timestamp="20220530 14:48:27.552" level="INFO">${email_validation_results} = valid</msg>
<status status="PASS" starttime="20220530 14:48:27.552" endtime="20220530 14:48:27.552"/>
</kw>
<kw name="Should Be Equal As Strings" library="BuiltIn">
<arg>${email_validation_results}</arg>
<arg>valid</arg>
<doc>Fails if objects are unequal after converting them to strings.</doc>
<status status="PASS" starttime="20220530 14:48:27.553" endtime="20220530 14:48:27.553"/>
</kw>
<status status="PASS" starttime="20220530 14:48:27.549" endtime="20220530 14:48:27.553"/>
</iter>
<iter>
<var name="${item}">email</var>
<kw name="Should Contain" library="BuiltIn">
<arg>${jsonValues}</arg>
<arg>${item}</arg>
<doc>Fails if ``container`` does not contain ``item`` one or more times.</doc>
<status status="PASS" starttime="20220530 14:48:27.554" endtime="20220530 14:48:27.555"/>
</kw>
<kw name="Should Not Be Empty" library="BuiltIn">
<arg>${jsonValues}.${item}</arg>
<doc>Verifies that the given item is not empty.</doc>
<msg timestamp="20220530 14:48:27.555" level="INFO">Length is 136</msg>
<status status="PASS" starttime="20220530 14:48:27.555" endtime="20220530 14:48:27.556"/>
</kw>
<kw name="Validate Email" library="util">
<var>${email_validation_results}</var>
<arg>${jsonValues}.email</arg>
<msg timestamp="20220530 14:48:27.557" level="INFO">${email_validation_results} = valid</msg>
<status status="PASS" starttime="20220530 14:48:27.556" endtime="20220530 14:48:27.557"/>
</kw>
<kw name="Should Be Equal As Strings" library="BuiltIn">
[...]
</kw>
<kw name="Patch Request" library="RequestsLibrary">
<var>${response}</var>
<arg>testsession</arg>
<arg>/users/abc</arg>
<arg>data=${post_data}</arg>
<arg>headers=${header}</arg>
<doc>*DEPRECATED* Please use `PATCH On Session` instead.</doc>
<msg timestamp="20220530 14:48:28.495" level="WARN">Keyword 'RequestsLibrary.Patch Request' is deprecated. Please use `PATCH On Session` instead.</msg>
<msg timestamp="20220530 14:48:28.572" level="INFO">PATCH Request : url=https://gorest.co.in/public/v2/users/abc 
 path_url=/public/v2/users/abc 
 headers={'User-Agent': 'python-requests/2.27.1', 'Accept-Encoding': 'gzip, deflate', 'Accept': '*/*', 'Connection': 'keep-alive', 'Authorization': 'Bearer dd71a83f4d33aec0f179fdf1476c0d1d6e1e82e6e7050432de18eb6fe3fade7e', 'Content-Type': 'application/json', 'Content-Length': '90'} 
 body={"name": "Raj61388", "gender": "male", "email": "test61388@gmail.com", "status": "active"} 
 </msg>
<msg timestamp="20220530 14:48:28.572" level="INFO">PATCH Response : url=https://gorest.co.in/public/v2/users/abc 
 status=404, reason=Not Found 
 headers={'Server': 'nginx', 'Date': 'Mon, 30 May 2022 09:18:16 GMT', 'Content-Type': 'application/json; charset=utf-8', 'Transfer-Encoding': 'chunked', 'Connection': 'keep-alive', 'Vary': 'Accept-Encoding, Origin', 'X-Frame-Options': 'SAMEORIGIN', 'X-XSS-Protection': '0', 'X-Content-Type-Options': 'nosniff', 'X-Download-Options': 'noopen', 'X-Permitted-Cross-Domain-Policies': 'none', 'Referrer-Policy': 'strict-origin-when-cross-origin', 'X-RateLimit-Limit': '90', 'X-RateLimit-Remaining': '87', 'X-RateLimit-Reset': '3', 'Cache-Control': 'no-cache', 'X-Request-Id': 'd013ee3a-24f2-4c2d-b590-58bd8c5823c4', 'X-Runtime': '0.015409', 'Strict-Transport-Security': 'max-age=63072000; includeSubDomains', 'Content-Encoding': 'gzip'} 
 body={"message":"Resource not found"} 
 </msg>
<msg timestamp="20220530 14:48:28.572" level="INFO">E:\Python310\lib\site-packages\urllib3\connectionpool.py:1043: InsecureRequestWarning: Unverified HTTPS request is being made to host 'gorest.co.in'. Adding certificate verification is strongly advised. See: https://urllib3.readthedocs.io/en/1.26.x/advanced-usage.html#ssl-warnings
  warnings.warn(</msg>
<msg timestamp="20220530 14:48:28.580" level="INFO">${response} = &lt;Response [404]&gt;</msg>
<status status="PASS" starttime="20220530 14:48:28.495" endtime="20220530 14:48:28.581"/>
</kw>
<kw name="Convert To String" library="BuiltIn">
<var>${response_code}</var>
<arg>${response.status_code}</arg>
<doc>Converts the given item to a Unicode string.</doc>
<msg timestamp="20220530 14:48:28.583" level="INFO">${response_code} = 404</msg>
<status status="PASS" starttime="20220530 14:48:28.581" endtime="20220530 14:48:28.583"/>
</kw>
<kw name="Should Be Equal" library="BuiltIn">
<arg>${response_code}</arg>
<arg>404</arg>
<doc>Fails if the given objects are unequal.</doc>
<status status="PASS" starttime="20220530 14:48:28.584" endtime="20220530 14:48:28.585"/>
</kw>
<kw name="Convert To String" library="BuiltIn">
<var>${response_body}</var>
<arg>${response.content}</arg>
<doc>Converts the given item to a Unicode string.</doc>
<msg timestamp="20220530 14:48:28.587" level="INFO">${response_body} = {"message":"Resource not found"}</msg>
<status status="PASS" starttime="20220530 14:48:28.585" endtime="20220530 14:48:28.587"/>
</kw>
<kw name="Should Contain" library="BuiltIn">
<arg>${response_body}</arg>
<arg>Resource not found</arg>
<doc>Fails if ``container`` does not contain ``item`` one or more times.</doc>
<status status="PASS" starttime="20220530 14:48:28.588" endtime="20220530 14:48:28.588"/>
</kw>
<kw name="Create Dictionary" library="BuiltIn">
<var>${header}</var>
<arg>Authorization=${access_token_invalid}</arg>
<arg>Content-Type=application/json</arg>
<doc>Creates and returns a dictionary based on the given ``items``.</doc>
<msg timestamp="20220530 14:48:28.590" level="INFO">${header} = {'Authorization': 'Bearer 0071a83f4d33aec0f179fdf1476c0d1d6e1e82e6e7050432de18eb6fe3fade7e', 'Content-Type': 'application/json'}</msg>
<status status="PASS" starttime="20220530 14:48:28.589" endtime="20220530 14:48:28.590"/>
</kw>
<kw name="Evaluate" library="BuiltIn">
<var>${numbers}</var>
<arg>random.sample(range(1, 110000), 4)</arg>
<arg>random</arg>
<doc>Evaluates the given expression in Python and returns the result.</doc>
<msg timestamp="20220530 14:48:28.592" level="INFO">${numbers} = [28181, 86910, 8474, 50961]</msg>
<status status="PASS" starttime="20220530 14:48:28.591" endtime="20220530 14:48:28.592"/>
</kw>
<kw name="Create Dictionary" library="BuiltIn">
<var>${post_data}</var>
<arg>name=Raj${numbers[0]}</arg>
<arg>gender=male</arg>
<arg>email=test${numbers[0]}@gmail.com</arg>
<arg>status=active</arg>
<doc>Creates and returns a dictionary based on the given ``items``.</doc>
<msg timestamp="20220530 14:48:28.596" level="INFO">${post_data} = {'name': 'Raj28181', 'gender': 'male', 'email': 'test28181@gmail.com', 'status': 'active'}</msg>
<status status="PASS" starttime="20220530 14:48:28.592" endtime="20220530 14:48:28.596"/>
</kw>
<kw name="Patch Request" library="RequestsLibrary">
<var>${response}</var>
<arg>testsession</arg>
<arg>/users/${customer_id}[0]</arg>
<arg>data=${post_data}</arg>
<arg>headers=${header}</arg>
<doc>*DEPRECATED* Please use `PATCH On Session` instead.</doc>
<msg timestamp="20220530 14:48:28.597" level="WARN">Keyword 'RequestsLibrary.Patch Request' is deprecated. Please use `PATCH On Session` instead.</msg>
<msg timestamp="20220530 14:48:28.653" level="INFO">PATCH Request : url=https://gorest.co.in/public/v2/users/5034 
 path_url=/public/v2/users/5034 
 headers={'User-Agent': 'python-requests/2.27.1', 'Accept-Encoding': 'gzip, deflate', 'Accept': '*/*', 'Connection': 'keep-alive', 'Authorization': 'Bearer 0071a83f4d33aec0f179fdf1476c0d1d6e1e82e6e7050432de18eb6fe3fade7e', 'Content-Type': 'application/json', 'Content-Length': '90'} 
 body={"name": "Raj28181", "gender": "male", "email": "test28181@gmail.com", "status": "active"} 
 </msg>
<msg timestamp="20220530 14:48:28.653" level="INFO">PATCH Response : url=https://gorest.co.in/public/v2/users/5034 
 status=404, reason=Not Found 
 headers={'Server': 'nginx', 'Date': 'Mon, 30 May 2022 09:18:16 GMT', 'Content-Type': 'application/json; charset=utf-8', 'Transfer-Encoding': 'chunked', 'Connection': 'keep-alive', 'Vary': 'Accept-Encoding, Origin', 'X-Frame-Options': 'SAMEORIGIN', 'X-XSS-Protection': '0', 'X-Content-Type-Options': 'nosniff', 'X-Download-Options': 'noopen', 'X-Permitted-Cross-Domain-Policies': 'none', 'Referrer-Policy': 'strict-origin-when-cross-origin', 'Cache-Control': 'no-cache', 'X-Request-Id': 'c3292e9a-1d61-4341-ab60-62f5de5b5924', 'X-Runtime': '0.004254', 'Strict-Transport-Security': 'max-age=63072000; includeSubDomains', 'Content-Encoding': 'gzip'} 
 body={"message":"Resource not found"} 
 </msg>
<msg timestamp="20220530 14:48:28.653" level="INFO">E:\Python310\lib\site-packages\urllib3\connectionpool.py:1043: InsecureRequestWarning: Unverified HTTPS request is being made to host 'gorest.co.in'. Adding certificate verification is strongly advised. See: https://urllib3.readthedocs.io/en/1.26.x/advanced-usage.html#ssl-warnings
  warnings.warn(</msg>
<msg timestamp="20220530 14:48:28.656" level="INFO">${response} = &lt;Response [404]&gt;</msg>
<status status="PASS" starttime="20220530 14:48:28.597" endtime="20220530 14:48:28.656"/>
</kw>
<kw name="Convert To String" library="BuiltIn">
<var>${response_body}</var>
<arg>${response.content}</arg>
<doc>Converts the given item to a Unicode string.</doc>
<msg timestamp="20220530 14:48:28.659" level="INFO">${response_body} = {"message":"Resource not found"}</msg>
<status status="PASS" starttime="20220530 14:48:28.657" endtime="20220530 14:48:28.659"/>
</kw>
<kw name="Convert To String" library="BuiltIn">
<var>${response_code}</var>
<arg>${response.status_code}</arg>
<doc>Converts the given item to a Unicode string.</doc>
<msg timestamp="20220530 14:48:28.661" level="INFO">${response_code} = 404</msg>
<status status="PASS" starttime="20220530 14:48:28.659" endtime="20220530 14:48:28.661"/>
</kw>
<kw name="Should Be Equal" library="BuiltIn">
<arg>${response_code}</arg>
<arg>401</arg>
<doc>Fails if the given objects are unequal.</doc>
<msg timestamp="20220530 14:48:28.664" level="FAIL">404 != 401</msg>
<status status="FAIL" starttime="20220530 14:48:28.662" endtime="20220530 14:48:28.664"/>
</kw>
<doc>Validate GoRest Patch call</doc>
<tag>GoRestFunctional</tag>
<status status="FAIL" starttime="20220530 14:48:28.303" endtime="20220530 14:48:28.666">404 != 401</status>
</test>
<test id="s1-t4" name="TC4:Delete User" line="121">
<kw name="Create Session" library="RequestsLibrary">
<arg>testsession</arg>
<arg>${base_url}</arg>
<doc>Create Session: create a HTTP session to a server</doc>
<msg timestamp="20220530 14:48:28.670" level="INFO">Creating Session using : alias=testsession, url=https://gorest.co.in/public/v2, headers={},                     cookies={}, auth=None, timeout=None, proxies=None, verify=False,                     debug=0 </msg>
<status status="PASS" starttime="20220530 14:48:28.669" endtime="20220530 14:48:28.670"/>
</kw>
<kw name="Create Dictionary" library="BuiltIn">
<var>${header}</var>
<arg>Authorization=${access_token}</arg>
<arg>Content-Type=application/json</arg>
<doc>Creates and returns a dictionary based on the given ``items``.</doc>
<msg timestamp="20220530 14:48:28.672" level="INFO">${header} = {'Authorization': 'Bearer dd71a83f4d33aec0f179fdf1476c0d1d6e1e82e6e7050432de18eb6fe3fade7e', 'Content-Type': 'application/json'}</msg>
<status status="PASS" starttime="20220530 14:48:28.671" endtime="20220530 14:48:28.672"/>
</kw>
<kw name="Delete Request" library="RequestsLibrary">
<var>${response}</var>
<arg>testsession</arg>
<arg>/users/${customer_id}[0]</arg>
<arg>headers=${header}</arg>
<doc>*DEPRECATED* Please use `DELETE On Session` instead.</doc>
<msg timestamp="20220530 14:48:28.673" level="WARN">Keyword 'RequestsLibrary.Delete Request' is deprecated. Please use `DELETE On Session` instead.</msg>
<msg timestamp="20220530 14:48:28.828" level="INFO">DELETE Request : url=https://gorest.co.in/public/v2/users/5034 
 path_url=/public/v2/users/5034 
 headers={'User-Agent': 'python-requests/2.27.1', 'Accept-Encoding': 'gzip, deflate', 'Accept': '*/*', 'Connection': 'keep-alive', 'Authorization': 'Bearer dd71a83f4d33aec0f179fdf1476c0d1d6e1e82e6e7050432de18eb6fe3fade7e', 'Content-Type': 'application/json', 'Content-Length': '0'} 
 body=None 
 </msg>
<msg timestamp="20220530 14:48:28.828" level="INFO">DELETE Response : url=https://gorest.co.in/public/v2/users/5034 
 status=204, reason=No Content 
 headers={'Server': 'nginx', 'Date': 'Mon, 30 May 2022 09:18:16 GMT', 'Connection': 'keep-alive', 'X-Frame-Options': 'SAMEORIGIN', 'X-XSS-Protection': '0', 'X-Content-Type-Options': 'nosniff', 'X-Download-Options': 'noopen', 'X-Permitted-Cross-Domain-Policies': 'none', 'Referrer-Policy': 'strict-origin-when-cross-origin', 'X-RateLimit-Limit': '90', 'X-RateLimit-Remaining': '86', 'X-RateLimit-Reset': '4', 'Cache-Control': 'no-cache', 'X-Request-Id': '678a6a54-5c1f-4be4-92d2-294393f25197', 'X-Runtime': '0.023058', 'Strict-Transport-Security': 'max-age=63072000; includeSubDomains', 'Vary': 'Origin'} 
 body=None 
 </msg>
<msg timestamp="20220530 14:48:28.828" level="INFO">E:\Python310\lib\site-packages\urllib3\connectionpool.py:1043: InsecureRequestWarning: Unverified HTTPS request is being made to host 'gorest.co.in'. Adding certificate verification is strongly advised. See: https://urllib3.readthedocs.io/en/1.26.x/advanced-usage.html#ssl-warnings
  warnings.warn(</msg>
<msg timestamp="20220530 14:48:28.829" level="INFO">${response} = &lt;Response [204]&gt;</msg>
<status status="PASS" starttime="20220530 14:48:28.673" endtime="20220530 14:48:28.829"/>
</kw>
<kw name="Convert To String" library="BuiltIn">
<var>${response_body}</var>
<arg>${response.content}</arg>
<doc>Converts the given item to a Unicode string.</doc>
<msg timestamp="20220530 14:48:28.832" level="INFO">${response_body} = </msg>
<status status="PASS" starttime="20220530 14:48:28.830" endtime="20220530 14:48:28.832"/>
</kw>
<kw name="Log To Console" library="BuiltIn">
<arg>${response.status_code}</arg>
<doc>Logs the given message to the console.</doc>
<status status="PASS" starttime="20220530 14:48:28.833" endtime="20220530 14:48:28.835"/>
</kw>
<kw name="Log To Console" library="BuiltIn">
<arg>${response.content}</arg>
<doc>Logs the given message to the console.</doc>
<status status="PASS" starttime="20220530 14:48:28.835" endtime="20220530 14:48:28.837"/>
</kw>
<kw name="Convert To String" library="BuiltIn">
<var>${response_code}</var>
<arg>${response.status_code}</arg>
<doc>Converts the given item to a Unicode string.</doc>
<msg timestamp="20220530 14:48:28.840" level="INFO">${response_code} = 204</msg>
<status status="PASS" starttime="20220530 14:48:28.838" endtime="20220530 14:48:28.840"/>
</kw>
<kw name="Should Be Equal" library="BuiltIn">
<arg>${response_code}</arg>
<arg>204</arg>
<doc>Fails if the given objects are unequal.</doc>
<status status="PASS" starttime="20220530 14:48:28.841" endtime="20220530 14:48:28.842"/>
</kw>
<kw name="Create Dictionary" library="BuiltIn">
<var>${header}</var>
<arg>Authorization=${access_token_invalid}</arg>
<arg>Content-Type=application/json</arg>
<doc>Creates and returns a dictionary based on the given ``items``.</doc>
<msg timestamp="20220530 14:48:28.845" level="INFO">${header} = {'Authorization': 'Bearer 0071a83f4d33aec0f179fdf1476c0d1d6e1e82e6e7050432de18eb6fe3fade7e', 'Content-Type': 'application/json'}</msg>
<status status="PASS" starttime="20220530 14:48:28.843" endtime="20220530 14:48:28.845"/>
</kw>
<kw name="Delete Request" library="RequestsLibrary">
<var>${response}</var>
<arg>testsession</arg>
<arg>/users/${customer_id}[0]</arg>
<arg>headers=${header}</arg>
<doc>*DEPRECATED* Please use `DELETE On Session` instead.</doc>
<msg timestamp="20220530 14:48:28.846" level="WARN">Keyword 'RequestsLibrary.Delete Request' is deprecated. Please use `DELETE On Session` instead.</msg>
<msg timestamp="20220530 14:48:28.910" level="INFO">DELETE Request : url=https://gorest.co.in/public/v2/users/5034 
 path_url=/public/v2/users/5034 
 headers={'User-Agent': 'python-requests/2.27.1', 'Accept-Encoding': 'gzip, deflate', 'Accept': '*/*', 'Connection': 'keep-alive', 'Authorization': 'Bearer 0071a83f4d33aec0f179fdf1476c0d1d6e1e82e6e7050432de18eb6fe3fade7e', 'Content-Type': 'application/json', 'Content-Length': '0'} 
 body=None 
 </msg>
<msg timestamp="20220530 14:48:28.910" level="INFO">DELETE Response : url=https://gorest.co.in/public/v2/users/5034 
 status=404, reason=Not Found 
 headers={'Server': 'nginx', 'Date': 'Mon, 30 May 2022 09:18:16 GMT', 'Content-Type': 'application/json; charset=utf-8', 'Transfer-Encoding': 'chunked', 'Connection': 'keep-alive', 'Vary': 'Accept-Encoding, Origin', 'X-Frame-Options': 'SAMEORIGIN', 'X-XSS-Protection': '0', 'X-Content-Type-Options': 'nosniff', 'X-Download-Options': 'noopen', 'X-Permitted-Cross-Domain-Policies': 'none', 'Referrer-Policy': 'strict-origin-when-cross-origin', 'Cache-Control': 'no-cache', 'X-Request-Id': '89ba59cd-c5c9-44d6-aa24-55a594a89da6', 'X-Runtime': '0.004595', 'Strict-Transport-Security': 'max-age=63072000; includeSubDomains', 'Content-Encoding': 'gzip'} 
 body={"message":"Resource not found"} 
 </msg>
<msg timestamp="20220530 14:48:28.911" level="INFO">E:\Python310\lib\site-packages\urllib3\connectionpool.py:1043: InsecureRequestWarning: Unverified HTTPS request is being made to host 'gorest.co.in'. Adding certificate verification is strongly advised. See: https://urllib3.readthedocs.io/en/1.26.x/advanced-usage.html#ssl-warnings
  warnings.warn(</msg>
<msg timestamp="20220530 14:48:28.911" level="INFO">${response} = &lt;Response [404]&gt;</msg>
<status status="PASS" starttime="20220530 14:48:28.846" endtime="20220530 14:48:28.912"/>
</kw>
<kw name="Convert To String" library="BuiltIn">
<var>${response_body}</var>
<arg>${response.content}</arg>
<doc>Converts the given item to a Unicode string.</doc>
<msg timestamp="20220530 14:48:28.915" level="INFO">${response_body} = {"message":"Resource not found"}</msg>
<status status="PASS" starttime="20220530 14:48:28.912" endtime="20220530 14:48:28.915"/>
</kw>
<kw name="Log To Console" library="BuiltIn">
<arg>${response.status_code}</arg>
<doc>Logs the given message to the console.</doc>
<status status="PASS" starttime="20220530 14:48:28.916" endtime="20220530 14:48:28.918"/>
</kw>
<kw name="Log To Console" library="BuiltIn">
<arg>${response.content}</arg>
<doc>Logs the given message to the console.</doc>
<status status="PASS" starttime="20220530 14:48:28.919" endtime="20220530 14:48:28.921"/>
</kw>
<kw name="Convert To String" library="BuiltIn">
<var>${response_code}</var>
<arg>${response.status_code}</arg>
<doc>Converts the given item to a Unicode string.</doc>
<msg timestamp="20220530 14:48:28.924" level="INFO">${response_code} = 404</msg>
<status status="PASS" starttime="20220530 14:48:28.922" endtime="20220530 14:48:28.924"/>
</kw>
<kw name="Should Be Equal" library="BuiltIn">
<arg>${response_code}</arg>
<arg>401</arg>
<doc>Fails if the given objects are unequal.</doc>
<msg timestamp="20220530 14:48:28.926" level="FAIL">404 != 401</msg>
<status status="FAIL" starttime="20220530 14:48:28.925" endtime="20220530 14:48:28.926"/>
</kw>
<doc>Validate GoRest Delete call</doc>
<tag>GoRestFunctional</tag>
<status status="FAIL" starttime="20220530 14:48:28.668" endtime="20220530 14:48:28.928">404 != 401</status>
</test>
<status status="FAIL" starttime="20220530 14:48:26.219" endtime="20220530 14:48:28.931"/>
</suite>
<statistics>
<total>
<stat pass="2" fail="2" skip="0">All Tests</stat>
</total>
<tag>
<stat pass="2" fail="2" skip="0">GoRestFunctional</stat>
</tag>
<suite>
<stat pass="2" fail="2" skip="0" id="s1" name="TC1 GoRestValidation">TC1 GoRestValidation</stat>
</suite>
</statistics>
<errors>
<msg timestamp="20220530 14:48:27.151" level="WARN">Keyword 'RequestsLibrary.To Json' is deprecated. Please use ${resp.json()} instead. Have a look at the improved HTML output as pretty printing replacement.</msg>
<msg timestamp="20220530 14:48:27.160" level="WARN">Keyword 'RequestsLibrary.Get Request' is deprecated. Please use `GET On Session` instead.</msg>
<msg timestamp="20220530 14:48:27.248" level="WARN">Keyword 'RequestsLibrary.Get Request' is deprecated. Please use `GET On Session` instead.</msg>
<msg timestamp="20220530 14:48:27.878" level="WARN">Keyword 'RequestsLibrary.Post Request' is deprecated. Please use `POST On Session` instead.</msg>
<msg timestamp="20220530 14:48:28.033" level="WARN">Keyword 'RequestsLibrary.To Json' is deprecated. Please use ${resp.json()} instead. Have a look at the improved HTML output as pretty printing replacement.</msg>
<msg timestamp="20220530 14:48:28.131" level="WARN">Keyword 'RequestsLibrary.Post Request' is deprecated. Please use `POST On Session` instead.</msg>
<msg timestamp="20220530 14:48:28.199" level="WARN">Keyword 'RequestsLibrary.Post Request' is deprecated. Please use `POST On Session` instead.</msg>
<msg timestamp="20220530 14:48:28.325" level="WARN">Keyword 'RequestsLibrary.Patch Request' is deprecated. Please use `PATCH On Session` instead.</msg>
<msg timestamp="20220530 14:48:28.495" level="WARN">Keyword 'RequestsLibrary.Patch Request' is deprecated. Please use `PATCH On Session` instead.</msg>
<msg timestamp="20220530 14:48:28.597" level="WARN">Keyword 'RequestsLibrary.Patch Request' is deprecated. Please use `PATCH On Session` instead.</msg>
<msg timestamp="20220530 14:48:28.673" level="WARN">Keyword 'RequestsLibrary.Delete Request' is deprecated. Please use `DELETE On Session` instead.</msg>
<msg timestamp="20220530 14:48:28.846" level="WARN">Keyword 'RequestsLibrary.Delete Request' is deprecated. Please use `DELETE On Session` instead.</msg>
</errors>
</robot>
